{"total": {"lines":{"total":3335,"covered":905,"skipped":0,"pct":27.13},"statements":{"total":3474,"covered":924,"skipped":0,"pct":26.59},"functions":{"total":840,"covered":124,"skipped":0,"pct":14.76},"branches":{"total":1595,"covered":114,"skipped":0,"pct":7.14},"branchesTrue":{"total":0,"covered":0,"skipped":0,"pct":100}}
,"C:\\Users\\JackelineR\\OneDrive\\Escritorio\\proyecto\\uniconnect-backend\\src\\app.ts": {"lines":{"total":40,"covered":40,"skipped":0,"pct":100},"functions":{"total":3,"covered":2,"skipped":0,"pct":66.66},"statements":{"total":41,"covered":40,"skipped":0,"pct":97.56},"branches":{"total":4,"covered":3,"skipped":0,"pct":75}}
,"C:\\Users\\JackelineR\\OneDrive\\Escritorio\\proyecto\\uniconnect-backend\\src\\container.ts": {"lines":{"total":76,"covered":76,"skipped":0,"pct":100},"functions":{"total":0,"covered":0,"skipped":0,"pct":100},"statements":{"total":76,"covered":76,"skipped":0,"pct":100},"branches":{"total":0,"covered":0,"skipped":0,"pct":100}}
,"C:\\Users\\JackelineR\\OneDrive\\Escritorio\\proyecto\\uniconnect-backend\\src\\docs\\swagger.ts": {"lines":{"total":3,"covered":3,"skipped":0,"pct":100},"functions":{"total":0,"covered":0,"skipped":0,"pct":100},"statements":{"total":3,"covered":3,"skipped":0,"pct":100},"branches":{"total":0,"covered":0,"skipped":0,"pct":100}}
,"C:\\Users\\JackelineR\\OneDrive\\Escritorio\\proyecto\\uniconnect-backend\\src\\domain\\contracts.ts": {"lines":{"total":3,"covered":3,"skipped":0,"pct":100},"functions":{"total":0,"covered":0,"skipped":0,"pct":100},"statements":{"total":3,"covered":3,"skipped":0,"pct":100},"branches":{"total":0,"covered":0,"skipped":0,"pct":100}}
,"C:\\Users\\JackelineR\\OneDrive\\Escritorio\\proyecto\\uniconnect-backend\\src\\domain\\recursos\\RecursoBase.ts": {"lines":{"total":6,"covered":1,"skipped":0,"pct":16.66},"functions":{"total":3,"covered":0,"skipped":0,"pct":0},"statements":{"total":6,"covered":1,"skipped":0,"pct":16.66},"branches":{"total":1,"covered":0,"skipped":0,"pct":0}}
,"C:\\Users\\JackelineR\\OneDrive\\Escritorio\\proyecto\\uniconnect-backend\\src\\domain\\recursos\\RecursoDecorator.ts": {"lines":{"total":4,"covered":0,"skipped":0,"pct":0},"functions":{"total":3,"covered":0,"skipped":0,"pct":0},"statements":{"total":4,"covered":0,"skipped":0,"pct":0},"branches":{"total":0,"covered":0,"skipped":0,"pct":100}}
,"C:\\Users\\JackelineR\\OneDrive\\Escritorio\\proyecto\\uniconnect-backend\\src\\domain\\recursos\\decorators\\RecursoConComentarios.ts": {"lines":{"total":6,"covered":0,"skipped":0,"pct":0},"functions":{"total":2,"covered":0,"skipped":0,"pct":0},"statements":{"total":6,"covered":0,"skipped":0,"pct":0},"branches":{"total":2,"covered":0,"skipped":0,"pct":0}}
,"C:\\Users\\JackelineR\\OneDrive\\Escritorio\\proyecto\\uniconnect-backend\\src\\domain\\recursos\\decorators\\RecursoConEtiquetas.ts": {"lines":{"total":6,"covered":0,"skipped":0,"pct":0},"functions":{"total":2,"covered":0,"skipped":0,"pct":0},"statements":{"total":6,"covered":0,"skipped":0,"pct":0},"branches":{"total":2,"covered":0,"skipped":0,"pct":0}}
,"C:\\Users\\JackelineR\\OneDrive\\Escritorio\\proyecto\\uniconnect-backend\\src\\domain\\recursos\\decorators\\RecursoConValoracion.ts": {"lines":{"total":7,"covered":0,"skipped":0,"pct":0},"functions":{"total":2,"covered":0,"skipped":0,"pct":0},"statements":{"total":7,"covered":0,"skipped":0,"pct":0},"branches":{"total":2,"covered":0,"skipped":0,"pct":0}}
,"C:\\Users\\JackelineR\\OneDrive\\Escritorio\\proyecto\\uniconnect-backend\\src\\infrastructure\\database\\prisma-client.ts": {"lines":{"total":3,"covered":0,"skipped":0,"pct":0},"functions":{"total":0,"covered":0,"skipped":0,"pct":100},"statements":{"total":3,"covered":0,"skipped":0,"pct":0},"branches":{"total":0,"covered":0,"skipped":0,"pct":100}}
,"C:\\Users\\JackelineR\\OneDrive\\Escritorio\\proyecto\\uniconnect-backend\\src\\lib\\auth.ts": {"lines":{"total":25,"covered":0,"skipped":0,"pct":0},"functions":{"total":5,"covered":0,"skipped":0,"pct":0},"statements":{"total":25,"covered":0,"skipped":0,"pct":0},"branches":{"total":12,"covered":0,"skipped":0,"pct":0}}
,"C:\\Users\\JackelineR\\OneDrive\\Escritorio\\proyecto\\uniconnect-backend\\src\\lib\\cloudinary.ts": {"lines":{"total":3,"covered":3,"skipped":0,"pct":100},"functions":{"total":1,"covered":0,"skipped":0,"pct":0},"statements":{"total":3,"covered":3,"skipped":0,"pct":100},"branches":{"total":0,"covered":0,"skipped":0,"pct":100}}
,"C:\\Users\\JackelineR\\OneDrive\\Escritorio\\proyecto\\uniconnect-backend\\src\\lib\\handler.ts": {"lines":{"total":6,"covered":0,"skipped":0,"pct":0},"functions":{"total":4,"covered":0,"skipped":0,"pct":0},"statements":{"total":6,"covered":0,"skipped":0,"pct":0},"branches":{"total":4,"covered":0,"skipped":0,"pct":0}}
,"C:\\Users\\JackelineR\\OneDrive\\Escritorio\\proyecto\\uniconnect-backend\\src\\lib\\logger.ts": {"lines":{"total":22,"covered":4,"skipped":0,"pct":18.18},"functions":{"total":8,"covered":2,"skipped":0,"pct":25},"statements":{"total":22,"covered":4,"skipped":0,"pct":18.18},"branches":{"total":12,"covered":1,"skipped":0,"pct":8.33}}
,"C:\\Users\\JackelineR\\OneDrive\\Escritorio\\proyecto\\uniconnect-backend\\src\\lib\\prisma.ts": {"lines":{"total":2,"covered":2,"skipped":0,"pct":100},"functions":{"total":0,"covered":0,"skipped":0,"pct":100},"statements":{"total":2,"covered":2,"skipped":0,"pct":100},"branches":{"total":0,"covered":0,"skipped":0,"pct":100}}
,"C:\\Users\\JackelineR\\OneDrive\\Escritorio\\proyecto\\uniconnect-backend\\src\\lib\\socket.ts": {"lines":{"total":152,"covered":30,"skipped":0,"pct":19.73},"functions":{"total":34,"covered":0,"skipped":0,"pct":0},"statements":{"total":156,"covered":30,"skipped":0,"pct":19.23},"branches":{"total":68,"covered":0,"skipped":0,"pct":0}}
,"C:\\Users\\JackelineR\\OneDrive\\Escritorio\\proyecto\\uniconnect-backend\\src\\lib\\token-blacklist.ts": {"lines":{"total":11,"covered":10,"skipped":0,"pct":90.9},"functions":{"total":3,"covered":3,"skipped":0,"pct":100},"statements":{"total":11,"covered":10,"skipped":0,"pct":90.9},"branches":{"total":2,"covered":1,"skipped":0,"pct":50}}
,"C:\\Users\\JackelineR\\OneDrive\\Escritorio\\proyecto\\uniconnect-backend\\src\\middleware\\archivo-grupo.middleware.ts": {"lines":{"total":29,"covered":6,"skipped":0,"pct":20.68},"functions":{"total":3,"covered":0,"skipped":0,"pct":0},"statements":{"total":29,"covered":6,"skipped":0,"pct":20.68},"branches":{"total":19,"covered":0,"skipped":0,"pct":0}}
,"C:\\Users\\JackelineR\\OneDrive\\Escritorio\\proyecto\\uniconnect-backend\\src\\middleware\\autenticacion.middleware.ts": {"lines":{"total":20,"covered":18,"skipped":0,"pct":90},"functions":{"total":1,"covered":1,"skipped":0,"pct":100},"statements":{"total":20,"covered":18,"skipped":0,"pct":90},"branches":{"total":12,"covered":8,"skipped":0,"pct":66.66}}
,"C:\\Users\\JackelineR\\OneDrive\\Escritorio\\proyecto\\uniconnect-backend\\src\\middleware\\correo-institucional.middleware.ts": {"lines":{"total":8,"covered":7,"skipped":0,"pct":87.5},"functions":{"total":1,"covered":1,"skipped":0,"pct":100},"statements":{"total":8,"covered":7,"skipped":0,"pct":87.5},"branches":{"total":6,"covered":5,"skipped":0,"pct":83.33}}
,"C:\\Users\\JackelineR\\OneDrive\\Escritorio\\proyecto\\uniconnect-backend\\src\\models\\carrera.model.ts": {"lines":{"total":21,"covered":5,"skipped":0,"pct":23.8},"functions":{"total":10,"covered":2,"skipped":0,"pct":20},"statements":{"total":23,"covered":5,"skipped":0,"pct":21.73},"branches":{"total":6,"covered":0,"skipped":0,"pct":0}}
,"C:\\Users\\JackelineR\\OneDrive\\Escritorio\\proyecto\\uniconnect-backend\\src\\models\\contacto.model.ts": {"lines":{"total":43,"covered":2,"skipped":0,"pct":4.65},"functions":{"total":12,"covered":0,"skipped":0,"pct":0},"statements":{"total":43,"covered":2,"skipped":0,"pct":4.65},"branches":{"total":28,"covered":0,"skipped":0,"pct":0}}
,"C:\\Users\\JackelineR\\OneDrive\\Escritorio\\proyecto\\uniconnect-backend\\src\\models\\evento.model.ts": {"lines":{"total":7,"covered":2,"skipped":0,"pct":28.57},"functions":{"total":4,"covered":0,"skipped":0,"pct":0},"statements":{"total":7,"covered":2,"skipped":0,"pct":28.57},"branches":{"total":0,"covered":0,"skipped":0,"pct":100}}
,"C:\\Users\\JackelineR\\OneDrive\\Escritorio\\proyecto\\uniconnect-backend\\src\\models\\grupo-archivo.model.ts": {"lines":{"total":7,"covered":2,"skipped":0,"pct":28.57},"functions":{"total":4,"covered":0,"skipped":0,"pct":0},"statements":{"total":7,"covered":2,"skipped":0,"pct":28.57},"branches":{"total":0,"covered":0,"skipped":0,"pct":100}}
,"C:\\Users\\JackelineR\\OneDrive\\Escritorio\\proyecto\\uniconnect-backend\\src\\models\\grupo.model.ts": {"lines":{"total":45,"covered":2,"skipped":0,"pct":4.44},"functions":{"total":28,"covered":0,"skipped":0,"pct":0},"statements":{"total":51,"covered":2,"skipped":0,"pct":3.92},"branches":{"total":10,"covered":0,"skipped":0,"pct":0}}
,"C:\\Users\\JackelineR\\OneDrive\\Escritorio\\proyecto\\uniconnect-backend\\src\\models\\materia.model.ts": {"lines":{"total":28,"covered":5,"skipped":0,"pct":17.85},"functions":{"total":15,"covered":2,"skipped":0,"pct":13.33},"statements":{"total":30,"covered":5,"skipped":0,"pct":16.66},"branches":{"total":6,"covered":0,"skipped":0,"pct":0}}
,"C:\\Users\\JackelineR\\OneDrive\\Escritorio\\proyecto\\uniconnect-backend\\src\\models\\mensaje.model.ts": {"lines":{"total":47,"covered":2,"skipped":0,"pct":4.25},"functions":{"total":13,"covered":0,"skipped":0,"pct":0},"statements":{"total":48,"covered":2,"skipped":0,"pct":4.16},"branches":{"total":16,"covered":0,"skipped":0,"pct":0}}
,"C:\\Users\\JackelineR\\OneDrive\\Escritorio\\proyecto\\uniconnect-backend\\src\\models\\solicitud-grupo.model.ts": {"lines":{"total":14,"covered":2,"skipped":0,"pct":14.28},"functions":{"total":9,"covered":0,"skipped":0,"pct":0},"statements":{"total":14,"covered":2,"skipped":0,"pct":14.28},"branches":{"total":0,"covered":0,"skipped":0,"pct":100}}
,"C:\\Users\\JackelineR\\OneDrive\\Escritorio\\proyecto\\uniconnect-backend\\src\\models\\usuario.model.ts": {"lines":{"total":62,"covered":6,"skipped":0,"pct":9.67},"functions":{"total":21,"covered":2,"skipped":0,"pct":9.52},"statements":{"total":73,"covered":7,"skipped":0,"pct":9.58},"branches":{"total":45,"covered":1,"skipped":0,"pct":2.22}}
,"C:\\Users\\JackelineR\\OneDrive\\Escritorio\\proyecto\\uniconnect-backend\\src\\modules\\catalog\\application\\catalog.use-cases.ts": {"lines":{"total":8,"covered":6,"skipped":0,"pct":75},"functions":{"total":3,"covered":2,"skipped":0,"pct":66.66},"statements":{"total":8,"covered":6,"skipped":0,"pct":75},"branches":{"total":0,"covered":0,"skipped":0,"pct":100}}
,"C:\\Users\\JackelineR\\OneDrive\\Escritorio\\proyecto\\uniconnect-backend\\src\\modules\\catalog\\infrastructure\\prisma-carrera.repository.ts": {"lines":{"total":6,"covered":3,"skipped":0,"pct":50},"functions":{"total":4,"covered":1,"skipped":0,"pct":25},"statements":{"total":6,"covered":3,"skipped":0,"pct":50},"branches":{"total":0,"covered":0,"skipped":0,"pct":100}}
,"C:\\Users\\JackelineR\\OneDrive\\Escritorio\\proyecto\\uniconnect-backend\\src\\modules\\catalog\\interfaces\\http\\catalogo.controller.ts": {"lines":{"total":11,"covered":6,"skipped":0,"pct":54.54},"functions":{"total":2,"covered":1,"skipped":0,"pct":50},"statements":{"total":11,"covered":6,"skipped":0,"pct":54.54},"branches":{"total":0,"covered":0,"skipped":0,"pct":100}}
,"C:\\Users\\JackelineR\\OneDrive\\Escritorio\\proyecto\\uniconnect-backend\\src\\modules\\catalog\\interfaces\\http\\catalogo.routes.ts": {"lines":{"total":7,"covered":7,"skipped":0,"pct":100},"functions":{"total":0,"covered":0,"skipped":0,"pct":100},"statements":{"total":7,"covered":7,"skipped":0,"pct":100},"branches":{"total":0,"covered":0,"skipped":0,"pct":100}}
,"C:\\Users\\JackelineR\\OneDrive\\Escritorio\\proyecto\\uniconnect-backend\\src\\modules\\events\\application\\event.use-cases.ts": {"lines":{"total":33,"covered":6,"skipped":0,"pct":18.18},"functions":{"total":5,"covered":1,"skipped":0,"pct":20},"statements":{"total":33,"covered":6,"skipped":0,"pct":18.18},"branches":{"total":33,"covered":1,"skipped":0,"pct":3.03}}
,"C:\\Users\\JackelineR\\OneDrive\\Escritorio\\proyecto\\uniconnect-backend\\src\\modules\\events\\infrastructure\\prisma-evento.repository.ts": {"lines":{"total":5,"covered":2,"skipped":0,"pct":40},"functions":{"total":3,"covered":0,"skipped":0,"pct":0},"statements":{"total":5,"covered":2,"skipped":0,"pct":40},"branches":{"total":0,"covered":0,"skipped":0,"pct":100}}
,"C:\\Users\\JackelineR\\OneDrive\\Escritorio\\proyecto\\uniconnect-backend\\src\\modules\\events\\interfaces\\http\\evento.controller.ts": {"lines":{"total":50,"covered":6,"skipped":0,"pct":12},"functions":{"total":5,"covered":0,"skipped":0,"pct":0},"statements":{"total":50,"covered":6,"skipped":0,"pct":12},"branches":{"total":18,"covered":0,"skipped":0,"pct":0}}
,"C:\\Users\\JackelineR\\OneDrive\\Escritorio\\proyecto\\uniconnect-backend\\src\\modules\\events\\interfaces\\http\\evento.routes.ts": {"lines":{"total":10,"covered":10,"skipped":0,"pct":100},"functions":{"total":0,"covered":0,"skipped":0,"pct":100},"statements":{"total":10,"covered":10,"skipped":0,"pct":100},"branches":{"total":0,"covered":0,"skipped":0,"pct":100}}
,"C:\\Users\\JackelineR\\OneDrive\\Escritorio\\proyecto\\uniconnect-backend\\src\\modules\\foro\\application\\foro.use-cases.ts": {"lines":{"total":41,"covered":4,"skipped":0,"pct":9.75},"functions":{"total":7,"covered":1,"skipped":0,"pct":14.28},"statements":{"total":55,"covered":4,"skipped":0,"pct":7.27},"branches":{"total":58,"covered":0,"skipped":0,"pct":0}}
,"C:\\Users\\JackelineR\\OneDrive\\Escritorio\\proyecto\\uniconnect-backend\\src\\modules\\foro\\application\\validacion\\ForoChainFactory.ts": {"lines":{"total":9,"covered":4,"skipped":0,"pct":44.44},"functions":{"total":1,"covered":0,"skipped":0,"pct":0},"statements":{"total":9,"covered":4,"skipped":0,"pct":44.44},"branches":{"total":0,"covered":0,"skipped":0,"pct":100}}
,"C:\\Users\\JackelineR\\OneDrive\\Escritorio\\proyecto\\uniconnect-backend\\src\\modules\\foro\\application\\validacion\\ForoHandlerBase.ts": {"lines":{"total":8,"covered":1,"skipped":0,"pct":12.5},"functions":{"total":3,"covered":0,"skipped":0,"pct":0},"statements":{"total":10,"covered":1,"skipped":0,"pct":10},"branches":{"total":4,"covered":0,"skipped":0,"pct":0}}
,"C:\\Users\\JackelineR\\OneDrive\\Escritorio\\proyecto\\uniconnect-backend\\src\\modules\\foro\\application\\validacion\\ValidarAutenticacionForoHandler.ts": {"lines":{"total":9,"covered":3,"skipped":0,"pct":33.33},"functions":{"total":1,"covered":0,"skipped":0,"pct":0},"statements":{"total":9,"covered":3,"skipped":0,"pct":33.33},"branches":{"total":6,"covered":0,"skipped":0,"pct":0}}
,"C:\\Users\\JackelineR\\OneDrive\\Escritorio\\proyecto\\uniconnect-backend\\src\\modules\\foro\\application\\validacion\\ValidarContenidoForoHandler.ts": {"lines":{"total":7,"covered":2,"skipped":0,"pct":28.57},"functions":{"total":1,"covered":0,"skipped":0,"pct":0},"statements":{"total":7,"covered":2,"skipped":0,"pct":28.57},"branches":{"total":6,"covered":0,"skipped":0,"pct":0}}
,"C:\\Users\\JackelineR\\OneDrive\\Escritorio\\proyecto\\uniconnect-backend\\src\\modules\\foro\\application\\validacion\\ValidarMatriculaForoHandler.ts": {"lines":{"total":10,"covered":3,"skipped":0,"pct":30},"functions":{"total":1,"covered":0,"skipped":0,"pct":0},"statements":{"total":10,"covered":3,"skipped":0,"pct":30},"branches":{"total":6,"covered":0,"skipped":0,"pct":0}}
,"C:\\Users\\JackelineR\\OneDrive\\Escritorio\\proyecto\\uniconnect-backend\\src\\modules\\foro\\infrastructure\\prisma-foro.repository.ts": {"lines":{"total":24,"covered":3,"skipped":0,"pct":12.5},"functions":{"total":7,"covered":0,"skipped":0,"pct":0},"statements":{"total":24,"covered":3,"skipped":0,"pct":12.5},"branches":{"total":4,"covered":0,"skipped":0,"pct":0}}
,"C:\\Users\\JackelineR\\OneDrive\\Escritorio\\proyecto\\uniconnect-backend\\src\\modules\\foro\\interfaces\\http\\foro.controller.ts": {"lines":{"total":23,"covered":3,"skipped":0,"pct":13.04},"functions":{"total":5,"covered":0,"skipped":0,"pct":0},"statements":{"total":23,"covered":3,"skipped":0,"pct":13.04},"branches":{"total":0,"covered":0,"skipped":0,"pct":100}}
,"C:\\Users\\JackelineR\\OneDrive\\Escritorio\\proyecto\\uniconnect-backend\\src\\modules\\foro\\interfaces\\http\\foro.routes.ts": {"lines":{"total":10,"covered":10,"skipped":0,"pct":100},"functions":{"total":0,"covered":0,"skipped":0,"pct":100},"statements":{"total":10,"covered":10,"skipped":0,"pct":100},"branches":{"total":0,"covered":0,"skipped":0,"pct":100}}
,"C:\\Users\\JackelineR\\OneDrive\\Escritorio\\proyecto\\uniconnect-backend\\src\\modules\\groups\\application\\group.use-cases.ts": {"lines":{"total":284,"covered":10,"skipped":0,"pct":3.52},"functions":{"total":50,"covered":1,"skipped":0,"pct":2},"statements":{"total":319,"covered":10,"skipped":0,"pct":3.13},"branches":{"total":211,"covered":0,"skipped":0,"pct":0}}
,"C:\\Users\\JackelineR\\OneDrive\\Escritorio\\proyecto\\uniconnect-backend\\src\\modules\\groups\\domain\\group-state.ts": {"lines":{"total":170,"covered":11,"skipped":0,"pct":6.47},"functions":{"total":114,"covered":0,"skipped":0,"pct":0},"statements":{"total":174,"covered":11,"skipped":0,"pct":6.32},"branches":{"total":48,"covered":0,"skipped":0,"pct":0}}
,"C:\\Users\\JackelineR\\OneDrive\\Escritorio\\proyecto\\uniconnect-backend\\src\\modules\\groups\\infrastructure\\persistencia-group.observer.ts": {"lines":{"total":10,"covered":2,"skipped":0,"pct":20},"functions":{"total":9,"covered":0,"skipped":0,"pct":0},"statements":{"total":10,"covered":2,"skipped":0,"pct":20},"branches":{"total":2,"covered":0,"skipped":0,"pct":0}}
,"C:\\Users\\JackelineR\\OneDrive\\Escritorio\\proyecto\\uniconnect-backend\\src\\modules\\groups\\infrastructure\\prisma-grupo.repository.ts": {"lines":{"total":20,"covered":4,"skipped":0,"pct":20},"functions":{"total":16,"covered":0,"skipped":0,"pct":0},"statements":{"total":20,"covered":4,"skipped":0,"pct":20},"branches":{"total":0,"covered":0,"skipped":0,"pct":100}}
,"C:\\Users\\JackelineR\\OneDrive\\Escritorio\\proyecto\\uniconnect-backend\\src\\modules\\groups\\infrastructure\\prisma-solicitud-grupo.repository.ts": {"lines":{"total":10,"covered":2,"skipped":0,"pct":20},"functions":{"total":8,"covered":0,"skipped":0,"pct":0},"statements":{"total":10,"covered":2,"skipped":0,"pct":20},"branches":{"total":0,"covered":0,"skipped":0,"pct":100}}
,"C:\\Users\\JackelineR\\OneDrive\\Escritorio\\proyecto\\uniconnect-backend\\src\\modules\\groups\\infrastructure\\socket-group.observer.ts": {"lines":{"total":9,"covered":2,"skipped":0,"pct":22.22},"functions":{"total":7,"covered":0,"skipped":0,"pct":0},"statements":{"total":9,"covered":2,"skipped":0,"pct":22.22},"branches":{"total":0,"covered":0,"skipped":0,"pct":100}}
,"C:\\Users\\JackelineR\\OneDrive\\Escritorio\\proyecto\\uniconnect-backend\\src\\modules\\groups\\interfaces\\http\\grupo.controller.ts": {"lines":{"total":97,"covered":4,"skipped":0,"pct":4.12},"functions":{"total":21,"covered":0,"skipped":0,"pct":0},"statements":{"total":97,"covered":4,"skipped":0,"pct":4.12},"branches":{"total":4,"covered":0,"skipped":0,"pct":0}}
,"C:\\Users\\JackelineR\\OneDrive\\Escritorio\\proyecto\\uniconnect-backend\\src\\modules\\groups\\interfaces\\http\\grupo.routes.ts": {"lines":{"total":29,"covered":29,"skipped":0,"pct":100},"functions":{"total":0,"covered":0,"skipped":0,"pct":100},"statements":{"total":29,"covered":29,"skipped":0,"pct":100},"branches":{"total":0,"covered":0,"skipped":0,"pct":100}}
,"C:\\Users\\JackelineR\\OneDrive\\Escritorio\\proyecto\\uniconnect-backend\\src\\modules\\materias\\application\\materia.use-cases.ts": {"lines":{"total":17,"covered":5,"skipped":0,"pct":29.41},"functions":{"total":4,"covered":2,"skipped":0,"pct":50},"statements":{"total":17,"covered":5,"skipped":0,"pct":29.41},"branches":{"total":10,"covered":0,"skipped":0,"pct":0}}
,"C:\\Users\\JackelineR\\OneDrive\\Escritorio\\proyecto\\uniconnect-backend\\src\\modules\\materias\\infrastructure\\prisma-materia.repository.ts": {"lines":{"total":9,"covered":3,"skipped":0,"pct":33.33},"functions":{"total":7,"covered":1,"skipped":0,"pct":14.28},"statements":{"total":9,"covered":3,"skipped":0,"pct":33.33},"branches":{"total":0,"covered":0,"skipped":0,"pct":100}}
,"C:\\Users\\JackelineR\\OneDrive\\Escritorio\\proyecto\\uniconnect-backend\\src\\modules\\materias\\interfaces\\http\\materia.controller.ts": {"lines":{"total":15,"covered":6,"skipped":0,"pct":40},"functions":{"total":3,"covered":1,"skipped":0,"pct":33.33},"statements":{"total":15,"covered":6,"skipped":0,"pct":40},"branches":{"total":0,"covered":0,"skipped":0,"pct":100}}
,"C:\\Users\\JackelineR\\OneDrive\\Escritorio\\proyecto\\uniconnect-backend\\src\\modules\\materias\\interfaces\\http\\materia.routes.ts": {"lines":{"total":8,"covered":8,"skipped":0,"pct":100},"functions":{"total":0,"covered":0,"skipped":0,"pct":100},"statements":{"total":8,"covered":8,"skipped":0,"pct":100},"branches":{"total":0,"covered":0,"skipped":0,"pct":100}}
,"C:\\Users\\JackelineR\\OneDrive\\Escritorio\\proyecto\\uniconnect-backend\\src\\modules\\messages\\application\\message.use-cases.ts": {"lines":{"total":153,"covered":12,"skipped":0,"pct":7.84},"functions":{"total":21,"covered":1,"skipped":0,"pct":4.76},"statements":{"total":153,"covered":12,"skipped":0,"pct":7.84},"branches":{"total":118,"covered":0,"skipped":0,"pct":0}}
,"C:\\Users\\JackelineR\\OneDrive\\Escritorio\\proyecto\\uniconnect-backend\\src\\modules\\messages\\application\\parsers\\emoji-validator.ts": {"lines":{"total":6,"covered":4,"skipped":0,"pct":66.66},"functions":{"total":2,"covered":0,"skipped":0,"pct":0},"statements":{"total":6,"covered":4,"skipped":0,"pct":66.66},"branches":{"total":2,"covered":0,"skipped":0,"pct":0}}
,"C:\\Users\\JackelineR\\OneDrive\\Escritorio\\proyecto\\uniconnect-backend\\src\\modules\\messages\\application\\parsers\\mention-parser.ts": {"lines":{"total":30,"covered":5,"skipped":0,"pct":16.66},"functions":{"total":5,"covered":0,"skipped":0,"pct":0},"statements":{"total":33,"covered":5,"skipped":0,"pct":15.15},"branches":{"total":8,"covered":0,"skipped":0,"pct":0}}
,"C:\\Users\\JackelineR\\OneDrive\\Escritorio\\proyecto\\uniconnect-backend\\src\\modules\\messages\\application\\validacion\\ValidadorMensajeBase.ts": {"lines":{"total":8,"covered":8,"skipped":0,"pct":100},"functions":{"total":3,"covered":3,"skipped":0,"pct":100},"statements":{"total":10,"covered":10,"skipped":0,"pct":100},"branches":{"total":4,"covered":4,"skipped":0,"pct":100}}
,"C:\\Users\\JackelineR\\OneDrive\\Escritorio\\proyecto\\uniconnect-backend\\src\\modules\\messages\\application\\validacion\\ValidadorMensajeChainFactory.ts": {"lines":{"total":13,"covered":13,"skipped":0,"pct":100},"functions":{"total":1,"covered":1,"skipped":0,"pct":100},"statements":{"total":13,"covered":13,"skipped":0,"pct":100},"branches":{"total":0,"covered":0,"skipped":0,"pct":100}}
,"C:\\Users\\JackelineR\\OneDrive\\Escritorio\\proyecto\\uniconnect-backend\\src\\modules\\messages\\application\\validacion\\ValidarAdjuntoHandler.ts": {"lines":{"total":11,"covered":11,"skipped":0,"pct":100},"functions":{"total":1,"covered":1,"skipped":0,"pct":100},"statements":{"total":11,"covered":11,"skipped":0,"pct":100},"branches":{"total":12,"covered":12,"skipped":0,"pct":100}}
,"C:\\Users\\JackelineR\\OneDrive\\Escritorio\\proyecto\\uniconnect-backend\\src\\modules\\messages\\application\\validacion\\ValidarContenidoHandler.ts": {"lines":{"total":7,"covered":7,"skipped":0,"pct":100},"functions":{"total":1,"covered":1,"skipped":0,"pct":100},"statements":{"total":7,"covered":7,"skipped":0,"pct":100},"branches":{"total":2,"covered":2,"skipped":0,"pct":100}}
,"C:\\Users\\JackelineR\\OneDrive\\Escritorio\\proyecto\\uniconnect-backend\\src\\modules\\messages\\application\\validacion\\ValidarMencionesHandler.ts": {"lines":{"total":10,"covered":10,"skipped":0,"pct":100},"functions":{"total":1,"covered":1,"skipped":0,"pct":100},"statements":{"total":11,"covered":11,"skipped":0,"pct":100},"branches":{"total":4,"covered":4,"skipped":0,"pct":100}}
,"C:\\Users\\JackelineR\\OneDrive\\Escritorio\\proyecto\\uniconnect-backend\\src\\modules\\messages\\application\\validacion\\ValidarPermisosHandler.ts": {"lines":{"total":15,"covered":15,"skipped":0,"pct":100},"functions":{"total":2,"covered":2,"skipped":0,"pct":100},"statements":{"total":15,"covered":15,"skipped":0,"pct":100},"branches":{"total":10,"covered":10,"skipped":0,"pct":100}}
,"C:\\Users\\JackelineR\\OneDrive\\Escritorio\\proyecto\\uniconnect-backend\\src\\modules\\messages\\application\\validacion\\ValidarTamanoHandler.ts": {"lines":{"total":8,"covered":8,"skipped":0,"pct":100},"functions":{"total":1,"covered":1,"skipped":0,"pct":100},"statements":{"total":8,"covered":8,"skipped":0,"pct":100},"branches":{"total":6,"covered":6,"skipped":0,"pct":100}}
,"C:\\Users\\JackelineR\\OneDrive\\Escritorio\\proyecto\\uniconnect-backend\\src\\modules\\messages\\domain\\chat-subject.ts": {"lines":{"total":60,"covered":5,"skipped":0,"pct":8.33},"functions":{"total":17,"covered":2,"skipped":0,"pct":11.76},"statements":{"total":60,"covered":5,"skipped":0,"pct":8.33},"branches":{"total":22,"covered":1,"skipped":0,"pct":4.54}}
,"C:\\Users\\JackelineR\\OneDrive\\Escritorio\\proyecto\\uniconnect-backend\\src\\modules\\messages\\infrastructure\\mobile-chat-observer.ts": {"lines":{"total":21,"covered":1,"skipped":0,"pct":4.76},"functions":{"total":7,"covered":0,"skipped":0,"pct":0},"statements":{"total":21,"covered":1,"skipped":0,"pct":4.76},"branches":{"total":0,"covered":0,"skipped":0,"pct":100}}
,"C:\\Users\\JackelineR\\OneDrive\\Escritorio\\proyecto\\uniconnect-backend\\src\\modules\\messages\\infrastructure\\prisma-mensaje.repository.ts": {"lines":{"total":12,"covered":2,"skipped":0,"pct":16.66},"functions":{"total":10,"covered":0,"skipped":0,"pct":0},"statements":{"total":12,"covered":2,"skipped":0,"pct":16.66},"branches":{"total":0,"covered":0,"skipped":0,"pct":100}}
,"C:\\Users\\JackelineR\\OneDrive\\Escritorio\\proyecto\\uniconnect-backend\\src\\modules\\messages\\infrastructure\\socket-message.gateway.ts": {"lines":{"total":38,"covered":4,"skipped":0,"pct":10.52},"functions":{"total":7,"covered":0,"skipped":0,"pct":0},"statements":{"total":38,"covered":4,"skipped":0,"pct":10.52},"branches":{"total":34,"covered":0,"skipped":0,"pct":0}}
,"C:\\Users\\JackelineR\\OneDrive\\Escritorio\\proyecto\\uniconnect-backend\\src\\modules\\messages\\infrastructure\\web-chat-observer.ts": {"lines":{"total":21,"covered":1,"skipped":0,"pct":4.76},"functions":{"total":7,"covered":0,"skipped":0,"pct":0},"statements":{"total":21,"covered":1,"skipped":0,"pct":4.76},"branches":{"total":0,"covered":0,"skipped":0,"pct":100}}
,"C:\\Users\\JackelineR\\OneDrive\\Escritorio\\proyecto\\uniconnect-backend\\src\\modules\\messages\\interfaces\\http\\mensaje.controller.ts": {"lines":{"total":49,"covered":3,"skipped":0,"pct":6.12},"functions":{"total":8,"covered":0,"skipped":0,"pct":0},"statements":{"total":49,"covered":3,"skipped":0,"pct":6.12},"branches":{"total":9,"covered":0,"skipped":0,"pct":0}}
,"C:\\Users\\JackelineR\\OneDrive\\Escritorio\\proyecto\\uniconnect-backend\\src\\modules\\messages\\interfaces\\http\\mensaje.routes.ts": {"lines":{"total":13,"covered":13,"skipped":0,"pct":100},"functions":{"total":0,"covered":0,"skipped":0,"pct":100},"statements":{"total":13,"covered":13,"skipped":0,"pct":100},"branches":{"total":0,"covered":0,"skipped":0,"pct":100}}
,"C:\\Users\\JackelineR\\OneDrive\\Escritorio\\proyecto\\uniconnect-backend\\src\\modules\\notifications\\application\\NotificacionService.ts": {"lines":{"total":13,"covered":13,"skipped":0,"pct":100},"functions":{"total":2,"covered":2,"skipped":0,"pct":100},"statements":{"total":13,"covered":13,"skipped":0,"pct":100},"branches":{"total":4,"covered":3,"skipped":0,"pct":75}}
,"C:\\Users\\JackelineR\\OneDrive\\Escritorio\\proyecto\\uniconnect-backend\\src\\modules\\notifications\\domain\\contracts.ts": {"lines":{"total":1,"covered":1,"skipped":0,"pct":100},"functions":{"total":0,"covered":0,"skipped":0,"pct":100},"statements":{"total":1,"covered":1,"skipped":0,"pct":100},"branches":{"total":0,"covered":0,"skipped":0,"pct":100}}
,"C:\\Users\\JackelineR\\OneDrive\\Escritorio\\proyecto\\uniconnect-backend\\src\\modules\\notifications\\infrastructure\\InMemoryPreferenciaRepository.ts": {"lines":{"total":8,"covered":8,"skipped":0,"pct":100},"functions":{"total":4,"covered":4,"skipped":0,"pct":100},"statements":{"total":8,"covered":8,"skipped":0,"pct":100},"branches":{"total":2,"covered":2,"skipped":0,"pct":100}}
,"C:\\Users\\JackelineR\\OneDrive\\Escritorio\\proyecto\\uniconnect-backend\\src\\modules\\notifications\\infrastructure\\NotificacionEventoObserver.ts": {"lines":{"total":8,"covered":2,"skipped":0,"pct":25},"functions":{"total":4,"covered":0,"skipped":0,"pct":0},"statements":{"total":8,"covered":2,"skipped":0,"pct":25},"branches":{"total":0,"covered":0,"skipped":0,"pct":100}}
,"C:\\Users\\JackelineR\\OneDrive\\Escritorio\\proyecto\\uniconnect-backend\\src\\modules\\notifications\\infrastructure\\strategies\\EmailInstitucionalStrategy.ts": {"lines":{"total":5,"covered":5,"skipped":0,"pct":100},"functions":{"total":2,"covered":2,"skipped":0,"pct":100},"statements":{"total":5,"covered":5,"skipped":0,"pct":100},"branches":{"total":0,"covered":0,"skipped":0,"pct":100}}
,"C:\\Users\\JackelineR\\OneDrive\\Escritorio\\proyecto\\uniconnect-backend\\src\\modules\\notifications\\infrastructure\\strategies\\InAppWebSocketStrategy.ts": {"lines":{"total":5,"covered":5,"skipped":0,"pct":100},"functions":{"total":2,"covered":2,"skipped":0,"pct":100},"statements":{"total":5,"covered":5,"skipped":0,"pct":100},"branches":{"total":0,"covered":0,"skipped":0,"pct":100}}
,"C:\\Users\\JackelineR\\OneDrive\\Escritorio\\proyecto\\uniconnect-backend\\src\\modules\\notifications\\infrastructure\\strategies\\PushMovilStrategy.ts": {"lines":{"total":5,"covered":5,"skipped":0,"pct":100},"functions":{"total":2,"covered":2,"skipped":0,"pct":100},"statements":{"total":5,"covered":5,"skipped":0,"pct":100},"branches":{"total":0,"covered":0,"skipped":0,"pct":100}}
,"C:\\Users\\JackelineR\\OneDrive\\Escritorio\\proyecto\\uniconnect-backend\\src\\modules\\notifications\\infrastructure\\strategies\\ResumenDiarioStrategy.ts": {"lines":{"total":10,"covered":7,"skipped":0,"pct":70},"functions":{"total":3,"covered":2,"skipped":0,"pct":66.66},"statements":{"total":11,"covered":7,"skipped":0,"pct":63.63},"branches":{"total":2,"covered":0,"skipped":0,"pct":0}}
,"C:\\Users\\JackelineR\\OneDrive\\Escritorio\\proyecto\\uniconnect-backend\\src\\modules\\notifications\\interfaces\\http\\notificacion.controller.ts": {"lines":{"total":33,"covered":5,"skipped":0,"pct":15.15},"functions":{"total":3,"covered":0,"skipped":0,"pct":0},"statements":{"total":33,"covered":5,"skipped":0,"pct":15.15},"branches":{"total":10,"covered":0,"skipped":0,"pct":0}}
,"C:\\Users\\JackelineR\\OneDrive\\Escritorio\\proyecto\\uniconnect-backend\\src\\modules\\notifications\\interfaces\\http\\notificacion.routes.ts": {"lines":{"total":8,"covered":8,"skipped":0,"pct":100},"functions":{"total":0,"covered":0,"skipped":0,"pct":100},"statements":{"total":8,"covered":8,"skipped":0,"pct":100},"branches":{"total":0,"covered":0,"skipped":0,"pct":100}}
,"C:\\Users\\JackelineR\\OneDrive\\Escritorio\\proyecto\\uniconnect-backend\\src\\modules\\polls\\application\\poll.use-cases.ts": {"lines":{"total":122,"covered":6,"skipped":0,"pct":4.91},"functions":{"total":18,"covered":1,"skipped":0,"pct":5.55},"statements":{"total":128,"covered":6,"skipped":0,"pct":4.68},"branches":{"total":75,"covered":0,"skipped":0,"pct":0}}
,"C:\\Users\\JackelineR\\OneDrive\\Escritorio\\proyecto\\uniconnect-backend\\src\\modules\\polls\\domain\\poll.ts": {"lines":{"total":73,"covered":19,"skipped":0,"pct":26.02},"functions":{"total":19,"covered":0,"skipped":0,"pct":0},"statements":{"total":75,"covered":19,"skipped":0,"pct":25.33},"branches":{"total":61,"covered":0,"skipped":0,"pct":0}}
,"C:\\Users\\JackelineR\\OneDrive\\Escritorio\\proyecto\\uniconnect-backend\\src\\modules\\polls\\infrastructure\\logging-poll-gateway.decorator.ts": {"lines":{"total":12,"covered":12,"skipped":0,"pct":100},"functions":{"total":6,"covered":6,"skipped":0,"pct":100},"statements":{"total":13,"covered":13,"skipped":0,"pct":100},"branches":{"total":6,"covered":5,"skipped":0,"pct":83.33}}
,"C:\\Users\\JackelineR\\OneDrive\\Escritorio\\proyecto\\uniconnect-backend\\src\\modules\\polls\\infrastructure\\moderation-poll-gateway.decorator.ts": {"lines":{"total":20,"covered":20,"skipped":0,"pct":100},"functions":{"total":6,"covered":6,"skipped":0,"pct":100},"statements":{"total":20,"covered":20,"skipped":0,"pct":100},"branches":{"total":2,"covered":2,"skipped":0,"pct":100}}
,"C:\\Users\\JackelineR\\OneDrive\\Escritorio\\proyecto\\uniconnect-backend\\src\\modules\\polls\\infrastructure\\poll-auto-close.scheduler.ts": {"lines":{"total":22,"covered":5,"skipped":0,"pct":22.72},"functions":{"total":5,"covered":1,"skipped":0,"pct":20},"statements":{"total":23,"covered":5,"skipped":0,"pct":21.73},"branches":{"total":6,"covered":0,"skipped":0,"pct":0}}
,"C:\\Users\\JackelineR\\OneDrive\\Escritorio\\proyecto\\uniconnect-backend\\src\\modules\\polls\\infrastructure\\prisma-poll.repository.ts": {"lines":{"total":27,"covered":2,"skipped":0,"pct":7.4},"functions":{"total":14,"covered":0,"skipped":0,"pct":0},"statements":{"total":28,"covered":2,"skipped":0,"pct":7.14},"branches":{"total":24,"covered":0,"skipped":0,"pct":0}}
,"C:\\Users\\JackelineR\\OneDrive\\Escritorio\\proyecto\\uniconnect-backend\\src\\modules\\polls\\infrastructure\\socket-poll.gateway.ts": {"lines":{"total":11,"covered":3,"skipped":0,"pct":27.27},"functions":{"total":2,"covered":0,"skipped":0,"pct":0},"statements":{"total":11,"covered":3,"skipped":0,"pct":27.27},"branches":{"total":6,"covered":0,"skipped":0,"pct":0}}
,"C:\\Users\\JackelineR\\OneDrive\\Escritorio\\proyecto\\uniconnect-backend\\src\\modules\\polls\\interfaces\\http\\encuesta.controller.ts": {"lines":{"total":18,"covered":3,"skipped":0,"pct":16.66},"functions":{"total":3,"covered":0,"skipped":0,"pct":0},"statements":{"total":18,"covered":3,"skipped":0,"pct":16.66},"branches":{"total":12,"covered":0,"skipped":0,"pct":0}}
,"C:\\Users\\JackelineR\\OneDrive\\Escritorio\\proyecto\\uniconnect-backend\\src\\modules\\polls\\interfaces\\http\\encuesta.routes.ts": {"lines":{"total":8,"covered":8,"skipped":0,"pct":100},"functions":{"total":0,"covered":0,"skipped":0,"pct":100},"statements":{"total":8,"covered":8,"skipped":0,"pct":100},"branches":{"total":0,"covered":0,"skipped":0,"pct":100}}
,"C:\\Users\\JackelineR\\OneDrive\\Escritorio\\proyecto\\uniconnect-backend\\src\\modules\\recursos\\recurso.controller.ts": {"lines":{"total":33,"covered":3,"skipped":0,"pct":9.09},"functions":{"total":4,"covered":0,"skipped":0,"pct":0},"statements":{"total":33,"covered":3,"skipped":0,"pct":9.09},"branches":{"total":8,"covered":0,"skipped":0,"pct":0}}
,"C:\\Users\\JackelineR\\OneDrive\\Escritorio\\proyecto\\uniconnect-backend\\src\\modules\\recursos\\recurso.routes.ts": {"lines":{"total":9,"covered":9,"skipped":0,"pct":100},"functions":{"total":0,"covered":0,"skipped":0,"pct":100},"statements":{"total":9,"covered":9,"skipped":0,"pct":100},"branches":{"total":0,"covered":0,"skipped":0,"pct":100}}
,"C:\\Users\\JackelineR\\OneDrive\\Escritorio\\proyecto\\uniconnect-backend\\src\\modules\\recursos\\recurso.service.ts": {"lines":{"total":37,"covered":6,"skipped":0,"pct":16.21},"functions":{"total":4,"covered":0,"skipped":0,"pct":0},"statements":{"total":39,"covered":6,"skipped":0,"pct":15.38},"branches":{"total":45,"covered":0,"skipped":0,"pct":0}}
,"C:\\Users\\JackelineR\\OneDrive\\Escritorio\\proyecto\\uniconnect-backend\\src\\modules\\sesiones\\application\\sesion.use-cases.ts": {"lines":{"total":61,"covered":5,"skipped":0,"pct":8.19},"functions":{"total":6,"covered":1,"skipped":0,"pct":16.66},"statements":{"total":70,"covered":5,"skipped":0,"pct":7.14},"branches":{"total":74,"covered":0,"skipped":0,"pct":0}}
,"C:\\Users\\JackelineR\\OneDrive\\Escritorio\\proyecto\\uniconnect-backend\\src\\modules\\sesiones\\infrastructure\\RecordatorioScheduler.ts": {"lines":{"total":12,"covered":5,"skipped":0,"pct":41.66},"functions":{"total":5,"covered":1,"skipped":0,"pct":20},"statements":{"total":14,"covered":5,"skipped":0,"pct":35.71},"branches":{"total":2,"covered":0,"skipped":0,"pct":0}}
,"C:\\Users\\JackelineR\\OneDrive\\Escritorio\\proyecto\\uniconnect-backend\\src\\modules\\sesiones\\infrastructure\\prisma-sesion.repository.ts": {"lines":{"total":38,"covered":3,"skipped":0,"pct":7.89},"functions":{"total":13,"covered":0,"skipped":0,"pct":0},"statements":{"total":38,"covered":3,"skipped":0,"pct":7.89},"branches":{"total":10,"covered":0,"skipped":0,"pct":0}}
,"C:\\Users\\JackelineR\\OneDrive\\Escritorio\\proyecto\\uniconnect-backend\\src\\modules\\sesiones\\interfaces\\http\\sesion.controller.ts": {"lines":{"total":19,"covered":3,"skipped":0,"pct":15.78},"functions":{"total":4,"covered":0,"skipped":0,"pct":0},"statements":{"total":19,"covered":3,"skipped":0,"pct":15.78},"branches":{"total":4,"covered":0,"skipped":0,"pct":0}}
,"C:\\Users\\JackelineR\\OneDrive\\Escritorio\\proyecto\\uniconnect-backend\\src\\modules\\sesiones\\interfaces\\http\\sesion.routes.ts": {"lines":{"total":9,"covered":9,"skipped":0,"pct":100},"functions":{"total":0,"covered":0,"skipped":0,"pct":100},"statements":{"total":9,"covered":9,"skipped":0,"pct":100},"branches":{"total":0,"covered":0,"skipped":0,"pct":100}}
,"C:\\Users\\JackelineR\\OneDrive\\Escritorio\\proyecto\\uniconnect-backend\\src\\modules\\users\\application\\users.use-cases.ts": {"lines":{"total":209,"covered":31,"skipped":0,"pct":14.83},"functions":{"total":31,"covered":8,"skipped":0,"pct":25.8},"statements":{"total":213,"covered":31,"skipped":0,"pct":14.55},"branches":{"total":177,"covered":12,"skipped":0,"pct":6.77}}
,"C:\\Users\\JackelineR\\OneDrive\\Escritorio\\proyecto\\uniconnect-backend\\src\\modules\\users\\application\\perfil\\PerfilBase.ts": {"lines":{"total":3,"covered":3,"skipped":0,"pct":100},"functions":{"total":2,"covered":2,"skipped":0,"pct":100},"statements":{"total":3,"covered":3,"skipped":0,"pct":100},"branches":{"total":0,"covered":0,"skipped":0,"pct":100}}
,"C:\\Users\\JackelineR\\OneDrive\\Escritorio\\proyecto\\uniconnect-backend\\src\\modules\\users\\application\\perfil\\PerfilConEstadisticas.ts": {"lines":{"total":5,"covered":5,"skipped":0,"pct":100},"functions":{"total":2,"covered":2,"skipped":0,"pct":100},"statements":{"total":5,"covered":5,"skipped":0,"pct":100},"branches":{"total":0,"covered":0,"skipped":0,"pct":100}}
,"C:\\Users\\JackelineR\\OneDrive\\Escritorio\\proyecto\\uniconnect-backend\\src\\modules\\users\\application\\perfil\\PerfilConInsignias.ts": {"lines":{"total":5,"covered":5,"skipped":0,"pct":100},"functions":{"total":2,"covered":2,"skipped":0,"pct":100},"statements":{"total":5,"covered":5,"skipped":0,"pct":100},"branches":{"total":0,"covered":0,"skipped":0,"pct":100}}
,"C:\\Users\\JackelineR\\OneDrive\\Escritorio\\proyecto\\uniconnect-backend\\src\\modules\\users\\application\\perfil\\PerfilDecorator.ts": {"lines":{"total":3,"covered":2,"skipped":0,"pct":66.66},"functions":{"total":2,"covered":1,"skipped":0,"pct":50},"statements":{"total":3,"covered":2,"skipped":0,"pct":66.66},"branches":{"total":0,"covered":0,"skipped":0,"pct":100}}
,"C:\\Users\\JackelineR\\OneDrive\\Escritorio\\proyecto\\uniconnect-backend\\src\\modules\\users\\domain\\IPerfilEstudiante.ts": {"lines":{"total":8,"covered":8,"skipped":0,"pct":100},"functions":{"total":1,"covered":1,"skipped":0,"pct":100},"statements":{"total":11,"covered":11,"skipped":0,"pct":100},"branches":{"total":11,"covered":11,"skipped":0,"pct":100}}
,"C:\\Users\\JackelineR\\OneDrive\\Escritorio\\proyecto\\uniconnect-backend\\src\\modules\\users\\infrastructure\\auth0-identity.service.ts": {"lines":{"total":11,"covered":2,"skipped":0,"pct":18.18},"functions":{"total":1,"covered":0,"skipped":0,"pct":0},"statements":{"total":11,"covered":2,"skipped":0,"pct":18.18},"branches":{"total":6,"covered":0,"skipped":0,"pct":0}}
,"C:\\Users\\JackelineR\\OneDrive\\Escritorio\\proyecto\\uniconnect-backend\\src\\modules\\users\\infrastructure\\bcrypt-password.service.ts": {"lines":{"total":4,"covered":2,"skipped":0,"pct":50},"functions":{"total":2,"covered":0,"skipped":0,"pct":0},"statements":{"total":4,"covered":2,"skipped":0,"pct":50},"branches":{"total":0,"covered":0,"skipped":0,"pct":100}}
,"C:\\Users\\JackelineR\\OneDrive\\Escritorio\\proyecto\\uniconnect-backend\\src\\modules\\users\\infrastructure\\jwt-token.service.ts": {"lines":{"total":7,"covered":4,"skipped":0,"pct":57.14},"functions":{"total":2,"covered":1,"skipped":0,"pct":50},"statements":{"total":7,"covered":4,"skipped":0,"pct":57.14},"branches":{"total":6,"covered":1,"skipped":0,"pct":16.66}}
,"C:\\Users\\JackelineR\\OneDrive\\Escritorio\\proyecto\\uniconnect-backend\\src\\modules\\users\\infrastructure\\prisma-contact.repository.ts": {"lines":{"total":9,"covered":2,"skipped":0,"pct":22.22},"functions":{"total":7,"covered":0,"skipped":0,"pct":0},"statements":{"total":9,"covered":2,"skipped":0,"pct":22.22},"branches":{"total":0,"covered":0,"skipped":0,"pct":100}}
,"C:\\Users\\JackelineR\\OneDrive\\Escritorio\\proyecto\\uniconnect-backend\\src\\modules\\users\\infrastructure\\prisma-estadisticas.repository.ts": {"lines":{"total":5,"covered":3,"skipped":0,"pct":60},"functions":{"total":1,"covered":0,"skipped":0,"pct":0},"statements":{"total":5,"covered":3,"skipped":0,"pct":60},"branches":{"total":0,"covered":0,"skipped":0,"pct":100}}
,"C:\\Users\\JackelineR\\OneDrive\\Escritorio\\proyecto\\uniconnect-backend\\src\\modules\\users\\infrastructure\\prisma-user.repository.ts": {"lines":{"total":21,"covered":4,"skipped":0,"pct":19.04},"functions":{"total":10,"covered":2,"skipped":0,"pct":20},"statements":{"total":21,"covered":4,"skipped":0,"pct":19.04},"branches":{"total":24,"covered":0,"skipped":0,"pct":0}}
,"C:\\Users\\JackelineR\\OneDrive\\Escritorio\\proyecto\\uniconnect-backend\\src\\modules\\users\\infrastructure\\token-blacklist.service.ts": {"lines":{"total":3,"covered":3,"skipped":0,"pct":100},"functions":{"total":1,"covered":1,"skipped":0,"pct":100},"statements":{"total":3,"covered":3,"skipped":0,"pct":100},"branches":{"total":0,"covered":0,"skipped":0,"pct":100}}
,"C:\\Users\\JackelineR\\OneDrive\\Escritorio\\proyecto\\uniconnect-backend\\src\\modules\\users\\interfaces\\http\\usuario.controller.ts": {"lines":{"total":71,"covered":21,"skipped":0,"pct":29.57},"functions":{"total":16,"covered":6,"skipped":0,"pct":37.5},"statements":{"total":71,"covered":21,"skipped":0,"pct":29.57},"branches":{"total":4,"covered":0,"skipped":0,"pct":0}}
,"C:\\Users\\JackelineR\\OneDrive\\Escritorio\\proyecto\\uniconnect-backend\\src\\modules\\users\\interfaces\\http\\usuario.routes.ts": {"lines":{"total":23,"covered":23,"skipped":0,"pct":100},"functions":{"total":0,"covered":0,"skipped":0,"pct":100},"statements":{"total":23,"covered":23,"skipped":0,"pct":100},"branches":{"total":0,"covered":0,"skipped":0,"pct":100}}
,"C:\\Users\\JackelineR\\OneDrive\\Escritorio\\proyecto\\uniconnect-backend\\src\\shared\\application-error.ts": {"lines":{"total":4,"covered":4,"skipped":0,"pct":100},"functions":{"total":1,"covered":1,"skipped":0,"pct":100},"statements":{"total":4,"covered":4,"skipped":0,"pct":100},"branches":{"total":0,"covered":0,"skipped":0,"pct":100}}
,"C:\\Users\\JackelineR\\OneDrive\\Escritorio\\proyecto\\uniconnect-backend\\src\\shared\\controller-error.ts": {"lines":{"total":12,"covered":4,"skipped":0,"pct":33.33},"functions":{"total":1,"covered":1,"skipped":0,"pct":100},"statements":{"total":12,"covered":4,"skipped":0,"pct":33.33},"branches":{"total":11,"covered":2,"skipped":0,"pct":18.18}}
,"C:\\Users\\JackelineR\\OneDrive\\Escritorio\\proyecto\\uniconnect-backend\\src\\shared\\mongo-id.ts": {"lines":{"total":2,"covered":1,"skipped":0,"pct":50},"functions":{"total":1,"covered":0,"skipped":0,"pct":0},"statements":{"total":2,"covered":1,"skipped":0,"pct":50},"branches":{"total":0,"covered":0,"skipped":0,"pct":100}}
,"C:\\Users\\JackelineR\\OneDrive\\Escritorio\\proyecto\\uniconnect-backend\\src\\shared\\eventos-observer\\EventoPublicador.ts": {"lines":{"total":19,"covered":14,"skipped":0,"pct":73.68},"functions":{"total":8,"covered":7,"skipped":0,"pct":87.5},"statements":{"total":19,"covered":14,"skipped":0,"pct":73.68},"branches":{"total":8,"covered":6,"skipped":0,"pct":75}}
,"C:\\Users\\JackelineR\\OneDrive\\Escritorio\\proyecto\\uniconnect-backend\\src\\shared\\eventos-observer\\SocketEventoObserver.ts": {"lines":{"total":5,"covered":4,"skipped":0,"pct":80},"functions":{"total":3,"covered":2,"skipped":0,"pct":66.66},"statements":{"total":5,"covered":4,"skipped":0,"pct":80},"branches":{"total":0,"covered":0,"skipped":0,"pct":100}}
,"C:\\Users\\JackelineR\\OneDrive\\Escritorio\\proyecto\\uniconnect-backend\\src\\shared\\eventos-observer\\index.ts": {"lines":{"total":3,"covered":3,"skipped":0,"pct":100},"functions":{"total":3,"covered":0,"skipped":0,"pct":0},"statements":{"total":6,"covered":6,"skipped":0,"pct":100},"branches":{"total":0,"covered":0,"skipped":0,"pct":100}}
,"C:\\Users\\JackelineR\\OneDrive\\Escritorio\\proyecto\\uniconnect-backend\\src\\shared\\moderation\\content-moderation.ts": {"lines":{"total":11,"covered":11,"skipped":0,"pct":100},"functions":{"total":3,"covered":3,"skipped":0,"pct":100},"statements":{"total":12,"covered":12,"skipped":0,"pct":100},"branches":{"total":4,"covered":4,"skipped":0,"pct":100}}
,"C:\\Users\\JackelineR\\OneDrive\\Escritorio\\proyecto\\uniconnect-backend\\src\\shared\\notificacion\\INotificacion.ts": {"lines":{"total":8,"covered":8,"skipped":0,"pct":100},"functions":{"total":5,"covered":5,"skipped":0,"pct":100},"statements":{"total":8,"covered":8,"skipped":0,"pct":100},"branches":{"total":1,"covered":1,"skipped":0,"pct":100}}
,"C:\\Users\\JackelineR\\OneDrive\\Escritorio\\proyecto\\uniconnect-backend\\src\\shared\\notificacion\\NotificacionConAccion.ts": {"lines":{"total":5,"covered":5,"skipped":0,"pct":100},"functions":{"total":2,"covered":2,"skipped":0,"pct":100},"statements":{"total":5,"covered":5,"skipped":0,"pct":100},"branches":{"total":0,"covered":0,"skipped":0,"pct":100}}
,"C:\\Users\\JackelineR\\OneDrive\\Escritorio\\proyecto\\uniconnect-backend\\src\\shared\\notificacion\\NotificacionConEncuesta.ts": {"lines":{"total":5,"covered":2,"skipped":0,"pct":40},"functions":{"total":2,"covered":0,"skipped":0,"pct":0},"statements":{"total":5,"covered":2,"skipped":0,"pct":40},"branches":{"total":0,"covered":0,"skipped":0,"pct":100}}
,"C:\\Users\\JackelineR\\OneDrive\\Escritorio\\proyecto\\uniconnect-backend\\src\\shared\\notificacion\\NotificacionConPrioridad.ts": {"lines":{"total":5,"covered":5,"skipped":0,"pct":100},"functions":{"total":2,"covered":2,"skipped":0,"pct":100},"statements":{"total":5,"covered":5,"skipped":0,"pct":100},"branches":{"total":0,"covered":0,"skipped":0,"pct":100}}
,"C:\\Users\\JackelineR\\OneDrive\\Escritorio\\proyecto\\uniconnect-backend\\src\\shared\\notificacion\\NotificacionDecorator.ts": {"lines":{"total":6,"covered":5,"skipped":0,"pct":83.33},"functions":{"total":5,"covered":4,"skipped":0,"pct":80},"statements":{"total":6,"covered":5,"skipped":0,"pct":83.33},"branches":{"total":0,"covered":0,"skipped":0,"pct":100}}
,"C:\\Users\\JackelineR\\OneDrive\\Escritorio\\proyecto\\uniconnect-backend\\src\\shared\\notificacion\\index.ts": {"lines":{"total":5,"covered":5,"skipped":0,"pct":100},"functions":{"total":6,"covered":0,"skipped":0,"pct":0},"statements":{"total":11,"covered":11,"skipped":0,"pct":100},"branches":{"total":0,"covered":0,"skipped":0,"pct":100}}
,"C:\\Users\\JackelineR\\OneDrive\\Escritorio\\proyecto\\uniconnect-backend\\src\\utils\\open-graph.util.ts": {"lines":{"total":48,"covered":5,"skipped":0,"pct":10.41},"functions":{"total":6,"covered":0,"skipped":0,"pct":0},"statements":{"total":56,"covered":5,"skipped":0,"pct":8.92},"branches":{"total":65,"covered":0,"skipped":0,"pct":0}}
,"C:\\Users\\JackelineR\\OneDrive\\Escritorio\\proyecto\\uniconnect-backend\\src\\utils\\registro.util.ts": {"lines":{"total":53,"covered":13,"skipped":0,"pct":24.52},"functions":{"total":9,"covered":2,"skipped":0,"pct":22.22},"statements":{"total":54,"covered":14,"skipped":0,"pct":25.92},"branches":{"total":27,"covered":6,"skipped":0,"pct":22.22}}
}
