TN:
SF:src\app.ts
FN:48,(anonymous_1)
FN:50,(anonymous_2)
FN:58,(anonymous_3)
FNF:3
FNH:0
FNDA:0,(anonymous_1)
FNDA:0,(anonymous_2)
FNDA:0,(anonymous_3)
DA:1,0
DA:2,0
DA:3,0
DA:4,0
DA:5,0
DA:7,0
DA:8,0
DA:9,0
DA:10,0
DA:11,0
DA:12,0
DA:13,0
DA:14,0
DA:15,0
DA:16,0
DA:17,0
DA:19,0
DA:21,0
DA:23,0
DA:25,0
DA:31,0
DA:32,0
DA:33,0
DA:35,0
DA:36,0
DA:37,0
DA:38,0
DA:39,0
DA:40,0
DA:41,0
DA:42,0
DA:43,0
DA:44,0
DA:45,0
DA:47,0
DA:48,0
DA:50,0
DA:51,0
DA:58,0
DA:59,0
LF:40
LH:0
BRDA:53,0,0,0
BRDA:53,0,1,0
BRDA:54,1,0,0
BRDA:54,1,1,0
BRF:4
BRH:0
end_of_record
TN:
SF:src\container.ts
FNF:0
FNH:0
DA:1,0
DA:2,0
DA:3,0
DA:4,0
DA:5,0
DA:6,0
DA:7,0
DA:8,0
DA:9,0
DA:10,0
DA:11,0
DA:12,0
DA:13,0
DA:14,0
DA:15,0
DA:16,0
DA:17,0
DA:18,0
DA:19,0
DA:20,0
DA:21,0
DA:22,0
DA:23,0
DA:24,0
DA:25,0
DA:26,0
DA:27,0
DA:28,0
DA:29,0
DA:30,0
DA:31,0
DA:32,0
DA:33,0
DA:34,0
DA:35,0
DA:36,0
DA:37,0
DA:38,0
DA:39,0
DA:40,0
DA:41,0
DA:43,0
DA:44,0
DA:45,0
DA:46,0
DA:47,0
DA:48,0
DA:49,0
DA:50,0
DA:51,0
DA:52,0
DA:54,0
DA:56,0
DA:57,0
DA:58,0
DA:59,0
DA:60,0
DA:61,0
DA:64,0
DA:65,0
DA:67,0
DA:77,0
DA:79,0
DA:91,0
DA:99,0
DA:100,0
DA:108,0
DA:109,0
DA:110,0
DA:111,0
DA:113,0
DA:115,0
DA:117,0
DA:119,0
DA:129,0
DA:130,0
DA:132,0
DA:133,0
DA:135,0
LF:79
LH:0
BRF:0
BRH:0
end_of_record
TN:
SF:src\docs\swagger.ts
FNF:0
FNH:0
DA:1,0
DA:3,0
DA:169,0
LF:3
LH:0
BRF:0
BRH:0
end_of_record
TN:
SF:src\domain\contracts.ts
FNF:0
FNH:0
DA:262,0
DA:292,0
DA:296,0
LF:3
LH:0
BRF:0
BRH:0
end_of_record
TN:
SF:src\domain\recursos\RecursoBase.ts
FN:4,(anonymous_0)
FN:10,(anonymous_1)
FN:14,(anonymous_2)
FNF:3
FNH:0
FNDA:0,(anonymous_0)
FNDA:0,(anonymous_1)
FNDA:0,(anonymous_2)
DA:3,0
DA:5,0
DA:6,0
DA:7,0
DA:11,0
DA:15,0
LF:6
LH:0
BRDA:7,0,0,0
BRF:1
BRH:0
end_of_record
TN:
SF:src\domain\recursos\RecursoDecorator.ts
FN:6,(anonymous_0)
FN:10,(anonymous_1)
FN:14,(anonymous_2)
FNF:3
FNH:0
FNDA:0,(anonymous_0)
FNDA:0,(anonymous_1)
FNDA:0,(anonymous_2)
DA:3,0
DA:7,0
DA:11,0
DA:15,0
LF:4
LH:0
BRF:0
BRH:0
end_of_record
TN:
SF:src\domain\recursos\decorators\RecursoConComentarios.ts
FN:12,(anonymous_0)
FN:16,(anonymous_1)
FNF:2
FNH:0
FNDA:0,(anonymous_0)
FNDA:0,(anonymous_1)
DA:2,0
DA:11,0
DA:12,0
DA:13,0
DA:17,0
DA:20,0
LF:6
LH:0
BRDA:23,0,0,0
BRDA:23,0,1,0
BRF:2
BRH:0
end_of_record
TN:
SF:src\domain\recursos\decorators\RecursoConEtiquetas.ts
FN:5,(anonymous_0)
FN:9,(anonymous_1)
FNF:2
FNH:0
FNDA:0,(anonymous_0)
FNDA:0,(anonymous_1)
DA:2,0
DA:4,0
DA:5,0
DA:6,0
DA:10,0
DA:12,0
LF:6
LH:0
BRDA:15,0,0,0
BRDA:15,0,1,0
BRF:2
BRH:0
end_of_record
TN:
SF:src\domain\recursos\decorators\RecursoConValoracion.ts
FN:5,(anonymous_0)
FN:12,(anonymous_1)
FNF:2
FNH:0
FNDA:0,(anonymous_0)
FNDA:0,(anonymous_1)
DA:2,0
DA:4,0
DA:7,0
DA:9,0
DA:13,0
DA:16,0
DA:20,0
LF:7
LH:0
BRDA:16,0,0,0
BRDA:16,0,1,0
BRF:2
BRH:0
end_of_record
TN:
SF:src\infrastructure\database\prisma-client.ts
FNF:0
FNH:0
DA:1,0
DA:3,0
DA:5,0
LF:3
LH:0
BRF:0
BRH:0
end_of_record
TN:
SF:src\lib\auth.ts
FN:13,(anonymous_1)
FN:23,(anonymous_2)
FN:25,(anonymous_3)
FN:33,(anonymous_4)
FN:43,(anonymous_5)
FNF:5
FNH:0
FNDA:0,(anonymous_1)
FNDA:0,(anonymous_2)
FNDA:0,(anonymous_3)
FNDA:0,(anonymous_4)
FNDA:0,(anonymous_5)
DA:1,0
DA:2,0
DA:10,0
DA:14,0
DA:15,0
DA:16,0
DA:26,0
DA:27,0
DA:30,0
DA:34,0
DA:36,0
DA:37,0
DA:40,0
DA:44,0
DA:45,0
DA:48,0
DA:49,0
DA:52,0
DA:53,0
DA:55,0
DA:56,0
DA:59,0
DA:60,0
DA:63,0
DA:68,0
LF:25
LH:0
BRDA:26,0,0,0
BRDA:26,0,1,0
BRDA:36,1,0,0
BRDA:36,1,1,0
BRDA:44,2,0,0
BRDA:44,2,1,0
BRDA:48,3,0,0
BRDA:48,3,1,0
BRDA:55,4,0,0
BRDA:55,4,1,0
BRDA:59,5,0,0
BRDA:59,5,1,0
BRF:12
BRH:0
end_of_record
TN:
SF:src\lib\cloudinary.ts
FN:9,(anonymous_0)
FNF:1
FNH:0
FNDA:0,(anonymous_0)
DA:1,0
DA:3,0
DA:9,0
LF:3
LH:0
BRF:0
BRH:0
end_of_record
TN:
SF:src\lib\handler.ts
FN:6,(anonymous_0)
FN:8,(anonymous_1)
FN:16,(anonymous_2)
FN:24,(anonymous_3)
FNF:4
FNH:0
FNDA:0,(anonymous_0)
FNDA:0,(anonymous_1)
FNDA:0,(anonymous_2)
FNDA:0,(anonymous_3)
DA:9,0
DA:10,0
DA:13,0
DA:17,0
DA:25,0
DA:35,0
LF:6
LH:0
BRDA:9,0,0,0
BRDA:9,0,1,0
BRDA:20,1,0,0
BRDA:20,1,1,0
BRF:4
BRH:0
end_of_record
TN:
SF:src\lib\logger.ts
FN:6,(anonymous_0)
FN:8,(anonymous_1)
FN:16,(anonymous_2)
FN:39,(anonymous_3)
FN:43,(anonymous_4)
FN:47,(anonymous_5)
FN:51,(anonymous_6)
FN:55,(anonymous_7)
FNF:8
FNH:5
FNDA:1,(anonymous_0)
FNDA:1,(anonymous_1)
FNDA:2,(anonymous_2)
FNDA:0,(anonymous_3)
FNDA:1,(anonymous_4)
FNDA:1,(anonymous_5)
FNDA:0,(anonymous_6)
FNDA:0,(anonymous_7)
DA:9,1
DA:10,1
DA:13,1
DA:17,2
DA:18,2
DA:19,2
DA:21,2
DA:22,1
DA:23,1
DA:26,1
DA:27,0
DA:28,0
DA:31,1
DA:32,0
DA:33,0
DA:36,1
DA:40,0
DA:44,1
DA:48,1
DA:52,0
DA:56,0
DA:60,1
LF:22
LH:15
BRDA:9,0,0,1
BRDA:9,0,1,0
BRDA:19,1,0,1
BRDA:19,1,1,1
BRDA:21,2,0,1
BRDA:21,2,1,1
BRDA:21,3,0,2
BRDA:21,3,1,1
BRDA:26,4,0,0
BRDA:26,4,1,1
BRDA:31,5,0,0
BRDA:31,5,1,1
BRF:12
BRH:9
end_of_record
TN:
SF:src\lib\mailer.ts
FN:14,(anonymous_1)
FNF:1
FNH:0
FNDA:0,(anonymous_1)
DA:1,0
DA:2,0
DA:4,0
DA:14,0
DA:15,0
LF:5
LH:0
BRF:0
BRH:0
end_of_record
TN:
SF:src\lib\prisma.ts
FNF:0
FNH:0
DA:1,0
DA:3,0
LF:2
LH:0
BRF:0
BRH:0
end_of_record
TN:
SF:src\lib\socket.ts
FN:13,roomName
FN:62,inicializarSocket
FN:69,(anonymous_3)
FN:93,(anonymous_4)
FN:99,(anonymous_5)
FN:100,(anonymous_6)
FN:107,(anonymous_7)
FN:114,(anonymous_8)
FN:126,(anonymous_9)
FN:137,(anonymous_10)
FN:157,registrarObserverGrupo
FN:193,desuscribirObserverGrupo
FN:196,(anonymous_13)
FN:216,desuscribirObserversDelSocket
FN:220,(anonymous_15)
FN:232,emitirMensajeTiempoReal
FN:252,emitirMensajeGrupoTiempoReal
FN:272,emitirReaccionTiempoReal
FN:277,emitirReaccionRemovidaTiempoReal
FN:282,emitirMencionTiempoReal
FN:287,emitirEventoNuevoPorCategoria
FN:295,emitirNotificacion
FN:303,emitirNotificacionGrupo
FN:311,emitirEncuestaGrupoTiempoReal
FN:319,emitirEncuestaActualizadaGrupoTiempoReal
FN:327,emitirSolicitudContactoTiempoReal
FN:344,emitirSolicitudContactoRechazadaTiempoReal
FN:363,emitirSolicitudGrupoNueva
FN:381,emitirSolicitudGrupoResuelta
FN:397,emitirTransferenciaAdmin
FN:418,emitirTransferenciaPendiente
FN:434,emitirTransferenciaAceptada
FN:453,emitirTransferenciaRechazada
FN:469,emitirTransferenciaCancelada
FNF:34
FNH:0
FNDA:0,roomName
FNDA:0,inicializarSocket
FNDA:0,(anonymous_3)
FNDA:0,(anonymous_4)
FNDA:0,(anonymous_5)
FNDA:0,(anonymous_6)
FNDA:0,(anonymous_7)
FNDA:0,(anonymous_8)
FNDA:0,(anonymous_9)
FNDA:0,(anonymous_10)
FNDA:0,registrarObserverGrupo
FNDA:0,desuscribirObserverGrupo
FNDA:0,(anonymous_13)
FNDA:0,desuscribirObserversDelSocket
FNDA:0,(anonymous_15)
FNDA:0,emitirMensajeTiempoReal
FNDA:0,emitirMensajeGrupoTiempoReal
FNDA:0,emitirReaccionTiempoReal
FNDA:0,emitirReaccionRemovidaTiempoReal
FNDA:0,emitirMencionTiempoReal
FNDA:0,emitirEventoNuevoPorCategoria
FNDA:0,emitirNotificacion
FNDA:0,emitirNotificacionGrupo
FNDA:0,emitirEncuestaGrupoTiempoReal
FNDA:0,emitirEncuestaActualizadaGrupoTiempoReal
FNDA:0,emitirSolicitudContactoTiempoReal
FNDA:0,emitirSolicitudContactoRechazadaTiempoReal
FNDA:0,emitirSolicitudGrupoNueva
FNDA:0,emitirSolicitudGrupoResuelta
FNDA:0,emitirTransferenciaAdmin
FNDA:0,emitirTransferenciaPendiente
FNDA:0,emitirTransferenciaAceptada
FNDA:0,emitirTransferenciaRechazada
FNDA:0,emitirTransferenciaCancelada
DA:1,0
DA:2,0
DA:4,0
DA:5,0
DA:6,0
DA:7,0
DA:8,0
DA:13,0
DA:14,0
DA:54,0
DA:60,0
DA:62,0
DA:63,0
DA:69,0
DA:70,0
DA:71,0
DA:73,0
DA:74,0
DA:77,0
DA:78,0
DA:81,0
DA:82,0
DA:85,0
DA:86,0
DA:87,0
DA:89,0
DA:93,0
DA:94,0
DA:96,0
DA:97,0
DA:98,0
DA:100,0
DA:101,0
DA:104,0
DA:108,0
DA:111,0
DA:114,0
DA:115,0
DA:117,0
DA:118,0
DA:126,0
DA:127,0
DA:128,0
DA:129,0
DA:130,0
DA:137,0
DA:138,0
DA:139,0
DA:140,0
DA:141,0
DA:146,0
DA:147,0
DA:158,0
DA:161,0
DA:165,0
DA:166,0
DA:168,0
DA:172,0
DA:175,0
DA:176,0
DA:178,0
DA:181,0
DA:194,0
DA:195,0
DA:196,0
DA:198,0
DA:199,0
DA:200,0
DA:201,0
DA:204,0
DA:217,0
DA:218,0
DA:220,0
DA:221,0
DA:224,0
DA:226,0
DA:232,0
DA:244,0
DA:245,0
DA:248,0
DA:249,0
DA:252,0
DA:265,0
DA:266,0
DA:269,0
DA:272,0
DA:273,0
DA:274,0
DA:277,0
DA:278,0
DA:279,0
DA:282,0
DA:283,0
DA:284,0
DA:287,0
DA:288,0
DA:289,0
DA:292,0
DA:295,0
DA:296,0
DA:297,0
DA:300,0
DA:303,0
DA:304,0
DA:305,0
DA:308,0
DA:311,0
DA:312,0
DA:313,0
DA:316,0
DA:319,0
DA:320,0
DA:321,0
DA:324,0
DA:327,0
DA:335,0
DA:336,0
DA:339,0
DA:344,0
DA:352,0
DA:353,0
DA:356,0
DA:363,0
DA:372,0
DA:373,0
DA:376,0
DA:381,0
DA:388,0
DA:389,0
DA:392,0
DA:397,0
DA:405,0
DA:406,0
DA:409,0
DA:413,0
DA:418,0
DA:426,0
DA:427,0
DA:429,0
DA:434,0
DA:442,0
DA:443,0
DA:445,0
DA:448,0
DA:453,0
DA:461,0
DA:462,0
DA:464,0
DA:469,0
DA:476,0
DA:477,0
DA:479,0
LF:152
LH:0
BRDA:73,0,0,0
BRDA:73,0,1,0
BRDA:77,1,0,0
BRDA:77,1,1,0
BRDA:81,2,0,0
BRDA:81,2,1,0
BRDA:96,3,0,0
BRDA:96,3,1,0
BRDA:115,4,0,0
BRDA:115,4,1,0
BRDA:127,5,0,0
BRDA:127,5,1,0
BRDA:127,6,0,0
BRDA:127,6,1,0
BRDA:138,7,0,0
BRDA:138,7,1,0
BRDA:138,8,0,0
BRDA:138,8,1,0
BRDA:161,9,0,0
BRDA:161,9,1,0
BRDA:165,10,0,0
BRDA:165,10,1,0
BRDA:175,11,0,0
BRDA:175,11,1,0
BRDA:195,12,0,0
BRDA:195,12,1,0
BRDA:198,13,0,0
BRDA:198,13,1,0
BRDA:218,14,0,0
BRDA:218,14,1,0
BRDA:244,15,0,0
BRDA:244,15,1,0
BRDA:265,16,0,0
BRDA:265,16,1,0
BRDA:273,17,0,0
BRDA:273,17,1,0
BRDA:278,18,0,0
BRDA:278,18,1,0
BRDA:283,19,0,0
BRDA:283,19,1,0
BRDA:288,20,0,0
BRDA:288,20,1,0
BRDA:296,21,0,0
BRDA:296,21,1,0
BRDA:304,22,0,0
BRDA:304,22,1,0
BRDA:312,23,0,0
BRDA:312,23,1,0
BRDA:320,24,0,0
BRDA:320,24,1,0
BRDA:335,25,0,0
BRDA:335,25,1,0
BRDA:352,26,0,0
BRDA:352,26,1,0
BRDA:372,27,0,0
BRDA:372,27,1,0
BRDA:388,28,0,0
BRDA:388,28,1,0
BRDA:405,29,0,0
BRDA:405,29,1,0
BRDA:426,30,0,0
BRDA:426,30,1,0
BRDA:442,31,0,0
BRDA:442,31,1,0
BRDA:461,32,0,0
BRDA:461,32,1,0
BRDA:476,33,0,0
BRDA:476,33,1,0
BRF:68
BRH:0
end_of_record
TN:
SF:src\lib\token-blacklist.ts
FN:7,cleanupExpiredTokens
FN:17,revokeToken
FN:25,isTokenRevoked
FNF:3
FNH:0
FNDA:0,cleanupExpiredTokens
FNDA:0,revokeToken
FNDA:0,isTokenRevoked
DA:5,0
DA:8,0
DA:10,0
DA:11,0
DA:12,0
DA:17,0
DA:18,0
DA:20,0
DA:25,0
DA:26,0
DA:27,0
LF:11
LH:0
BRDA:11,0,0,0
BRDA:11,0,1,0
BRF:2
BRH:0
end_of_record
TN:
SF:src\middleware\archivo-grupo.middleware.ts
FN:6,(anonymous_1)
FN:23,procesarUploadArchivoGrupo
FN:28,(anonymous_3)
FNF:3
FNH:0
FNDA:0,(anonymous_1)
FNDA:0,procesarUploadArchivoGrupo
FNDA:0,(anonymous_3)
DA:1,0
DA:4,0
DA:6,0
DA:7,0
DA:8,0
DA:9,0
DA:10,0
DA:12,0
DA:15,0
DA:21,0
DA:23,0
DA:24,0
DA:29,0
DA:30,0
DA:32,0
DA:36,0
DA:37,0
DA:40,0
DA:41,0
DA:44,0
DA:45,0
DA:49,0
DA:52,0
DA:53,0
DA:57,0
DA:60,0
DA:61,0
DA:65,0
DA:68,0
LF:29
LH:0
BRDA:8,0,0,0
BRDA:8,0,1,0
BRDA:29,1,0,0
BRDA:29,1,1,0
BRDA:32,2,0,0
BRDA:32,2,1,0
BRDA:32,2,2,0
BRDA:36,3,0,0
BRDA:36,3,1,0
BRDA:44,4,0,0
BRDA:44,4,1,0
BRDA:44,5,0,0
BRDA:44,5,1,0
BRDA:52,6,0,0
BRDA:52,6,1,0
BRDA:52,7,0,0
BRDA:52,7,1,0
BRDA:60,8,0,0
BRDA:60,8,1,0
BRF:19
BRH:0
end_of_record
TN:
SF:src\middleware\autenticacion.middleware.ts
FN:21,verificarJWT
FNF:1
FNH:0
FNDA:0,verificarJWT
DA:2,0
DA:3,0
DA:21,0
DA:22,0
DA:23,0
DA:25,0
DA:26,0
DA:32,0
DA:33,0
DA:39,0
DA:40,0
DA:43,0
DA:45,0
DA:46,0
DA:47,0
DA:50,0
DA:51,0
DA:57,0
DA:58,0
DA:64,0
LF:20
LH:0
BRDA:25,0,0,0
BRDA:25,0,1,0
BRDA:32,1,0,0
BRDA:32,1,1,0
BRDA:39,2,0,0
BRDA:39,2,1,0
BRDA:50,3,0,0
BRDA:50,3,1,0
BRDA:57,4,0,0
BRDA:57,4,1,0
BRDA:67,5,0,0
BRDA:67,5,1,0
BRF:12
BRH:0
end_of_record
TN:
SF:src\middleware\correo-institucional.middleware.ts
FN:4,validarCorreoInstitucional
FNF:1
FNH:0
FNDA:0,validarCorreoInstitucional
DA:2,0
DA:4,0
DA:5,0
DA:7,0
DA:8,0
DA:14,0
DA:15,0
DA:21,0
LF:8
LH:0
BRDA:7,0,0,0
BRDA:7,0,1,0
BRDA:7,1,0,0
BRDA:7,1,1,0
BRDA:14,2,0,0
BRDA:14,2,1,0
BRF:6
BRH:0
end_of_record
TN:
SF:src\models\carrera.model.ts
FN:3,carreraDelegate
FN:17,(anonymous_2)
FN:23,(anonymous_3)
FN:33,(anonymous_4)
FN:37,(anonymous_5)
FN:43,(anonymous_6)
FN:44,(anonymous_7)
FN:61,(anonymous_8)
FN:62,(anonymous_9)
FN:69,(anonymous_10)
FNF:10
FNH:0
FNDA:0,carreraDelegate
FNDA:0,(anonymous_2)
FNDA:0,(anonymous_3)
FNDA:0,(anonymous_4)
FNDA:0,(anonymous_5)
FNDA:0,(anonymous_6)
FNDA:0,(anonymous_7)
FNDA:0,(anonymous_8)
FNDA:0,(anonymous_9)
FNDA:0,(anonymous_10)
DA:1,0
DA:4,0
DA:13,0
DA:16,0
DA:18,0
DA:24,0
DA:34,0
DA:38,0
DA:39,0
DA:42,0
DA:43,0
DA:44,0
DA:46,0
DA:47,0
DA:50,0
DA:61,0
DA:62,0
DA:64,0
DA:65,0
DA:68,0
DA:69,0
LF:21
LH:0
BRDA:38,0,0,0
BRDA:38,0,1,0
BRDA:46,1,0,0
BRDA:46,1,1,0
BRDA:64,2,0,0
BRDA:64,2,1,0
BRF:6
BRH:0
end_of_record
TN:
SF:src\models\contacto.model.ts
FN:24,contactoDelegate
FN:58,(anonymous_2)
FN:75,(anonymous_3)
FN:85,(anonymous_4)
FN:117,(anonymous_5)
FN:155,(anonymous_6)
FN:156,(anonymous_7)
FN:177,(anonymous_8)
FN:196,(anonymous_9)
FN:197,(anonymous_10)
FN:213,(anonymous_11)
FN:236,(anonymous_12)
FNF:12
FNH:0
FNDA:0,contactoDelegate
FNDA:0,(anonymous_2)
FNDA:0,(anonymous_3)
FNDA:0,(anonymous_4)
FNDA:0,(anonymous_5)
FNDA:0,(anonymous_6)
FNDA:0,(anonymous_7)
FNDA:0,(anonymous_8)
FNDA:0,(anonymous_9)
FNDA:0,(anonymous_10)
FNDA:0,(anonymous_11)
FNDA:0,(anonymous_12)
DA:1,0
DA:25,0
DA:54,0
DA:57,0
DA:59,0
DA:76,0
DA:86,0
DA:99,0
DA:101,0
DA:102,0
DA:103,0
DA:105,0
DA:106,0
DA:109,0
DA:110,0
DA:114,0
DA:118,0
DA:152,0
DA:154,0
DA:155,0
DA:157,0
DA:161,0
DA:178,0
DA:188,0
DA:195,0
DA:196,0
DA:197,0
DA:214,0
DA:218,0
DA:219,0
DA:222,0
DA:223,0
DA:226,0
DA:227,0
DA:230,0
DA:237,0
DA:241,0
DA:242,0
DA:245,0
DA:246,0
DA:249,0
DA:250,0
DA:255,0
LF:43
LH:0
BRDA:102,0,0,0
BRDA:102,0,1,0
BRDA:103,1,0,0
BRDA:103,1,1,0
BRDA:105,2,0,0
BRDA:105,2,1,0
BRDA:105,3,0,0
BRDA:105,3,1,0
BRDA:109,4,0,0
BRDA:109,4,1,0
BRDA:109,5,0,0
BRDA:109,5,1,0
BRDA:155,6,0,0
BRDA:155,6,1,0
BRDA:157,7,0,0
BRDA:157,7,1,0
BRDA:218,8,0,0
BRDA:218,8,1,0
BRDA:222,9,0,0
BRDA:222,9,1,0
BRDA:226,10,0,0
BRDA:226,10,1,0
BRDA:241,11,0,0
BRDA:241,11,1,0
BRDA:245,12,0,0
BRDA:245,12,1,0
BRDA:249,13,0,0
BRDA:249,13,1,0
BRF:28
BRH:0
end_of_record
TN:
SF:src\models\evento.model.ts
FN:20,eventoDelegate
FN:32,(anonymous_2)
FN:43,(anonymous_3)
FN:57,(anonymous_4)
FNF:4
FNH:0
FNDA:0,eventoDelegate
FNDA:0,(anonymous_2)
FNDA:0,(anonymous_3)
FNDA:0,(anonymous_4)
DA:1,0
DA:21,0
DA:28,0
DA:31,0
DA:40,0
DA:44,0
DA:58,0
LF:7
LH:0
BRF:0
BRH:0
end_of_record
TN:
SF:src\models\grupo-archivo.model.ts
FN:3,grupoArchivoDelegate
FN:61,(anonymous_2)
FN:84,(anonymous_3)
FN:104,(anonymous_4)
FNF:4
FNH:0
FNDA:0,grupoArchivoDelegate
FNDA:0,(anonymous_2)
FNDA:0,(anonymous_3)
FNDA:0,(anonymous_4)
DA:1,0
DA:4,0
DA:57,0
DA:60,0
DA:70,0
DA:85,0
DA:105,0
LF:7
LH:0
BRF:0
BRH:0
end_of_record
TN:
SF:src\models\grupo.model.ts
FN:4,grupoDelegate
FN:65,(anonymous_2)
FN:73,(anonymous_3)
FN:97,(anonymous_4)
FN:126,(anonymous_5)
FN:152,(anonymous_6)
FN:152,(anonymous_7)
FN:165,(anonymous_8)
FN:168,(anonymous_9)
FN:169,(anonymous_10)
FN:171,(anonymous_11)
FN:174,(anonymous_12)
FN:184,(anonymous_13)
FN:204,(anonymous_14)
FN:223,(anonymous_15)
FN:234,(anonymous_16)
FN:250,(anonymous_17)
FN:266,(anonymous_18)
FN:268,(anonymous_19)
FN:280,(anonymous_20)
FN:286,(anonymous_21)
FN:294,(anonymous_22)
FN:300,(anonymous_23)
FN:307,(anonymous_24)
FN:314,(anonymous_25)
FN:321,(anonymous_26)
FN:330,(anonymous_27)
FN:343,(anonymous_28)
FNF:28
FNH:0
FNDA:0,grupoDelegate
FNDA:0,(anonymous_2)
FNDA:0,(anonymous_3)
FNDA:0,(anonymous_4)
FNDA:0,(anonymous_5)
FNDA:0,(anonymous_6)
FNDA:0,(anonymous_7)
FNDA:0,(anonymous_8)
FNDA:0,(anonymous_9)
FNDA:0,(anonymous_10)
FNDA:0,(anonymous_11)
FNDA:0,(anonymous_12)
FNDA:0,(anonymous_13)
FNDA:0,(anonymous_14)
FNDA:0,(anonymous_15)
FNDA:0,(anonymous_16)
FNDA:0,(anonymous_17)
FNDA:0,(anonymous_18)
FNDA:0,(anonymous_19)
FNDA:0,(anonymous_20)
FNDA:0,(anonymous_21)
FNDA:0,(anonymous_22)
FNDA:0,(anonymous_23)
FNDA:0,(anonymous_24)
FNDA:0,(anonymous_25)
FNDA:0,(anonymous_26)
FNDA:0,(anonymous_27)
FNDA:0,(anonymous_28)
DA:1,0
DA:5,0
DA:61,0
DA:64,0
DA:66,0
DA:78,0
DA:98,0
DA:130,0
DA:150,0
DA:152,0
DA:156,0
DA:165,0
DA:167,0
DA:169,0
DA:172,0
DA:174,0
DA:181,0
DA:185,0
DA:205,0
DA:207,0
DA:223,0
DA:224,0
DA:234,0
DA:249,0
DA:251,0
DA:252,0
DA:253,0
DA:266,0
DA:268,0
DA:270,0
DA:271,0
DA:273,0
DA:281,0
DA:287,0
DA:295,0
DA:301,0
DA:308,0
DA:315,0
DA:322,0
DA:332,0
DA:333,0
DA:334,0
DA:335,0
DA:338,0
DA:344,0
LF:45
LH:0
BRDA:252,0,0,0
BRDA:252,0,1,0
BRDA:259,1,0,0
BRDA:259,1,1,0
BRDA:270,2,0,0
BRDA:270,2,1,0
BRDA:271,3,0,0
BRDA:271,3,1,0
BRDA:274,4,0,0
BRDA:274,4,1,0
BRF:10
BRH:0
end_of_record
TN:
SF:src\models\materia.model.ts
FN:3,materiaDelegate
FN:18,(anonymous_2)
FN:26,(anonymous_3)
FN:32,(anonymous_4)
FN:38,(anonymous_5)
FN:44,(anonymous_6)
FN:50,(anonymous_7)
FN:54,(anonymous_8)
FN:59,(anonymous_9)
FN:63,(anonymous_10)
FN:69,(anonymous_11)
FN:70,(anonymous_12)
FN:87,(anonymous_13)
FN:88,(anonymous_14)
FN:95,(anonymous_15)
FNF:15
FNH:0
FNDA:0,materiaDelegate
FNDA:0,(anonymous_2)
FNDA:0,(anonymous_3)
FNDA:0,(anonymous_4)
FNDA:0,(anonymous_5)
FNDA:0,(anonymous_6)
FNDA:0,(anonymous_7)
FNDA:0,(anonymous_8)
FNDA:0,(anonymous_9)
FNDA:0,(anonymous_10)
FNDA:0,(anonymous_11)
FNDA:0,(anonymous_12)
FNDA:0,(anonymous_13)
FNDA:0,(anonymous_14)
FNDA:0,(anonymous_15)
DA:1,0
DA:4,0
DA:14,0
DA:17,0
DA:19,0
DA:27,0
DA:33,0
DA:39,0
DA:45,0
DA:51,0
DA:52,0
DA:54,0
DA:55,0
DA:60,0
DA:64,0
DA:65,0
DA:68,0
DA:69,0
DA:70,0
DA:72,0
DA:73,0
DA:76,0
DA:87,0
DA:88,0
DA:90,0
DA:91,0
DA:94,0
DA:95,0
LF:28
LH:0
BRDA:64,0,0,0
BRDA:64,0,1,0
BRDA:72,1,0,0
BRDA:72,1,1,0
BRDA:90,2,0,0
BRDA:90,2,1,0
BRF:6
BRH:0
end_of_record
TN:
SF:src\models\mensaje.model.ts
FN:3,mensajeDelegate
FN:68,grupoMensajeDelegate
FN:108,(anonymous_3)
FN:123,(anonymous_4)
FN:180,(anonymous_5)
FN:205,(anonymous_6)
FN:255,(anonymous_7)
FN:263,(anonymous_8)
FN:285,(anonymous_9)
FN:305,(anonymous_10)
FN:375,(anonymous_11)
FN:405,(anonymous_12)
FN:438,(anonymous_13)
FNF:13
FNH:0
FNDA:0,mensajeDelegate
FNDA:0,grupoMensajeDelegate
FNDA:0,(anonymous_3)
FNDA:0,(anonymous_4)
FNDA:0,(anonymous_5)
FNDA:0,(anonymous_6)
FNDA:0,(anonymous_7)
FNDA:0,(anonymous_8)
FNDA:0,(anonymous_9)
FNDA:0,(anonymous_10)
FNDA:0,(anonymous_11)
FNDA:0,(anonymous_12)
FNDA:0,(anonymous_13)
DA:1,0
DA:4,0
DA:65,0
DA:69,0
DA:104,0
DA:107,0
DA:109,0
DA:124,0
DA:125,0
DA:177,0
DA:181,0
DA:199,0
DA:206,0
DA:207,0
DA:255,0
DA:267,0
DA:268,0
DA:270,0
DA:286,0
DA:287,0
DA:289,0
DA:306,0
DA:309,0
DA:337,0
DA:370,0
DA:379,0
DA:380,0
DA:382,0
DA:411,0
DA:412,0
DA:414,0
DA:425,0
DA:426,0
DA:435,0
DA:439,0
DA:440,0
DA:442,0
DA:457,0
DA:466,0
DA:467,0
DA:468,0
DA:469,0
DA:475,0
DA:476,0
DA:477,0
DA:479,0
DA:483,0
LF:47
LH:0
BRDA:267,0,0,0
BRDA:267,0,1,0
BRDA:286,1,0,0
BRDA:286,1,1,0
BRDA:379,2,0,0
BRDA:379,2,1,0
BRDA:411,3,0,0
BRDA:411,3,1,0
BRDA:425,4,0,0
BRDA:425,4,1,0
BRDA:439,5,0,0
BRDA:439,5,1,0
BRDA:468,6,0,0
BRDA:468,6,1,0
BRDA:477,7,0,0
BRDA:477,7,1,0
BRF:16
BRH:0
end_of_record
TN:
SF:src\models\solicitud-grupo.model.ts
FN:27,solicitudGrupoDelegate
FN:52,(anonymous_2)
FN:69,(anonymous_3)
FN:79,(anonymous_4)
FN:93,(anonymous_5)
FN:112,(anonymous_6)
FN:128,(anonymous_7)
FN:143,(anonymous_8)
FN:158,(anonymous_9)
FNF:9
FNH:0
FNDA:0,solicitudGrupoDelegate
FNDA:0,(anonymous_2)
FNDA:0,(anonymous_3)
FNDA:0,(anonymous_4)
FNDA:0,(anonymous_5)
FNDA:0,(anonymous_6)
FNDA:0,(anonymous_7)
FNDA:0,(anonymous_8)
FNDA:0,(anonymous_9)
DA:1,0
DA:28,0
DA:48,0
DA:51,0
DA:53,0
DA:70,0
DA:80,0
DA:94,0
DA:107,0
DA:113,0
DA:123,0
DA:129,0
DA:144,0
DA:159,0
LF:14
LH:0
BRF:0
BRH:0
end_of_record
TN:
SF:src\models\usuario.model.ts
FN:4,(anonymous_1)
FN:13,(anonymous_2)
FN:31,(anonymous_3)
FN:38,(anonymous_4)
FN:49,(anonymous_5)
FN:56,(anonymous_6)
FN:59,(anonymous_7)
FN:82,(anonymous_8)
FN:95,(anonymous_9)
FN:100,(anonymous_10)
FN:105,(anonymous_11)
FN:116,(anonymous_12)
FN:127,(anonymous_13)
FN:139,(anonymous_14)
FN:151,(anonymous_15)
FN:179,(anonymous_16)
FN:198,(anonymous_17)
FN:219,(anonymous_18)
FN:220,(anonymous_19)
FN:224,(anonymous_20)
FN:232,(anonymous_21)
FNF:21
FNH:0
FNDA:0,(anonymous_1)
FNDA:0,(anonymous_2)
FNDA:0,(anonymous_3)
FNDA:0,(anonymous_4)
FNDA:0,(anonymous_5)
FNDA:0,(anonymous_6)
FNDA:0,(anonymous_7)
FNDA:0,(anonymous_8)
FNDA:0,(anonymous_9)
FNDA:0,(anonymous_10)
FNDA:0,(anonymous_11)
FNDA:0,(anonymous_12)
FNDA:0,(anonymous_13)
FNDA:0,(anonymous_14)
FNDA:0,(anonymous_15)
FNDA:0,(anonymous_16)
FNDA:0,(anonymous_17)
FNDA:0,(anonymous_18)
FNDA:0,(anonymous_19)
FNDA:0,(anonymous_20)
FNDA:0,(anonymous_21)
DA:1,0
DA:3,0
DA:5,0
DA:25,0
DA:32,0
DA:39,0
DA:43,0
DA:45,0
DA:50,0
DA:57,0
DA:59,0
DA:60,0
DA:62,0
DA:83,0
DA:86,0
DA:95,0
DA:96,0
DA:100,0
DA:101,0
DA:105,0
DA:117,0
DA:119,0
DA:127,0
DA:128,0
DA:129,0
DA:130,0
DA:132,0
DA:139,0
DA:152,0
DA:156,0
DA:158,0
DA:160,0
DA:185,0
DA:187,0
DA:188,0
DA:189,0
DA:190,0
DA:192,0
DA:199,0
DA:219,0
DA:220,0
DA:223,0
DA:224,0
DA:226,0
DA:231,0
DA:232,0
DA:234,0
DA:235,0
DA:238,0
DA:240,0
DA:241,0
DA:244,0
DA:245,0
DA:248,0
DA:249,0
DA:256,0
DA:265,0
DA:274,0
DA:280,0
DA:286,0
DA:292,0
DA:298,0
LF:62
LH:0
BRDA:43,0,0,0
BRDA:43,0,1,0
BRDA:68,1,0,0
BRDA:68,1,1,0
BRDA:69,2,0,0
BRDA:69,2,1,0
BRDA:72,3,0,0
BRDA:72,3,1,0
BRDA:96,4,0,0
BRDA:96,4,1,0
BRDA:128,5,0,0
BRDA:128,5,1,0
BRDA:129,6,0,0
BRDA:129,6,1,0
BRDA:130,7,0,0
BRDA:130,7,1,0
BRDA:133,8,0,0
BRDA:133,8,1,0
BRDA:133,8,2,0
BRDA:156,9,0,0
BRDA:156,9,1,0
BRDA:166,10,0,0
BRDA:166,10,1,0
BRDA:167,11,0,0
BRDA:167,11,1,0
BRDA:170,12,0,0
BRDA:170,12,1,0
BRDA:187,13,0,0
BRDA:187,13,1,0
BRDA:188,14,0,0
BRDA:188,14,1,0
BRDA:189,15,0,0
BRDA:189,15,1,0
BRDA:190,16,0,0
BRDA:190,16,1,0
BRDA:223,17,0,0
BRDA:223,17,1,0
BRDA:234,18,0,0
BRDA:234,18,1,0
BRDA:240,19,0,0
BRDA:240,19,1,0
BRDA:244,20,0,0
BRDA:244,20,1,0
BRDA:248,21,0,0
BRDA:248,21,1,0
BRF:45
BRH:0
end_of_record
TN:
SF:src\modules\catalog\application\catalog.use-cases.ts
FN:17,(anonymous_0)
FN:22,(anonymous_1)
FN:33,(anonymous_2)
FNF:3
FNH:0
FNDA:0,(anonymous_0)
FNDA:0,(anonymous_1)
FNDA:0,(anonymous_2)
DA:3,0
DA:16,0
DA:18,0
DA:19,0
DA:23,0
DA:25,0
DA:34,0
DA:39,0
LF:8
LH:0
BRF:0
BRH:0
end_of_record
TN:
SF:src\modules\catalog\infrastructure\prisma-carrera.repository.ts
FN:5,(anonymous_0)
FN:9,(anonymous_1)
FN:13,(anonymous_2)
FN:17,(anonymous_3)
FNF:4
FNH:0
FNDA:0,(anonymous_0)
FNDA:0,(anonymous_1)
FNDA:0,(anonymous_2)
FNDA:0,(anonymous_3)
DA:2,0
DA:4,0
DA:6,0
DA:10,0
DA:14,0
DA:18,0
LF:6
LH:0
BRF:0
BRH:0
end_of_record
TN:
SF:src\modules\catalog\interfaces\http\catalogo.controller.ts
FN:7,(anonymous_0)
FN:21,(anonymous_1)
FNF:2
FNH:0
FNDA:0,(anonymous_0)
FNDA:0,(anonymous_1)
DA:3,0
DA:4,0
DA:6,0
DA:8,0
DA:9,0
DA:11,0
DA:17,0
DA:22,0
DA:23,0
DA:25,0
DA:30,0
LF:11
LH:0
BRF:0
BRH:0
end_of_record
TN:
SF:src\modules\catalog\interfaces\http\catalogo.routes.ts
FNF:0
FNH:0
DA:1,0
DA:3,0
DA:4,0
DA:6,0
DA:20,0
DA:39,0
DA:41,0
LF:7
LH:0
BRF:0
BRH:0
end_of_record
TN:
SF:src\modules\events\application\event.use-cases.ts
FN:12,(anonymous_0)
FN:17,(anonymous_1)
FN:75,(anonymous_2)
FN:80,(anonymous_3)
FN:89,(anonymous_4)
FNF:5
FNH:0
FNDA:0,(anonymous_0)
FNDA:0,(anonymous_1)
FNDA:0,(anonymous_2)
FNDA:0,(anonymous_3)
FNDA:0,(anonymous_4)
DA:1,0
DA:8,0
DA:9,0
DA:11,0
DA:13,0
DA:14,0
DA:25,0
DA:27,0
DA:28,0
DA:31,0
DA:32,0
DA:35,0
DA:36,0
DA:39,0
DA:40,0
DA:43,0
DA:45,0
DA:46,0
DA:49,0
DA:50,0
DA:54,0
DA:58,0
DA:67,0
DA:69,0
DA:76,0
DA:77,0
DA:81,0
DA:82,0
DA:85,0
DA:86,0
DA:90,0
DA:91,0
DA:94,0
LF:33
LH:0
BRDA:14,0,0,0
BRDA:27,1,0,0
BRDA:27,1,1,0
BRDA:27,2,0,0
BRDA:27,2,1,0
BRDA:31,3,0,0
BRDA:31,3,1,0
BRDA:31,4,0,0
BRDA:31,4,1,0
BRDA:35,5,0,0
BRDA:35,5,1,0
BRDA:35,6,0,0
BRDA:35,6,1,0
BRDA:39,7,0,0
BRDA:39,7,1,0
BRDA:45,8,0,0
BRDA:45,8,1,0
BRDA:49,9,0,0
BRDA:49,9,1,0
BRDA:54,10,0,0
BRDA:54,10,1,0
BRDA:54,11,0,0
BRDA:54,11,1,0
BRDA:61,12,0,0
BRDA:61,12,1,0
BRDA:61,13,0,0
BRDA:61,13,1,0
BRDA:81,14,0,0
BRDA:81,14,1,0
BRDA:81,15,0,0
BRDA:81,15,1,0
BRDA:90,16,0,0
BRDA:90,16,1,0
BRF:33
BRH:0
end_of_record
TN:
SF:src\modules\events\infrastructure\prisma-evento.repository.ts
FN:5,(anonymous_0)
FN:16,(anonymous_1)
FN:20,(anonymous_2)
FNF:3
FNH:0
FNDA:0,(anonymous_0)
FNDA:0,(anonymous_1)
FNDA:0,(anonymous_2)
DA:2,0
DA:4,0
DA:13,0
DA:17,0
DA:21,0
LF:5
LH:0
BRF:0
BRH:0
end_of_record
TN:
SF:src\modules\events\interfaces\http\evento.controller.ts
FN:10,(anonymous_0)
FN:31,(anonymous_1)
FN:47,(anonymous_2)
FN:75,(anonymous_3)
FN:91,(anonymous_4)
FNF:5
FNH:0
FNDA:0,(anonymous_0)
FNDA:0,(anonymous_1)
FNDA:0,(anonymous_2)
FNDA:0,(anonymous_3)
FNDA:0,(anonymous_4)
DA:3,0
DA:4,0
DA:5,0
DA:6,0
DA:7,0
DA:9,0
DA:11,0
DA:12,0
DA:21,0
DA:27,0
DA:32,0
DA:33,0
DA:35,0
DA:36,0
DA:37,0
DA:40,0
DA:41,0
DA:43,0
DA:48,0
DA:49,0
DA:50,0
DA:51,0
DA:54,0
DA:55,0
DA:56,0
DA:62,0
DA:63,0
DA:64,0
DA:66,0
DA:71,0
DA:76,0
DA:77,0
DA:78,0
DA:79,0
DA:82,0
DA:83,0
DA:85,0
DA:87,0
DA:92,0
DA:93,0
DA:94,0
DA:95,0
DA:98,0
DA:99,0
DA:100,0
DA:106,0
DA:107,0
DA:108,0
DA:110,0
DA:115,0
LF:50
LH:0
BRDA:35,0,0,0
BRDA:35,0,1,0
BRDA:35,1,0,0
BRDA:35,1,1,0
BRDA:50,2,0,0
BRDA:50,2,1,0
BRDA:55,3,0,0
BRDA:55,3,1,0
BRDA:55,4,0,0
BRDA:55,4,1,0
BRDA:78,5,0,0
BRDA:78,5,1,0
BRDA:94,6,0,0
BRDA:94,6,1,0
BRDA:98,7,0,0
BRDA:98,7,1,0
BRDA:99,8,0,0
BRDA:99,8,1,0
BRF:18
BRH:0
end_of_record
TN:
SF:src\modules\events\interfaces\http\evento.routes.ts
FNF:0
FNH:0
DA:1,0
DA:3,0
DA:4,0
DA:6,0
DA:61,0
DA:62,0
DA:91,0
DA:92,0
DA:111,0
DA:113,0
LF:10
LH:0
BRF:0
BRH:0
end_of_record
TN:
SF:src\modules\foro\application\foro.use-cases.ts
FN:6,crearErrorForo
FN:23,(anonymous_1)
FN:25,(anonymous_2)
FN:52,(anonymous_3)
FN:77,(anonymous_4)
FN:90,(anonymous_5)
FN:96,(anonymous_6)
FNF:7
FNH:0
FNDA:0,crearErrorForo
FNDA:0,(anonymous_1)
FNDA:0,(anonymous_2)
FNDA:0,(anonymous_3)
FNDA:0,(anonymous_4)
FNDA:0,(anonymous_5)
FNDA:0,(anonymous_6)
DA:1,0
DA:4,0
DA:7,0
DA:8,0
DA:11,0
DA:12,0
DA:15,0
DA:16,0
DA:19,0
DA:22,0
DA:23,0
DA:31,0
DA:32,0
DA:33,0
DA:34,0
DA:36,0
DA:38,0
DA:39,0
DA:40,0
DA:42,0
DA:49,0
DA:58,0
DA:59,0
DA:60,0
DA:61,0
DA:63,0
DA:64,0
DA:65,0
DA:67,0
DA:74,0
DA:82,0
DA:83,0
DA:84,0
DA:86,0
DA:87,0
DA:91,0
DA:92,0
DA:93,0
DA:97,0
DA:98,0
DA:99,0
LF:41
LH:0
BRDA:7,0,0,0
BRDA:7,0,1,0
BRDA:11,1,0,0
BRDA:11,1,1,0
BRDA:11,2,0,0
BRDA:11,2,1,0
BRDA:15,3,0,0
BRDA:15,3,1,0
BRDA:31,4,0,0
BRDA:31,4,1,0
BRDA:32,5,0,0
BRDA:32,5,1,0
BRDA:32,6,0,0
BRDA:32,6,1,0
BRDA:33,7,0,0
BRDA:33,7,1,0
BRDA:33,8,0,0
BRDA:33,8,1,0
BRDA:36,9,0,0
BRDA:36,9,1,0
BRDA:40,10,0,0
BRDA:40,10,1,0
BRDA:40,11,0,0
BRDA:40,11,1,0
BRDA:58,12,0,0
BRDA:58,12,1,0
BRDA:59,13,0,0
BRDA:59,13,1,0
BRDA:59,14,0,0
BRDA:59,14,1,0
BRDA:60,15,0,0
BRDA:60,15,1,0
BRDA:60,16,0,0
BRDA:60,16,1,0
BRDA:61,17,0,0
BRDA:61,17,1,0
BRDA:65,18,0,0
BRDA:65,18,1,0
BRDA:65,19,0,0
BRDA:65,19,1,0
BRDA:82,20,0,0
BRDA:82,20,1,0
BRDA:83,21,0,0
BRDA:83,21,1,0
BRDA:83,22,0,0
BRDA:83,22,1,0
BRDA:84,23,0,0
BRDA:84,23,1,0
BRDA:84,24,0,0
BRDA:84,24,1,0
BRDA:91,25,0,0
BRDA:91,25,1,0
BRDA:91,26,0,0
BRDA:91,26,1,0
BRDA:97,27,0,0
BRDA:97,27,1,0
BRDA:97,28,0,0
BRDA:97,28,1,0
BRF:58
BRH:0
end_of_record
TN:
SF:src\modules\foro\application\validacion\ForoChainFactory.ts
FN:6,crearCadenaForo
FNF:1
FNH:0
FNDA:0,crearCadenaForo
DA:2,0
DA:3,0
DA:4,0
DA:6,0
DA:7,0
DA:8,0
DA:9,0
DA:11,0
DA:13,0
LF:9
LH:0
BRF:0
BRH:0
end_of_record
TN:
SF:src\modules\foro\application\validacion\ForoHandlerBase.ts
FN:3,(anonymous_0)
FN:6,(anonymous_1)
FN:11,(anonymous_2)
FNF:3
FNH:0
FNDA:0,(anonymous_0)
FNDA:0,(anonymous_1)
FNDA:0,(anonymous_2)
DA:3,0
DA:4,0
DA:7,0
DA:8,0
DA:12,0
DA:13,0
DA:14,0
DA:15,0
LF:8
LH:0
BRDA:13,0,0,0
BRDA:13,0,1,0
BRDA:14,1,0,0
BRDA:14,1,1,0
BRF:4
BRH:0
end_of_record
TN:
SF:src\modules\foro\application\validacion\ValidarAutenticacionForoHandler.ts
FN:6,(anonymous_1)
FNF:1
FNH:0
FNDA:0,(anonymous_1)
DA:1,0
DA:3,0
DA:5,0
DA:7,0
DA:8,0
DA:11,0
DA:16,0
DA:17,0
DA:20,0
LF:9
LH:0
BRDA:7,0,0,0
BRDA:7,0,1,0
BRDA:7,1,0,0
BRDA:7,1,1,0
BRDA:16,2,0,0
BRDA:16,2,1,0
BRF:6
BRH:0
end_of_record
TN:
SF:src\modules\foro\application\validacion\ValidarContenidoForoHandler.ts
FN:5,(anonymous_0)
FNF:1
FNH:0
FNDA:0,(anonymous_0)
DA:2,0
DA:4,0
DA:6,0
DA:7,0
DA:10,0
DA:11,0
DA:14,0
LF:7
LH:0
BRDA:6,0,0,0
BRDA:6,0,1,0
BRDA:6,1,0,0
BRDA:6,1,1,0
BRDA:10,2,0,0
BRDA:10,2,1,0
BRF:6
BRH:0
end_of_record
TN:
SF:src\modules\foro\application\validacion\ValidarMatriculaForoHandler.ts
FN:6,(anonymous_1)
FNF:1
FNH:0
FNDA:0,(anonymous_1)
DA:1,0
DA:3,0
DA:5,0
DA:7,0
DA:12,0
DA:13,0
DA:16,0
DA:21,0
DA:22,0
DA:28,0
LF:10
LH:0
BRDA:12,0,0,0
BRDA:12,0,1,0
BRDA:21,1,0,0
BRDA:21,1,1,0
BRDA:21,2,0,0
BRDA:21,2,1,0
BRF:6
BRH:0
end_of_record
TN:
SF:src\modules\foro\infrastructure\prisma-foro.repository.ts
FN:7,(anonymous_1)
FN:20,(anonymous_2)
FN:33,(anonymous_3)
FN:71,(anonymous_4)
FN:80,(anonymous_5)
FN:89,(anonymous_6)
FN:101,(anonymous_7)
FNF:7
FNH:0
FNDA:0,(anonymous_1)
FNDA:0,(anonymous_2)
FNDA:0,(anonymous_3)
FNDA:0,(anonymous_4)
FNDA:0,(anonymous_5)
FNDA:0,(anonymous_6)
FNDA:0,(anonymous_7)
DA:1,0
DA:4,0
DA:6,0
DA:13,0
DA:17,0
DA:26,0
DA:30,0
DA:38,0
DA:42,0
DA:43,0
DA:45,0
DA:46,0
DA:49,0
DA:52,0
DA:56,0
DA:59,0
DA:62,0
DA:68,0
DA:72,0
DA:77,0
DA:81,0
DA:86,0
DA:90,0
DA:102,0
LF:24
LH:0
BRDA:43,0,0,0
BRDA:43,0,1,0
BRDA:45,1,0,0
BRDA:45,1,1,0
BRF:4
BRH:0
end_of_record
TN:
SF:src\modules\foro\interfaces\http\foro.controller.ts
FN:6,(anonymous_0)
FN:20,(anonymous_1)
FN:29,(anonymous_2)
FN:43,(anonymous_3)
FN:52,(anonymous_4)
FNF:5
FNH:0
FNDA:0,(anonymous_0)
FNDA:0,(anonymous_1)
FNDA:0,(anonymous_2)
FNDA:0,(anonymous_3)
FNDA:0,(anonymous_4)
DA:2,0
DA:3,0
DA:5,0
DA:7,0
DA:8,0
DA:14,0
DA:16,0
DA:21,0
DA:22,0
DA:23,0
DA:25,0
DA:30,0
DA:31,0
DA:37,0
DA:39,0
DA:44,0
DA:45,0
DA:46,0
DA:48,0
DA:53,0
DA:54,0
DA:59,0
DA:61,0
LF:23
LH:0
BRF:0
BRH:0
end_of_record
TN:
SF:src\modules\foro\interfaces\http\foro.routes.ts
FNF:0
FNH:0
DA:1,0
DA:2,0
DA:3,0
DA:5,0
DA:61,0
DA:62,0
DA:109,0
DA:110,0
DA:143,0
DA:145,0
LF:10
LH:0
BRF:0
BRH:0
end_of_record
TN:
SF:src\modules\groups\application\group.use-cases.ts
FN:30,(anonymous_0)
FN:39,(anonymous_1)
FN:96,(anonymous_2)
FN:102,(anonymous_3)
FN:111,(anonymous_4)
FN:122,(anonymous_5)
FN:132,(anonymous_6)
FN:138,(anonymous_7)
FN:175,(anonymous_8)
FN:196,(anonymous_9)
FN:216,(anonymous_10)
FN:225,(anonymous_11)
FN:231,(anonymous_12)
FN:240,(anonymous_13)
FN:279,(anonymous_14)
FN:283,(anonymous_15)
FN:294,(anonymous_16)
FN:329,(anonymous_17)
FN:340,(anonymous_18)
FN:359,(anonymous_19)
FN:372,(anonymous_20)
FN:375,(anonymous_21)
FN:407,(anonymous_22)
FN:420,(anonymous_23)
FN:425,(anonymous_24)
FN:436,(anonymous_25)
FN:454,(anonymous_26)
FN:465,(anonymous_27)
FN:491,(anonymous_28)
FN:503,(anonymous_29)
FN:531,(anonymous_30)
FN:536,(anonymous_31)
FN:548,(anonymous_32)
FN:569,(anonymous_33)
FN:581,(anonymous_34)
FN:603,(anonymous_35)
FN:614,(anonymous_36)
FN:634,(anonymous_37)
FN:654,(anonymous_38)
FN:661,(anonymous_39)
FN:692,(anonymous_40)
FN:702,(anonymous_41)
FN:712,(anonymous_42)
FN:716,(anonymous_43)
FN:717,(anonymous_44)
FN:734,(anonymous_45)
FN:739,(anonymous_46)
FN:748,formatearGrupo
FN:762,(anonymous_48)
FN:763,(anonymous_49)
FNF:50
FNH:0
FNDA:0,(anonymous_0)
FNDA:0,(anonymous_1)
FNDA:0,(anonymous_2)
FNDA:0,(anonymous_3)
FNDA:0,(anonymous_4)
FNDA:0,(anonymous_5)
FNDA:0,(anonymous_6)
FNDA:0,(anonymous_7)
FNDA:0,(anonymous_8)
FNDA:0,(anonymous_9)
FNDA:0,(anonymous_10)
FNDA:0,(anonymous_11)
FNDA:0,(anonymous_12)
FNDA:0,(anonymous_13)
FNDA:0,(anonymous_14)
FNDA:0,(anonymous_15)
FNDA:0,(anonymous_16)
FNDA:0,(anonymous_17)
FNDA:0,(anonymous_18)
FNDA:0,(anonymous_19)
FNDA:0,(anonymous_20)
FNDA:0,(anonymous_21)
FNDA:0,(anonymous_22)
FNDA:0,(anonymous_23)
FNDA:0,(anonymous_24)
FNDA:0,(anonymous_25)
FNDA:0,(anonymous_26)
FNDA:0,(anonymous_27)
FNDA:0,(anonymous_28)
FNDA:0,(anonymous_29)
FNDA:0,(anonymous_30)
FNDA:0,(anonymous_31)
FNDA:0,(anonymous_32)
FNDA:0,(anonymous_33)
FNDA:0,(anonymous_34)
FNDA:0,(anonymous_35)
FNDA:0,(anonymous_36)
FNDA:0,(anonymous_37)
FNDA:0,(anonymous_38)
FNDA:0,(anonymous_39)
FNDA:0,(anonymous_40)
FNDA:0,(anonymous_41)
FNDA:0,(anonymous_42)
FNDA:0,(anonymous_43)
FNDA:0,(anonymous_44)
FNDA:0,(anonymous_45)
FNDA:0,(anonymous_46)
FNDA:0,formatearGrupo
FNDA:0,(anonymous_48)
FNDA:0,(anonymous_49)
DA:11,0
DA:12,0
DA:13,0
DA:29,0
DA:31,0
DA:32,0
DA:33,0
DA:34,0
DA:35,0
DA:36,0
DA:40,0
DA:41,0
DA:43,0
DA:44,0
DA:47,0
DA:48,0
DA:51,0
DA:52,0
DA:54,0
DA:55,0
DA:58,0
DA:60,0
DA:61,0
DA:64,0
DA:65,0
DA:71,0
DA:73,0
DA:74,0
DA:77,0
DA:83,0
DA:97,0
DA:98,0
DA:99,0
DA:103,0
DA:104,0
DA:108,0
DA:112,0
DA:114,0
DA:115,0
DA:118,0
DA:119,0
DA:123,0
DA:125,0
DA:126,0
DA:129,0
DA:130,0
DA:132,0
DA:133,0
DA:135,0
DA:139,0
DA:141,0
DA:142,0
DA:145,0
DA:146,0
DA:148,0
DA:149,0
DA:156,0
DA:157,0
DA:160,0
DA:163,0
DA:167,0
DA:168,0
DA:171,0
DA:174,0
DA:175,0
DA:185,0
DA:200,0
DA:202,0
DA:203,0
DA:206,0
DA:207,0
DA:209,0
DA:210,0
DA:213,0
DA:215,0
DA:216,0
DA:226,0
DA:228,0
DA:230,0
DA:231,0
DA:245,0
DA:247,0
DA:248,0
DA:250,0
DA:251,0
DA:254,0
DA:255,0
DA:257,0
DA:258,0
DA:259,0
DA:261,0
DA:262,0
DA:266,0
DA:267,0
DA:269,0
DA:270,0
DA:271,0
DA:273,0
DA:274,0
DA:278,0
DA:279,0
DA:280,0
DA:283,0
DA:291,0
DA:299,0
DA:301,0
DA:302,0
DA:304,0
DA:305,0
DA:308,0
DA:309,0
DA:311,0
DA:312,0
DA:313,0
DA:315,0
DA:316,0
DA:320,0
DA:321,0
DA:323,0
DA:325,0
DA:326,0
DA:329,0
DA:337,0
DA:346,0
DA:348,0
DA:349,0
DA:352,0
DA:353,0
DA:356,0
DA:357,0
DA:359,0
DA:360,0
DA:363,0
DA:367,0
DA:368,0
DA:371,0
DA:373,0
DA:376,0
DA:377,0
DA:380,0
DA:384,0
DA:394,0
DA:411,0
DA:413,0
DA:414,0
DA:417,0
DA:418,0
DA:420,0
DA:421,0
DA:423,0
DA:424,0
DA:425,0
DA:441,0
DA:443,0
DA:444,0
DA:447,0
DA:448,0
DA:451,0
DA:452,0
DA:454,0
DA:455,0
DA:457,0
DA:458,0
DA:459,0
DA:462,0
DA:470,0
DA:472,0
DA:473,0
DA:475,0
DA:476,0
DA:479,0
DA:480,0
DA:482,0
DA:483,0
DA:485,0
DA:486,0
DA:487,0
DA:490,0
DA:491,0
DA:500,0
DA:507,0
DA:509,0
DA:510,0
DA:513,0
DA:514,0
DA:516,0
DA:517,0
DA:519,0
DA:521,0
DA:522,0
DA:523,0
DA:525,0
DA:526,0
DA:528,0
DA:530,0
DA:531,0
DA:532,0
DA:535,0
DA:536,0
DA:545,0
DA:552,0
DA:554,0
DA:555,0
DA:558,0
DA:559,0
DA:561,0
DA:562,0
DA:564,0
DA:566,0
DA:568,0
DA:569,0
DA:578,0
DA:585,0
DA:587,0
DA:588,0
DA:591,0
DA:592,0
DA:594,0
DA:596,0
DA:597,0
DA:599,0
DA:601,0
DA:603,0
DA:611,0
DA:619,0
DA:621,0
DA:622,0
DA:624,0
DA:625,0
DA:628,0
DA:629,0
DA:631,0
DA:632,0
DA:634,0
DA:635,0
DA:637,0
DA:638,0
DA:642,0
DA:643,0
DA:645,0
DA:646,0
DA:648,0
DA:649,0
DA:653,0
DA:654,0
DA:655,0
DA:658,0
DA:662,0
DA:664,0
DA:665,0
DA:668,0
DA:669,0
DA:672,0
DA:673,0
DA:675,0
DA:677,0
DA:678,0
DA:684,0
DA:685,0
DA:687,0
DA:688,0
DA:691,0
DA:692,0
DA:693,0
DA:696,0
DA:703,0
DA:705,0
DA:706,0
DA:709,0
DA:710,0
DA:712,0
DA:713,0
DA:715,0
DA:716,0
DA:717,0
DA:724,0
DA:735,0
DA:736,0
DA:740,0
DA:741,0
DA:744,0
DA:749,0
DA:762,0
DA:763,0
LF:284
LH:0
BRDA:36,0,0,0
BRDA:43,1,0,0
BRDA:43,1,1,0
BRDA:43,2,0,0
BRDA:43,2,1,0
BRDA:47,3,0,0
BRDA:47,3,1,0
BRDA:47,4,0,0
BRDA:47,4,1,0
BRDA:54,5,0,0
BRDA:54,5,1,0
BRDA:60,6,0,0
BRDA:60,6,1,0
BRDA:64,7,0,0
BRDA:64,7,1,0
BRDA:73,8,0,0
BRDA:73,8,1,0
BRDA:114,9,0,0
BRDA:114,9,1,0
BRDA:114,10,0,0
BRDA:114,10,1,0
BRDA:125,11,0,0
BRDA:125,11,1,0
BRDA:125,12,0,0
BRDA:125,12,1,0
BRDA:130,13,0,0
BRDA:130,13,1,0
BRDA:133,14,0,0
BRDA:133,14,1,0
BRDA:141,15,0,0
BRDA:141,15,1,0
BRDA:141,16,0,0
BRDA:141,16,1,0
BRDA:146,17,0,0
BRDA:146,17,1,0
BRDA:148,18,0,0
BRDA:148,18,1,0
BRDA:167,19,0,0
BRDA:167,19,1,0
BRDA:181,20,0,0
BRDA:181,20,1,0
BRDA:182,21,0,0
BRDA:182,21,1,0
BRDA:202,22,0,0
BRDA:202,22,1,0
BRDA:202,23,0,0
BRDA:202,23,1,0
BRDA:207,24,0,0
BRDA:207,24,1,0
BRDA:209,25,0,0
BRDA:209,25,1,0
BRDA:247,26,0,0
BRDA:247,26,1,0
BRDA:247,27,0,0
BRDA:247,27,1,0
BRDA:250,28,0,0
BRDA:250,28,1,0
BRDA:250,29,0,0
BRDA:250,29,1,0
BRDA:255,30,0,0
BRDA:255,30,1,0
BRDA:258,31,0,0
BRDA:258,31,1,0
BRDA:258,32,0,0
BRDA:258,32,1,0
BRDA:261,33,0,0
BRDA:261,33,1,0
BRDA:273,34,0,0
BRDA:273,34,1,0
BRDA:301,35,0,0
BRDA:301,35,1,0
BRDA:301,36,0,0
BRDA:301,36,1,0
BRDA:304,37,0,0
BRDA:304,37,1,0
BRDA:304,38,0,0
BRDA:304,38,1,0
BRDA:309,39,0,0
BRDA:309,39,1,0
BRDA:312,40,0,0
BRDA:312,40,1,0
BRDA:312,41,0,0
BRDA:312,41,1,0
BRDA:315,42,0,0
BRDA:315,42,1,0
BRDA:325,43,0,0
BRDA:325,43,1,0
BRDA:348,44,0,0
BRDA:348,44,1,0
BRDA:348,45,0,0
BRDA:348,45,1,0
BRDA:352,46,0,0
BRDA:352,46,1,0
BRDA:357,47,0,0
BRDA:357,47,1,0
BRDA:360,48,0,0
BRDA:360,48,1,0
BRDA:363,49,0,0
BRDA:363,49,1,0
BRDA:363,50,0,0
BRDA:363,50,1,0
BRDA:367,51,0,0
BRDA:367,51,1,0
BRDA:376,52,0,0
BRDA:376,52,1,0
BRDA:376,53,0,0
BRDA:376,53,1,0
BRDA:376,54,0,0
BRDA:376,54,1,0
BRDA:413,55,0,0
BRDA:413,55,1,0
BRDA:413,56,0,0
BRDA:413,56,1,0
BRDA:418,57,0,0
BRDA:418,57,1,0
BRDA:421,58,0,0
BRDA:421,58,1,0
BRDA:443,59,0,0
BRDA:443,59,1,0
BRDA:443,60,0,0
BRDA:443,60,1,0
BRDA:447,61,0,0
BRDA:447,61,1,0
BRDA:447,62,0,0
BRDA:447,62,1,0
BRDA:452,63,0,0
BRDA:452,63,1,0
BRDA:455,64,0,0
BRDA:455,64,1,0
BRDA:458,65,0,0
BRDA:458,65,1,0
BRDA:458,66,0,0
BRDA:458,66,1,0
BRDA:472,67,0,0
BRDA:472,67,1,0
BRDA:472,68,0,0
BRDA:472,68,1,0
BRDA:475,69,0,0
BRDA:475,69,1,0
BRDA:475,70,0,0
BRDA:475,70,1,0
BRDA:480,71,0,0
BRDA:480,71,1,0
BRDA:486,72,0,0
BRDA:486,72,1,0
BRDA:509,73,0,0
BRDA:509,73,1,0
BRDA:509,74,0,0
BRDA:509,74,1,0
BRDA:514,75,0,0
BRDA:514,75,1,0
BRDA:525,76,0,0
BRDA:525,76,1,0
BRDA:554,77,0,0
BRDA:554,77,1,0
BRDA:554,78,0,0
BRDA:554,78,1,0
BRDA:559,79,0,0
BRDA:559,79,1,0
BRDA:587,80,0,0
BRDA:587,80,1,0
BRDA:587,81,0,0
BRDA:587,81,1,0
BRDA:592,82,0,0
BRDA:592,82,1,0
BRDA:607,83,0,0
BRDA:607,83,1,0
BRDA:621,84,0,0
BRDA:621,84,1,0
BRDA:621,85,0,0
BRDA:621,85,1,0
BRDA:624,86,0,0
BRDA:624,86,1,0
BRDA:624,87,0,0
BRDA:624,87,1,0
BRDA:629,88,0,0
BRDA:629,88,1,0
BRDA:632,89,0,0
BRDA:632,89,1,0
BRDA:634,90,0,0
BRDA:634,90,1,0
BRDA:637,91,0,0
BRDA:637,91,1,0
BRDA:648,92,0,0
BRDA:648,92,1,0
BRDA:664,93,0,0
BRDA:664,93,1,0
BRDA:664,94,0,0
BRDA:664,94,1,0
BRDA:669,95,0,0
BRDA:669,95,1,0
BRDA:675,96,0,0
BRDA:675,96,1,0
BRDA:675,97,0,0
BRDA:675,97,1,0
BRDA:687,98,0,0
BRDA:687,98,1,0
BRDA:705,99,0,0
BRDA:705,99,1,0
BRDA:705,100,0,0
BRDA:705,100,1,0
BRDA:710,101,0,0
BRDA:710,101,1,0
BRDA:713,102,0,0
BRDA:713,102,1,0
BRDA:735,103,0,0
BRDA:735,103,1,0
BRDA:740,104,0,0
BRDA:740,104,1,0
BRDA:759,105,0,0
BRDA:759,105,1,0
BRF:211
BRH:0
end_of_record
TN:
SF:src\modules\groups\domain\group-state.ts
FN:62,(anonymous_0)
FN:67,(anonymous_1)
FN:71,(anonymous_2)
FN:79,(anonymous_3)
FN:84,(anonymous_4)
FN:90,(anonymous_5)
FN:96,(anonymous_6)
FN:100,(anonymous_7)
FN:104,(anonymous_8)
FN:108,(anonymous_9)
FN:112,(anonymous_10)
FN:116,(anonymous_11)
FN:120,(anonymous_12)
FN:124,(anonymous_13)
FN:128,(anonymous_14)
FN:132,(anonymous_15)
FN:141,assertIsAdmin
FN:147,assertIsMember
FN:148,(anonymous_18)
FN:154,assertNotMember
FN:155,(anonymous_20)
FN:161,invalidTransition
FN:181,(anonymous_22)
FN:184,(anonymous_23)
FN:188,(anonymous_24)
FN:193,(anonymous_25)
FN:197,(anonymous_26)
FN:203,(anonymous_27)
FN:210,(anonymous_28)
FN:214,(anonymous_29)
FN:218,(anonymous_30)
FN:222,(anonymous_31)
FN:229,(anonymous_32)
FN:250,(anonymous_33)
FN:253,(anonymous_34)
FN:257,(anonymous_35)
FN:261,(anonymous_36)
FN:265,(anonymous_37)
FN:270,(anonymous_38)
FN:277,(anonymous_39)
FN:289,(anonymous_40)
FN:293,(anonymous_41)
FN:297,(anonymous_42)
FN:301,(anonymous_43)
FN:315,(anonymous_44)
FN:321,(anonymous_45)
FN:343,(anonymous_46)
FN:346,(anonymous_47)
FN:350,(anonymous_48)
FN:354,(anonymous_49)
FN:358,(anonymous_50)
FN:363,(anonymous_51)
FN:367,(anonymous_52)
FN:374,(anonymous_53)
FN:381,(anonymous_54)
FN:386,(anonymous_55)
FN:393,(anonymous_56)
FN:410,(anonymous_57)
FN:413,(anonymous_58)
FN:416,(anonymous_59)
FN:419,(anonymous_60)
FN:422,(anonymous_61)
FN:425,(anonymous_62)
FN:428,(anonymous_63)
FN:431,(anonymous_64)
FN:434,(anonymous_65)
FN:437,(anonymous_66)
FN:440,(anonymous_67)
FN:454,(anonymous_68)
FN:457,(anonymous_69)
FN:460,(anonymous_70)
FN:463,(anonymous_71)
FN:466,(anonymous_72)
FN:469,(anonymous_73)
FN:472,(anonymous_74)
FN:475,(anonymous_75)
FN:478,(anonymous_76)
FN:481,(anonymous_77)
FN:484,(anonymous_78)
FN:498,(anonymous_79)
FN:501,(anonymous_80)
FN:504,(anonymous_81)
FN:507,(anonymous_82)
FN:510,(anonymous_83)
FN:513,(anonymous_84)
FN:516,(anonymous_85)
FN:519,(anonymous_86)
FN:522,(anonymous_87)
FN:525,(anonymous_88)
FN:528,(anonymous_89)
FN:541,(anonymous_90)
FN:544,(anonymous_91)
FN:547,(anonymous_92)
FN:550,(anonymous_93)
FN:553,(anonymous_94)
FN:556,(anonymous_95)
FN:559,(anonymous_96)
FN:562,(anonymous_97)
FN:565,(anonymous_98)
FN:569,(anonymous_99)
FN:574,(anonymous_100)
FN:587,(anonymous_101)
FN:590,(anonymous_102)
FN:593,(anonymous_103)
FN:596,(anonymous_104)
FN:599,(anonymous_105)
FN:602,(anonymous_106)
FN:605,(anonymous_107)
FN:608,(anonymous_108)
FN:611,(anonymous_109)
FN:614,(anonymous_110)
FN:617,(anonymous_111)
FN:632,(anonymous_112)
FN:651,(anonymous_113)
FNF:114
FNH:0
FNDA:0,(anonymous_0)
FNDA:0,(anonymous_1)
FNDA:0,(anonymous_2)
FNDA:0,(anonymous_3)
FNDA:0,(anonymous_4)
FNDA:0,(anonymous_5)
FNDA:0,(anonymous_6)
FNDA:0,(anonymous_7)
FNDA:0,(anonymous_8)
FNDA:0,(anonymous_9)
FNDA:0,(anonymous_10)
FNDA:0,(anonymous_11)
FNDA:0,(anonymous_12)
FNDA:0,(anonymous_13)
FNDA:0,(anonymous_14)
FNDA:0,(anonymous_15)
FNDA:0,assertIsAdmin
FNDA:0,assertIsMember
FNDA:0,(anonymous_18)
FNDA:0,assertNotMember
FNDA:0,(anonymous_20)
FNDA:0,invalidTransition
FNDA:0,(anonymous_22)
FNDA:0,(anonymous_23)
FNDA:0,(anonymous_24)
FNDA:0,(anonymous_25)
FNDA:0,(anonymous_26)
FNDA:0,(anonymous_27)
FNDA:0,(anonymous_28)
FNDA:0,(anonymous_29)
FNDA:0,(anonymous_30)
FNDA:0,(anonymous_31)
FNDA:0,(anonymous_32)
FNDA:0,(anonymous_33)
FNDA:0,(anonymous_34)
FNDA:0,(anonymous_35)
FNDA:0,(anonymous_36)
FNDA:0,(anonymous_37)
FNDA:0,(anonymous_38)
FNDA:0,(anonymous_39)
FNDA:0,(anonymous_40)
FNDA:0,(anonymous_41)
FNDA:0,(anonymous_42)
FNDA:0,(anonymous_43)
FNDA:0,(anonymous_44)
FNDA:0,(anonymous_45)
FNDA:0,(anonymous_46)
FNDA:0,(anonymous_47)
FNDA:0,(anonymous_48)
FNDA:0,(anonymous_49)
FNDA:0,(anonymous_50)
FNDA:0,(anonymous_51)
FNDA:0,(anonymous_52)
FNDA:0,(anonymous_53)
FNDA:0,(anonymous_54)
FNDA:0,(anonymous_55)
FNDA:0,(anonymous_56)
FNDA:0,(anonymous_57)
FNDA:0,(anonymous_58)
FNDA:0,(anonymous_59)
FNDA:0,(anonymous_60)
FNDA:0,(anonymous_61)
FNDA:0,(anonymous_62)
FNDA:0,(anonymous_63)
FNDA:0,(anonymous_64)
FNDA:0,(anonymous_65)
FNDA:0,(anonymous_66)
FNDA:0,(anonymous_67)
FNDA:0,(anonymous_68)
FNDA:0,(anonymous_69)
FNDA:0,(anonymous_70)
FNDA:0,(anonymous_71)
FNDA:0,(anonymous_72)
FNDA:0,(anonymous_73)
FNDA:0,(anonymous_74)
FNDA:0,(anonymous_75)
FNDA:0,(anonymous_76)
FNDA:0,(anonymous_77)
FNDA:0,(anonymous_78)
FNDA:0,(anonymous_79)
FNDA:0,(anonymous_80)
FNDA:0,(anonymous_81)
FNDA:0,(anonymous_82)
FNDA:0,(anonymous_83)
FNDA:0,(anonymous_84)
FNDA:0,(anonymous_85)
FNDA:0,(anonymous_86)
FNDA:0,(anonymous_87)
FNDA:0,(anonymous_88)
FNDA:0,(anonymous_89)
FNDA:0,(anonymous_90)
FNDA:0,(anonymous_91)
FNDA:0,(anonymous_92)
FNDA:0,(anonymous_93)
FNDA:0,(anonymous_94)
FNDA:0,(anonymous_95)
FNDA:0,(anonymous_96)
FNDA:0,(anonymous_97)
FNDA:0,(anonymous_98)
FNDA:0,(anonymous_99)
FNDA:0,(anonymous_100)
FNDA:0,(anonymous_101)
FNDA:0,(anonymous_102)
FNDA:0,(anonymous_103)
FNDA:0,(anonymous_104)
FNDA:0,(anonymous_105)
FNDA:0,(anonymous_106)
FNDA:0,(anonymous_107)
FNDA:0,(anonymous_108)
FNDA:0,(anonymous_109)
FNDA:0,(anonymous_110)
FNDA:0,(anonymous_111)
FNDA:0,(anonymous_112)
FNDA:0,(anonymous_113)
DA:1,0
DA:56,0
DA:60,0
DA:63,0
DA:64,0
DA:68,0
DA:72,0
DA:80,0
DA:85,0
DA:86,0
DA:91,0
DA:97,0
DA:101,0
DA:105,0
DA:109,0
DA:113,0
DA:117,0
DA:121,0
DA:125,0
DA:129,0
DA:133,0
DA:142,0
DA:143,0
DA:148,0
DA:149,0
DA:150,0
DA:155,0
DA:156,0
DA:157,0
DA:162,0
DA:181,0
DA:182,0
DA:185,0
DA:189,0
DA:190,0
DA:194,0
DA:198,0
DA:199,0
DA:200,0
DA:204,0
DA:211,0
DA:215,0
DA:219,0
DA:223,0
DA:224,0
DA:225,0
DA:230,0
DA:231,0
DA:250,0
DA:251,0
DA:254,0
DA:258,0
DA:262,0
DA:266,0
DA:267,0
DA:271,0
DA:273,0
DA:274,0
DA:277,0
DA:278,0
DA:279,0
DA:282,0
DA:283,0
DA:286,0
DA:290,0
DA:294,0
DA:298,0
DA:302,0
DA:304,0
DA:305,0
DA:306,0
DA:311,0
DA:312,0
DA:315,0
DA:316,0
DA:317,0
DA:322,0
DA:343,0
DA:344,0
DA:347,0
DA:351,0
DA:355,0
DA:359,0
DA:360,0
DA:364,0
DA:368,0
DA:369,0
DA:371,0
DA:375,0
DA:376,0
DA:378,0
DA:382,0
DA:383,0
DA:387,0
DA:394,0
DA:410,0
DA:411,0
DA:414,0
DA:417,0
DA:420,0
DA:423,0
DA:426,0
DA:429,0
DA:432,0
DA:435,0
DA:438,0
DA:441,0
DA:454,0
DA:455,0
DA:458,0
DA:461,0
DA:464,0
DA:467,0
DA:470,0
DA:473,0
DA:476,0
DA:479,0
DA:482,0
DA:485,0
DA:498,0
DA:499,0
DA:502,0
DA:505,0
DA:508,0
DA:511,0
DA:514,0
DA:517,0
DA:520,0
DA:523,0
DA:526,0
DA:529,0
DA:541,0
DA:542,0
DA:545,0
DA:548,0
DA:551,0
DA:554,0
DA:557,0
DA:560,0
DA:563,0
DA:566,0
DA:570,0
DA:571,0
DA:575,0
DA:576,0
DA:587,0
DA:588,0
DA:591,0
DA:594,0
DA:597,0
DA:600,0
DA:603,0
DA:606,0
DA:609,0
DA:612,0
DA:615,0
DA:618,0
DA:626,0
DA:633,0
DA:635,0
DA:637,0
DA:643,0
DA:652,0
DA:655,0
DA:657,0
DA:659,0
DA:661,0
DA:663,0
DA:666,0
DA:668,0
LF:170
LH:0
BRDA:142,0,0,0
BRDA:142,0,1,0
BRDA:143,1,0,0
BRDA:143,1,1,0
BRDA:149,2,0,0
BRDA:149,2,1,0
BRDA:150,3,0,0
BRDA:150,3,1,0
BRDA:156,4,0,0
BRDA:156,4,1,0
BRDA:157,5,0,0
BRDA:157,5,1,0
BRDA:224,6,0,0
BRDA:224,6,1,0
BRDA:273,7,0,0
BRDA:273,7,1,0
BRDA:278,8,0,0
BRDA:278,8,1,0
BRDA:282,9,0,0
BRDA:282,9,1,0
BRDA:304,10,0,0
BRDA:304,10,1,0
BRDA:305,11,0,0
BRDA:305,11,1,0
BRDA:316,12,0,0
BRDA:316,12,1,0
BRDA:368,13,0,0
BRDA:368,13,1,0
BRDA:375,14,0,0
BRDA:375,14,1,0
BRDA:633,15,0,0
BRDA:633,15,1,0
BRDA:633,15,2,0
BRDA:633,15,3,0
BRDA:633,15,4,0
BRDA:633,15,5,0
BRDA:633,15,6,0
BRDA:643,16,0,0
BRDA:643,16,1,0
BRDA:652,17,0,0
BRDA:652,17,1,0
BRDA:652,17,2,0
BRDA:652,17,3,0
BRDA:652,17,4,0
BRDA:652,17,5,0
BRDA:652,17,6,0
BRDA:652,17,7,0
BRDA:652,17,8,0
BRF:48
BRH:0
end_of_record
TN:
SF:src\modules\groups\infrastructure\persistencia-group.observer.ts
FN:13,(anonymous_1)
FN:25,(anonymous_2)
FN:35,(anonymous_3)
FN:46,(anonymous_4)
FN:63,(anonymous_5)
FN:80,(anonymous_6)
FN:97,(anonymous_7)
FN:113,(anonymous_8)
FN:137,(anonymous_9)
FNF:9
FNH:0
FNDA:0,(anonymous_1)
FNDA:0,(anonymous_2)
FNDA:0,(anonymous_3)
FNDA:0,(anonymous_4)
FNDA:0,(anonymous_5)
FNDA:0,(anonymous_6)
FNDA:0,(anonymous_7)
FNDA:0,(anonymous_8)
FNDA:0,(anonymous_9)
DA:2,0
DA:12,0
DA:54,0
DA:71,0
DA:88,0
DA:104,0
DA:121,0
DA:127,0
DA:128,0
DA:142,0
LF:10
LH:0
BRDA:127,0,0,0
BRDA:127,0,1,0
BRF:2
BRH:0
end_of_record
TN:
SF:src\modules\groups\infrastructure\prisma-grupo.repository.ts
FN:6,(anonymous_0)
FN:10,(anonymous_1)
FN:14,(anonymous_2)
FN:18,(anonymous_3)
FN:22,(anonymous_4)
FN:26,(anonymous_5)
FN:30,(anonymous_6)
FN:34,(anonymous_7)
FN:38,(anonymous_8)
FN:42,(anonymous_9)
FN:46,(anonymous_10)
FN:50,(anonymous_11)
FN:54,(anonymous_12)
FN:60,(anonymous_13)
FN:64,(anonymous_14)
FN:68,(anonymous_15)
FNF:16
FNH:0
FNDA:0,(anonymous_0)
FNDA:0,(anonymous_1)
FNDA:0,(anonymous_2)
FNDA:0,(anonymous_3)
FNDA:0,(anonymous_4)
FNDA:0,(anonymous_5)
FNDA:0,(anonymous_6)
FNDA:0,(anonymous_7)
FNDA:0,(anonymous_8)
FNDA:0,(anonymous_9)
FNDA:0,(anonymous_10)
FNDA:0,(anonymous_11)
FNDA:0,(anonymous_12)
FNDA:0,(anonymous_13)
FNDA:0,(anonymous_14)
FNDA:0,(anonymous_15)
DA:2,0
DA:3,0
DA:5,0
DA:7,0
DA:11,0
DA:15,0
DA:19,0
DA:23,0
DA:27,0
DA:31,0
DA:35,0
DA:39,0
DA:43,0
DA:47,0
DA:51,0
DA:55,0
DA:59,0
DA:61,0
DA:65,0
DA:69,0
LF:20
LH:0
BRF:0
BRH:0
end_of_record
TN:
SF:src\modules\groups\infrastructure\prisma-solicitud-grupo.repository.ts
FN:5,(anonymous_0)
FN:9,(anonymous_1)
FN:13,(anonymous_2)
FN:17,(anonymous_3)
FN:21,(anonymous_4)
FN:25,(anonymous_5)
FN:29,(anonymous_6)
FN:33,(anonymous_7)
FNF:8
FNH:0
FNDA:0,(anonymous_0)
FNDA:0,(anonymous_1)
FNDA:0,(anonymous_2)
FNDA:0,(anonymous_3)
FNDA:0,(anonymous_4)
FNDA:0,(anonymous_5)
FNDA:0,(anonymous_6)
FNDA:0,(anonymous_7)
DA:2,0
DA:4,0
DA:6,0
DA:10,0
DA:14,0
DA:18,0
DA:22,0
DA:26,0
DA:30,0
DA:34,0
LF:10
LH:0
BRF:0
BRH:0
end_of_record
TN:
SF:src\modules\groups\infrastructure\socket-group.observer.ts
FN:13,(anonymous_0)
FN:25,(anonymous_1)
FN:35,(anonymous_2)
FN:46,(anonymous_3)
FN:57,(anonymous_4)
FN:68,(anonymous_5)
FN:79,(anonymous_6)
FNF:7
FNH:0
FNDA:0,(anonymous_0)
FNDA:0,(anonymous_1)
FNDA:0,(anonymous_2)
FNDA:0,(anonymous_3)
FNDA:0,(anonymous_4)
FNDA:0,(anonymous_5)
FNDA:0,(anonymous_6)
DA:2,0
DA:12,0
DA:22,0
DA:32,0
DA:43,0
DA:54,0
DA:65,0
DA:76,0
DA:86,0
LF:9
LH:0
BRF:0
BRH:0
end_of_record
TN:
SF:src\modules\groups\interfaces\http\grupo.controller.ts
FN:8,(anonymous_0)
FN:21,(anonymous_1)
FN:35,(anonymous_2)
FN:52,(anonymous_3)
FN:65,(anonymous_4)
FN:78,(anonymous_5)
FN:91,(anonymous_6)
FN:105,(anonymous_7)
FN:114,(anonymous_8)
FN:123,(anonymous_9)
FN:136,(anonymous_10)
FN:149,(anonymous_11)
FN:163,(anonymous_12)
FN:172,(anonymous_13)
FN:205,(anonymous_14)
FN:218,(anonymous_15)
FN:230,(anonymous_16)
FN:242,(anonymous_17)
FN:254,(anonymous_18)
FN:268,(anonymous_19)
FN:277,(anonymous_20)
FNF:21
FNH:0
FNDA:0,(anonymous_0)
FNDA:0,(anonymous_1)
FNDA:0,(anonymous_2)
FNDA:0,(anonymous_3)
FNDA:0,(anonymous_4)
FNDA:0,(anonymous_5)
FNDA:0,(anonymous_6)
FNDA:0,(anonymous_7)
FNDA:0,(anonymous_8)
FNDA:0,(anonymous_9)
FNDA:0,(anonymous_10)
FNDA:0,(anonymous_11)
FNDA:0,(anonymous_12)
FNDA:0,(anonymous_13)
FNDA:0,(anonymous_14)
FNDA:0,(anonymous_15)
FNDA:0,(anonymous_16)
FNDA:0,(anonymous_17)
FNDA:0,(anonymous_18)
FNDA:0,(anonymous_19)
FNDA:0,(anonymous_20)
DA:3,0
DA:4,0
DA:5,0
DA:7,0
DA:9,0
DA:10,0
DA:12,0
DA:17,0
DA:22,0
DA:23,0
DA:25,0
DA:31,0
DA:36,0
DA:37,0
DA:42,0
DA:48,0
DA:53,0
DA:54,0
DA:56,0
DA:61,0
DA:66,0
DA:67,0
DA:69,0
DA:74,0
DA:79,0
DA:80,0
DA:82,0
DA:87,0
DA:92,0
DA:93,0
DA:95,0
DA:101,0
DA:106,0
DA:107,0
DA:108,0
DA:110,0
DA:115,0
DA:116,0
DA:117,0
DA:119,0
DA:124,0
DA:125,0
DA:130,0
DA:132,0
DA:137,0
DA:138,0
DA:143,0
DA:145,0
DA:150,0
DA:151,0
DA:157,0
DA:159,0
DA:164,0
DA:165,0
DA:166,0
DA:168,0
DA:173,0
DA:174,0
DA:180,0
DA:182,0
DA:189,0
DA:190,0
DA:191,0
DA:194,0
DA:195,0
DA:196,0
DA:198,0
DA:199,0
DA:201,0
DA:206,0
DA:207,0
DA:212,0
DA:214,0
DA:219,0
DA:220,0
DA:224,0
DA:226,0
DA:231,0
DA:232,0
DA:236,0
DA:238,0
DA:243,0
DA:244,0
DA:248,0
DA:250,0
DA:255,0
DA:256,0
DA:262,0
DA:264,0
DA:269,0
DA:270,0
DA:271,0
DA:273,0
DA:278,0
DA:279,0
DA:280,0
DA:282,0
LF:97
LH:0
BRDA:190,0,0,0
BRDA:190,0,1,0
BRDA:194,1,0,0
BRDA:194,1,1,0
BRF:4
BRH:0
end_of_record
TN:
SF:src\modules\groups\interfaces\http\grupo.routes.ts
FNF:0
FNH:0
DA:1,0
DA:3,0
DA:4,0
DA:5,0
DA:6,0
DA:8,0
DA:56,0
DA:57,0
DA:75,0
DA:89,0
DA:103,0
DA:129,0
DA:170,0
DA:171,0
DA:190,0
DA:209,0
DA:232,0
DA:255,0
DA:276,0
DA:317,0
DA:318,0
DA:341,0
DA:414,0
DA:415,0
DA:416,0
DA:417,0
DA:461,0
DA:462,0
DA:464,0
LF:29
LH:0
BRF:0
BRH:0
end_of_record
TN:
SF:src\modules\materias\application\materia.use-cases.ts
FN:5,(anonymous_0)
FN:7,(anonymous_1)
FN:31,(anonymous_2)
FN:36,(anonymous_3)
FNF:4
FNH:0
FNDA:0,(anonymous_0)
FNDA:0,(anonymous_1)
FNDA:0,(anonymous_2)
FNDA:0,(anonymous_3)
DA:2,0
DA:4,0
DA:5,0
DA:8,0
DA:9,0
DA:12,0
DA:13,0
DA:15,0
DA:16,0
DA:19,0
DA:21,0
DA:32,0
DA:33,0
DA:37,0
DA:38,0
DA:40,0
DA:41,0
LF:17
LH:0
BRDA:8,0,0,0
BRDA:8,0,1,0
BRDA:8,1,0,0
BRDA:8,1,1,0
BRDA:15,2,0,0
BRDA:15,2,1,0
BRDA:37,3,0,0
BRDA:37,3,1,0
BRDA:37,4,0,0
BRDA:37,4,1,0
BRF:10
BRH:0
end_of_record
TN:
SF:src\modules\materias\infrastructure\prisma-materia.repository.ts
FN:5,(anonymous_0)
FN:9,(anonymous_1)
FN:13,(anonymous_2)
FN:17,(anonymous_3)
FN:21,(anonymous_4)
FN:25,(anonymous_5)
FN:29,(anonymous_6)
FNF:7
FNH:0
FNDA:0,(anonymous_0)
FNDA:0,(anonymous_1)
FNDA:0,(anonymous_2)
FNDA:0,(anonymous_3)
FNDA:0,(anonymous_4)
FNDA:0,(anonymous_5)
FNDA:0,(anonymous_6)
DA:2,0
DA:4,0
DA:6,0
DA:10,0
DA:14,0
DA:18,0
DA:22,0
DA:26,0
DA:30,0
LF:9
LH:0
BRF:0
BRH:0
end_of_record
TN:
SF:src\modules\materias\interfaces\http\materia.controller.ts
FN:7,(anonymous_0)
FN:21,(anonymous_1)
FN:34,(anonymous_2)
FNF:3
FNH:0
FNDA:0,(anonymous_0)
FNDA:0,(anonymous_1)
FNDA:0,(anonymous_2)
DA:3,0
DA:4,0
DA:6,0
DA:8,0
DA:9,0
DA:11,0
DA:17,0
DA:22,0
DA:23,0
DA:25,0
DA:30,0
DA:35,0
DA:36,0
DA:38,0
DA:43,0
LF:15
LH:0
BRF:0
BRH:0
end_of_record
TN:
SF:src\modules\materias\interfaces\http\materia.routes.ts
FNF:0
FNH:0
DA:1,0
DA:3,0
DA:4,0
DA:6,0
DA:32,0
DA:79,0
DA:80,0
DA:82,0
LF:8
LH:0
BRF:0
BRH:0
end_of_record
TN:
SF:src\modules\messages\application\message.use-cases.ts
FN:17,(anonymous_0)
FN:26,(anonymous_1)
FN:56,(anonymous_2)
FN:57,(anonymous_3)
FN:87,(anonymous_4)
FN:135,(anonymous_5)
FN:160,(anonymous_6)
FN:164,(anonymous_7)
FN:165,(anonymous_8)
FN:196,(anonymous_9)
FN:217,(anonymous_10)
FN:238,(anonymous_11)
FN:249,(anonymous_12)
FN:265,(anonymous_13)
FN:292,(anonymous_14)
FN:323,(anonymous_15)
FN:328,(anonymous_16)
FN:342,(anonymous_17)
FN:390,(anonymous_18)
FN:431,(anonymous_19)
FN:461,(anonymous_20)
FNF:21
FNH:0
FNDA:0,(anonymous_0)
FNDA:0,(anonymous_1)
FNDA:0,(anonymous_2)
FNDA:0,(anonymous_3)
FNDA:0,(anonymous_4)
FNDA:0,(anonymous_5)
FNDA:0,(anonymous_6)
FNDA:0,(anonymous_7)
FNDA:0,(anonymous_8)
FNDA:0,(anonymous_9)
FNDA:0,(anonymous_10)
FNDA:0,(anonymous_11)
FNDA:0,(anonymous_12)
FNDA:0,(anonymous_13)
FNDA:0,(anonymous_14)
FNDA:0,(anonymous_15)
FNDA:0,(anonymous_16)
FNDA:0,(anonymous_17)
FNDA:0,(anonymous_18)
FNDA:0,(anonymous_19)
FNDA:0,(anonymous_20)
DA:9,0
DA:10,0
DA:12,0
DA:13,0
DA:14,0
DA:16,0
DA:18,0
DA:19,0
DA:20,0
DA:21,0
DA:22,0
DA:23,0
DA:31,0
DA:33,0
DA:34,0
DA:37,0
DA:38,0
DA:41,0
DA:42,0
DA:45,0
DA:46,0
DA:47,0
DA:50,0
DA:55,0
DA:56,0
DA:57,0
DA:60,0
DA:66,0
DA:67,0
DA:70,0
DA:76,0
DA:79,0
DA:81,0
DA:92,0
DA:94,0
DA:95,0
DA:98,0
DA:99,0
DA:102,0
DA:103,0
DA:106,0
DA:107,0
DA:108,0
DA:111,0
DA:116,0
DA:117,0
DA:120,0
DA:122,0
DA:126,0
DA:132,0
DA:140,0
DA:142,0
DA:143,0
DA:146,0
DA:147,0
DA:150,0
DA:151,0
DA:154,0
DA:155,0
DA:156,0
DA:159,0
DA:160,0
DA:163,0
DA:164,0
DA:165,0
DA:168,0
DA:174,0
DA:175,0
DA:178,0
DA:184,0
DA:185,0
DA:188,0
DA:190,0
DA:201,0
DA:203,0
DA:204,0
DA:207,0
DA:208,0
DA:211,0
DA:212,0
DA:213,0
DA:216,0
DA:217,0
DA:220,0
DA:221,0
DA:224,0
DA:226,0
DA:230,0
DA:235,0
DA:239,0
DA:240,0
DA:242,0
DA:254,0
DA:255,0
DA:257,0
DA:259,0
DA:261,0
DA:263,0
DA:264,0
DA:265,0
DA:268,0
DA:270,0
DA:279,0
DA:284,0
DA:296,0
DA:297,0
DA:299,0
DA:300,0
DA:302,0
DA:303,0
DA:311,0
DA:315,0
DA:326,0
DA:327,0
DA:329,0
DA:348,0
DA:350,0
DA:351,0
DA:354,0
DA:355,0
DA:358,0
DA:359,0
DA:362,0
DA:363,0
DA:366,0
DA:367,0
DA:370,0
DA:379,0
DA:381,0
DA:396,0
DA:398,0
DA:399,0
DA:402,0
DA:403,0
DA:406,0
DA:407,0
DA:410,0
DA:411,0
DA:414,0
DA:421,0
DA:423,0
DA:436,0
DA:438,0
DA:439,0
DA:442,0
DA:443,0
DA:446,0
DA:447,0
DA:450,0
DA:455,0
DA:462,0
DA:464,0
DA:466,0
LF:153
LH:0
BRDA:33,0,0,0
BRDA:33,0,1,0
BRDA:33,1,0,0
BRDA:33,1,1,0
BRDA:37,2,0,0
BRDA:37,2,1,0
BRDA:41,3,0,0
BRDA:41,3,1,0
BRDA:46,4,0,0
BRDA:46,4,1,0
BRDA:57,5,0,0
BRDA:57,5,1,0
BRDA:66,6,0,0
BRDA:66,6,1,0
BRDA:67,7,0,0
BRDA:67,7,1,0
BRDA:94,8,0,0
BRDA:94,8,1,0
BRDA:94,9,0,0
BRDA:94,9,1,0
BRDA:98,10,0,0
BRDA:98,10,1,0
BRDA:102,11,0,0
BRDA:102,11,1,0
BRDA:107,12,0,0
BRDA:107,12,1,0
BRDA:116,13,0,0
BRDA:116,13,1,0
BRDA:116,14,0,0
BRDA:116,14,1,0
BRDA:120,15,0,0
BRDA:120,15,1,0
BRDA:122,16,0,0
BRDA:122,16,1,0
BRDA:122,17,0,0
BRDA:122,17,1,0
BRDA:122,17,2,0
BRDA:142,18,0,0
BRDA:142,18,1,0
BRDA:142,19,0,0
BRDA:142,19,1,0
BRDA:146,20,0,0
BRDA:146,20,1,0
BRDA:150,21,0,0
BRDA:150,21,1,0
BRDA:155,22,0,0
BRDA:155,22,1,0
BRDA:160,23,0,0
BRDA:160,23,1,0
BRDA:174,24,0,0
BRDA:174,24,1,0
BRDA:175,25,0,0
BRDA:175,25,1,0
BRDA:203,26,0,0
BRDA:203,26,1,0
BRDA:203,27,0,0
BRDA:203,27,1,0
BRDA:207,28,0,0
BRDA:207,28,1,0
BRDA:212,29,0,0
BRDA:212,29,1,0
BRDA:217,30,0,0
BRDA:217,30,1,0
BRDA:220,31,0,0
BRDA:220,31,1,0
BRDA:224,32,0,0
BRDA:224,32,1,0
BRDA:226,33,0,0
BRDA:226,33,1,0
BRDA:226,34,0,0
BRDA:226,34,1,0
BRDA:226,34,2,0
BRDA:239,35,0,0
BRDA:239,35,1,0
BRDA:261,36,0,0
BRDA:261,36,1,0
BRDA:265,37,0,0
BRDA:265,37,1,0
BRDA:268,38,0,0
BRDA:268,38,1,0
BRDA:302,39,0,0
BRDA:302,39,1,0
BRDA:329,40,0,0
BRDA:329,40,1,0
BRDA:350,41,0,0
BRDA:350,41,1,0
BRDA:350,42,0,0
BRDA:350,42,1,0
BRDA:354,43,0,0
BRDA:354,43,1,0
BRDA:358,44,0,0
BRDA:358,44,1,0
BRDA:358,45,0,0
BRDA:358,45,1,0
BRDA:362,46,0,0
BRDA:362,46,1,0
BRDA:366,47,0,0
BRDA:366,47,1,0
BRDA:398,48,0,0
BRDA:398,48,1,0
BRDA:398,49,0,0
BRDA:398,49,1,0
BRDA:402,50,0,0
BRDA:402,50,1,0
BRDA:406,51,0,0
BRDA:406,51,1,0
BRDA:406,52,0,0
BRDA:406,52,1,0
BRDA:410,53,0,0
BRDA:410,53,1,0
BRDA:438,54,0,0
BRDA:438,54,1,0
BRDA:438,55,0,0
BRDA:438,55,1,0
BRDA:442,56,0,0
BRDA:442,56,1,0
BRDA:446,57,0,0
BRDA:446,57,1,0
BRF:118
BRH:0
end_of_record
TN:
SF:src\modules\messages\application\parsers\emoji-validator.ts
FN:45,isValidReactionEmoji
FN:81,getEmojiDescription
FNF:2
FNH:0
FNDA:0,isValidReactionEmoji
FNDA:0,getEmojiDescription
DA:9,0
DA:45,0
DA:46,0
DA:58,0
DA:81,0
DA:82,0
LF:6
LH:0
BRDA:82,0,0,0
BRDA:82,0,1,0
BRF:2
BRH:0
end_of_record
TN:
SF:src\modules\messages\application\parsers\mention-parser.ts
FN:41,extractMentions
FN:78,getMentionedUsernames
FN:80,(anonymous_2)
FN:96,isValidMention
FN:117,formatMentions
FNF:5
FNH:0
FNDA:0,extractMentions
FNDA:0,getMentionedUsernames
FNDA:0,(anonymous_2)
FNDA:0,isValidMention
FNDA:0,formatMentions
DA:26,0
DA:41,0
DA:42,0
DA:46,0
DA:48,0
DA:49,0
DA:50,0
DA:53,0
DA:54,0
DA:56,0
DA:65,0
DA:78,0
DA:79,0
DA:80,0
DA:81,0
DA:96,0
DA:97,0
DA:98,0
DA:99,0
DA:117,0
DA:121,0
DA:122,0
DA:125,0
DA:126,0
DA:127,0
DA:129,0
DA:130,0
DA:131,0
DA:132,0
DA:136,0
LF:30
LH:0
BRDA:54,0,0,0
BRDA:54,0,1,0
BRDA:97,1,0,0
BRDA:97,1,1,0
BRDA:99,2,0,0
BRDA:99,2,1,0
BRDA:129,3,0,0
BRDA:129,3,1,0
BRF:8
BRH:0
end_of_record
TN:
SF:src\modules\messages\application\validacion\ValidadorMensajeBase.ts
FN:3,(anonymous_0)
FN:6,(anonymous_1)
FN:11,(anonymous_2)
FNF:3
FNH:0
FNDA:0,(anonymous_0)
FNDA:0,(anonymous_1)
FNDA:0,(anonymous_2)
DA:3,0
DA:4,0
DA:7,0
DA:8,0
DA:12,0
DA:13,0
DA:14,0
DA:15,0
LF:8
LH:0
BRDA:13,0,0,0
BRDA:13,0,1,0
BRDA:14,1,0,0
BRDA:14,1,1,0
BRF:4
BRH:0
end_of_record
TN:
SF:src\modules\messages\application\validacion\ValidadorMensajeChainFactory.ts
FN:8,crearCadenaValidacion
FNF:1
FNH:0
FNDA:0,crearCadenaValidacion
DA:2,0
DA:3,0
DA:4,0
DA:5,0
DA:6,0
DA:8,0
DA:9,0
DA:10,0
DA:11,0
DA:12,0
DA:13,0
DA:15,0
DA:21,0
LF:13
LH:0
BRF:0
BRH:0
end_of_record
TN:
SF:src\modules\messages\application\validacion\ValidarAdjuntoHandler.ts
FN:12,(anonymous_0)
FNF:1
FNH:0
FNDA:0,(anonymous_0)
DA:2,0
DA:4,0
DA:5,0
DA:11,0
DA:13,0
DA:14,0
DA:17,0
DA:18,0
DA:24,0
DA:25,0
DA:31,0
LF:11
LH:0
BRDA:13,0,0,0
BRDA:13,0,1,0
BRDA:13,1,0,0
BRDA:13,1,1,0
BRDA:17,2,0,0
BRDA:17,2,1,0
BRDA:17,3,0,0
BRDA:17,3,1,0
BRDA:24,4,0,0
BRDA:24,4,1,0
BRDA:24,5,0,0
BRDA:24,5,1,0
BRF:12
BRH:0
end_of_record
TN:
SF:src\modules\messages\application\validacion\ValidarContenidoHandler.ts
FN:6,(anonymous_0)
FNF:1
FNH:0
FNDA:0,(anonymous_0)
DA:2,0
DA:3,0
DA:5,0
DA:7,0
DA:9,0
DA:10,0
DA:13,0
LF:7
LH:0
BRDA:9,0,0,0
BRDA:9,0,1,0
BRF:2
BRH:0
end_of_record
TN:
SF:src\modules\messages\application\validacion\ValidarMencionesHandler.ts
FN:8,(anonymous_0)
FNF:1
FNH:0
FNDA:0,(anonymous_0)
DA:2,0
DA:5,0
DA:7,0
DA:9,0
DA:10,0
DA:12,0
DA:13,0
DA:14,0
DA:15,0
DA:22,0
LF:10
LH:0
BRDA:10,0,0,0
BRDA:10,0,1,0
BRDA:14,1,0,0
BRDA:14,1,1,0
BRF:4
BRH:0
end_of_record
TN:
SF:src\modules\messages\application\validacion\ValidarPermisosHandler.ts
FN:10,(anonymous_0)
FN:14,(anonymous_1)
FNF:2
FNH:0
FNDA:0,(anonymous_0)
FNDA:0,(anonymous_1)
DA:2,0
DA:9,0
DA:10,0
DA:11,0
DA:15,0
DA:16,0
DA:17,0
DA:19,0
DA:22,0
DA:23,0
DA:24,0
DA:26,0
DA:27,0
DA:29,0
DA:32,0
LF:15
LH:0
BRDA:15,0,0,0
BRDA:15,0,1,0
BRDA:16,1,0,0
BRDA:16,1,1,0
BRDA:22,2,0,0
BRDA:22,2,1,0
BRDA:23,3,0,0
BRDA:23,3,1,0
BRDA:26,4,0,0
BRDA:26,4,1,0
BRF:10
BRH:0
end_of_record
TN:
SF:src\modules\messages\application\validacion\ValidarTamanoHandler.ts
FN:7,(anonymous_0)
FNF:1
FNH:0
FNDA:0,(anonymous_0)
DA:2,0
DA:4,0
DA:6,0
DA:8,0
DA:9,0
DA:11,0
DA:12,0
DA:17,0
LF:8
LH:0
BRDA:8,0,0,0
BRDA:8,0,1,0
BRDA:8,1,0,0
BRDA:8,1,1,0
BRDA:11,2,0,0
BRDA:11,2,1,0
BRF:6
BRH:0
end_of_record
TN:
SF:src\modules\messages\domain\chat-subject.ts
FN:27,(anonymous_0)
FN:32,(anonymous_1)
FN:49,(anonymous_2)
FN:69,(anonymous_3)
FN:89,(anonymous_4)
FN:90,(anonymous_5)
FN:114,(anonymous_6)
FN:122,(anonymous_7)
FN:142,(anonymous_8)
FN:152,(anonymous_9)
FN:159,(anonymous_10)
FN:169,(anonymous_11)
FN:177,(anonymous_12)
FN:194,(anonymous_13)
FN:202,(anonymous_14)
FN:219,(anonymous_15)
FN:227,(anonymous_16)
FNF:17
FNH:0
FNDA:0,(anonymous_0)
FNDA:0,(anonymous_1)
FNDA:0,(anonymous_2)
FNDA:0,(anonymous_3)
FNDA:0,(anonymous_4)
FNDA:0,(anonymous_5)
FNDA:0,(anonymous_6)
FNDA:0,(anonymous_7)
FNDA:0,(anonymous_8)
FNDA:0,(anonymous_9)
FNDA:0,(anonymous_10)
FNDA:0,(anonymous_11)
FNDA:0,(anonymous_12)
FNDA:0,(anonymous_13)
FNDA:0,(anonymous_14)
FNDA:0,(anonymous_15)
FNDA:0,(anonymous_16)
DA:17,0
DA:25,0
DA:33,0
DA:34,0
DA:36,0
DA:50,0
DA:51,0
DA:53,0
DA:55,0
DA:70,0
DA:71,0
DA:72,0
DA:75,0
DA:76,0
DA:79,0
DA:90,0
DA:91,0
DA:92,0
DA:94,0
DA:95,0
DA:100,0
DA:115,0
DA:117,0
DA:118,0
DA:119,0
DA:122,0
DA:123,0
DA:124,0
DA:126,0
DA:130,0
DA:143,0
DA:153,0
DA:160,0
DA:170,0
DA:172,0
DA:173,0
DA:174,0
DA:177,0
DA:178,0
DA:179,0
DA:181,0
DA:185,0
DA:195,0
DA:197,0
DA:198,0
DA:199,0
DA:202,0
DA:203,0
DA:204,0
DA:206,0
DA:210,0
DA:220,0
DA:222,0
DA:223,0
DA:224,0
DA:227,0
DA:228,0
DA:229,0
DA:231,0
DA:235,0
LF:60
LH:0
BRDA:33,0,0,0
BRDA:33,0,1,0
BRDA:50,1,0,0
BRDA:50,1,1,0
BRDA:71,2,0,0
BRDA:71,2,1,0
BRDA:75,3,0,0
BRDA:75,3,1,0
BRDA:91,4,0,0
BRDA:91,4,1,0
BRDA:94,5,0,0
BRDA:94,5,1,0
BRDA:117,6,0,0
BRDA:117,6,1,0
BRDA:143,7,0,0
BRDA:143,7,1,0
BRDA:172,8,0,0
BRDA:172,8,1,0
BRDA:197,9,0,0
BRDA:197,9,1,0
BRDA:222,10,0,0
BRDA:222,10,1,0
BRF:22
BRH:0
end_of_record
TN:
SF:src\modules\messages\infrastructure\mobile-chat-observer.ts
FN:28,(anonymous_0)
FN:40,(anonymous_1)
FN:66,(anonymous_2)
FN:89,(anonymous_3)
FN:106,(anonymous_4)
FN:127,(anonymous_5)
FN:134,(anonymous_6)
FNF:7
FNH:0
FNDA:0,(anonymous_0)
FNDA:0,(anonymous_1)
FNDA:0,(anonymous_2)
FNDA:0,(anonymous_3)
FNDA:0,(anonymous_4)
FNDA:0,(anonymous_5)
FNDA:0,(anonymous_6)
DA:23,0
DA:29,0
DA:30,0
DA:41,0
DA:43,0
DA:45,0
DA:55,0
DA:67,0
DA:68,0
DA:76,0
DA:80,0
DA:90,0
DA:91,0
DA:93,0
DA:97,0
DA:107,0
DA:108,0
DA:115,0
DA:119,0
DA:128,0
DA:135,0
LF:21
LH:0
BRF:0
BRH:0
end_of_record
TN:
SF:src\modules\messages\infrastructure\prisma-mensaje.repository.ts
FN:14,(anonymous_0)
FN:18,(anonymous_1)
FN:22,(anonymous_2)
FN:30,(anonymous_3)
FN:35,(anonymous_4)
FN:39,(anonymous_5)
FN:43,(anonymous_6)
FN:48,(anonymous_7)
FN:52,(anonymous_8)
FN:56,(anonymous_9)
FNF:10
FNH:0
FNDA:0,(anonymous_0)
FNDA:0,(anonymous_1)
FNDA:0,(anonymous_2)
FNDA:0,(anonymous_3)
FNDA:0,(anonymous_4)
FNDA:0,(anonymous_5)
FNDA:0,(anonymous_6)
FNDA:0,(anonymous_7)
FNDA:0,(anonymous_8)
FNDA:0,(anonymous_9)
DA:11,0
DA:13,0
DA:15,0
DA:19,0
DA:27,0
DA:31,0
DA:36,0
DA:40,0
DA:44,0
DA:49,0
DA:53,0
DA:57,0
LF:12
LH:0
BRF:0
BRH:0
end_of_record
TN:
SF:src\modules\messages\infrastructure\socket-message.gateway.ts
FN:27,(anonymous_0)
FN:44,(anonymous_1)
FN:62,(anonymous_2)
FN:132,(anonymous_3)
FN:146,(anonymous_4)
FN:161,(anonymous_5)
FN:176,(anonymous_6)
FNF:7
FNH:0
FNDA:0,(anonymous_0)
FNDA:0,(anonymous_1)
FNDA:0,(anonymous_2)
FNDA:0,(anonymous_3)
FNDA:0,(anonymous_4)
FNDA:0,(anonymous_5)
FNDA:0,(anonymous_6)
DA:10,0
DA:19,0
DA:20,0
DA:26,0
DA:28,0
DA:30,0
DA:41,0
DA:48,0
DA:59,0
DA:63,0
DA:69,0
DA:71,0
DA:73,0
DA:88,0
DA:93,0
DA:103,0
DA:105,0
DA:120,0
DA:122,0
DA:133,0
DA:135,0
DA:136,0
DA:137,0
DA:138,0
DA:141,0
DA:143,0
DA:144,0
DA:146,0
DA:147,0
DA:156,0
DA:162,0
DA:164,0
DA:165,0
DA:166,0
DA:173,0
DA:174,0
DA:176,0
DA:177,0
LF:38
LH:0
BRDA:63,0,0,0
BRDA:63,0,1,0
BRDA:63,0,2,0
BRDA:63,0,3,0
BRDA:69,1,0,0
BRDA:69,1,1,0
BRDA:133,2,0,0
BRDA:133,2,1,0
BRDA:133,2,2,0
BRDA:133,2,3,0
BRDA:135,3,0,0
BRDA:135,3,1,0
BRDA:137,4,0,0
BRDA:137,4,1,0
BRDA:137,5,0,0
BRDA:137,5,1,0
BRDA:143,6,0,0
BRDA:143,6,1,0
BRDA:143,7,0,0
BRDA:143,7,1,0
BRDA:143,7,2,0
BRDA:164,8,0,0
BRDA:164,8,1,0
BRDA:165,9,0,0
BRDA:165,9,1,0
BRDA:165,10,0,0
BRDA:165,10,1,0
BRDA:165,10,2,0
BRDA:173,11,0,0
BRDA:173,11,1,0
BRDA:173,12,0,0
BRDA:173,12,1,0
BRDA:173,12,2,0
BRDA:173,12,3,0
BRF:34
BRH:0
end_of_record
TN:
SF:src\modules\messages\infrastructure\web-chat-observer.ts
FN:21,(anonymous_0)
FN:33,(anonymous_1)
FN:54,(anonymous_2)
FN:77,(anonymous_3)
FN:94,(anonymous_4)
FN:115,(anonymous_5)
FN:122,(anonymous_6)
FNF:7
FNH:0
FNDA:0,(anonymous_0)
FNDA:0,(anonymous_1)
FNDA:0,(anonymous_2)
FNDA:0,(anonymous_3)
FNDA:0,(anonymous_4)
FNDA:0,(anonymous_5)
FNDA:0,(anonymous_6)
DA:16,0
DA:22,0
DA:23,0
DA:34,0
DA:37,0
DA:39,0
DA:43,0
DA:55,0
DA:56,0
DA:64,0
DA:68,0
DA:78,0
DA:79,0
DA:81,0
DA:85,0
DA:95,0
DA:96,0
DA:103,0
DA:107,0
DA:116,0
DA:123,0
LF:21
LH:0
BRF:0
BRH:0
end_of_record
TN:
SF:src\modules\messages\interfaces\http\mensaje.controller.ts
FN:7,(anonymous_0)
FN:29,(anonymous_1)
FN:46,(anonymous_2)
FN:69,(anonymous_3)
FN:89,(anonymous_4)
FN:116,(anonymous_5)
FN:142,(anonymous_6)
FN:164,(anonymous_7)
FNF:8
FNH:0
FNDA:0,(anonymous_0)
FNDA:0,(anonymous_1)
FNDA:0,(anonymous_2)
FNDA:0,(anonymous_3)
FNDA:0,(anonymous_4)
FNDA:0,(anonymous_5)
FNDA:0,(anonymous_6)
FNDA:0,(anonymous_7)
DA:3,0
DA:4,0
DA:6,0
DA:8,0
DA:9,0
DA:15,0
DA:19,0
DA:25,0
DA:30,0
DA:31,0
DA:37,0
DA:42,0
DA:47,0
DA:48,0
DA:49,0
DA:55,0
DA:59,0
DA:65,0
DA:70,0
DA:71,0
DA:72,0
DA:78,0
DA:83,0
DA:90,0
DA:91,0
DA:92,0
DA:93,0
DA:95,0
DA:102,0
DA:106,0
DA:112,0
DA:117,0
DA:118,0
DA:119,0
DA:120,0
DA:122,0
DA:129,0
DA:133,0
DA:138,0
DA:143,0
DA:144,0
DA:145,0
DA:147,0
DA:153,0
DA:158,0
DA:165,0
DA:166,0
DA:168,0
DA:173,0
LF:49
LH:0
BRDA:48,0,0,0
BRDA:48,0,1,0
BRDA:48,0,2,0
BRDA:71,1,0,0
BRDA:71,1,1,0
BRDA:93,2,0,0
BRDA:93,2,1,0
BRDA:120,3,0,0
BRDA:120,3,1,0
BRF:9
BRH:0
end_of_record
TN:
SF:src\modules\messages\interfaces\http\mensaje.routes.ts
FNF:0
FNH:0
DA:1,0
DA:3,0
DA:4,0
DA:6,0
DA:37,0
DA:68,0
DA:99,0
DA:130,0
DA:161,0
DA:190,0
DA:212,0
DA:228,0
DA:230,0
LF:13
LH:0
BRF:0
BRH:0
end_of_record
TN:
SF:src\modules\notifications\application\NotificacionService.ts
FN:7,(anonymous_0)
FN:12,(anonymous_1)
FNF:2
FNH:0
FNDA:0,(anonymous_0)
FNDA:0,(anonymous_1)
DA:6,0
DA:8,0
DA:9,0
DA:17,0
DA:18,0
DA:20,0
DA:21,0
DA:22,0
DA:25,0
DA:26,0
DA:27,0
DA:29,0
DA:37,0
LF:13
LH:0
BRDA:21,0,0,0
BRDA:21,0,1,0
BRDA:32,1,0,0
BRDA:32,1,1,0
BRF:4
BRH:0
end_of_record
TN:
SF:src\modules\notifications\domain\contracts.ts
FNF:0
FNH:0
DA:5,0
LF:1
LH:0
BRF:0
BRH:0
end_of_record
TN:
SF:src\modules\notifications\infrastructure\InMemoryPreferenciaRepository.ts
FN:9,(anonymous_0)
FN:12,(anonymous_1)
FN:16,(anonymous_2)
FN:24,(anonymous_3)
FNF:4
FNH:0
FNDA:0,(anonymous_0)
FNDA:0,(anonymous_1)
FNDA:0,(anonymous_2)
FNDA:0,(anonymous_3)
DA:2,0
DA:9,0
DA:10,0
DA:13,0
DA:20,0
DA:21,0
DA:29,0
DA:30,0
LF:8
LH:0
BRDA:20,0,0,0
BRDA:20,0,1,0
BRF:2
BRH:0
end_of_record
TN:
SF:src\modules\notifications\infrastructure\NotificacionEventoObserver.ts
FN:7,(anonymous_0)
FN:12,(anonymous_1)
FN:20,(anonymous_2)
FN:25,(anonymous_3)
FNF:4
FNH:0
FNDA:0,(anonymous_0)
FNDA:0,(anonymous_1)
FNDA:0,(anonymous_2)
FNDA:0,(anonymous_3)
DA:3,0
DA:6,0
DA:8,0
DA:9,0
DA:13,0
DA:18,0
DA:21,0
DA:26,0
LF:8
LH:0
BRF:0
BRH:0
end_of_record
TN:
SF:src\modules\notifications\infrastructure\strategies\EmailInstitucionalStrategy.ts
FN:19,(anonymous_1)
FNF:1
FNH:1
FNDA:2,(anonymous_1)
DA:2,1
DA:11,1
DA:12,2
DA:15,2
DA:16,2
DA:20,2
DA:22,2
DA:24,2
DA:25,1
DA:29,1
DA:37,1
DA:39,1
DA:41,1
DA:44,1
LF:14
LH:14
BRDA:24,0,0,1
BRDA:24,0,1,1
BRF:2
BRH:2
end_of_record
TN:
SF:src\modules\notifications\infrastructure\strategies\InAppWebSocketStrategy.ts
FN:5,(anonymous_0)
FN:8,(anonymous_1)
FNF:2
FNH:0
FNDA:0,(anonymous_0)
FNDA:0,(anonymous_1)
DA:2,0
DA:5,0
DA:6,0
DA:9,0
DA:14,0
LF:5
LH:0
BRF:0
BRH:0
end_of_record
TN:
SF:src\modules\notifications\infrastructure\strategies\PushMovilStrategy.ts
FN:5,(anonymous_0)
FN:8,(anonymous_1)
FNF:2
FNH:0
FNDA:0,(anonymous_0)
FNDA:0,(anonymous_1)
DA:2,0
DA:5,0
DA:6,0
DA:9,0
DA:13,0
LF:5
LH:0
BRF:0
BRH:0
end_of_record
TN:
SF:src\modules\notifications\infrastructure\strategies\ResumenDiarioStrategy.ts
FN:9,(anonymous_0)
FN:14,(anonymous_1)
FN:23,(anonymous_2)
FNF:3
FNH:0
FNDA:0,(anonymous_0)
FNDA:0,(anonymous_1)
FNDA:0,(anonymous_2)
DA:2,0
DA:9,0
DA:10,0
DA:12,0
DA:15,0
DA:16,0
DA:20,0
DA:24,0
DA:25,0
DA:26,0
LF:10
LH:0
BRDA:24,0,0,0
BRDA:24,0,1,0
BRF:2
BRH:0
end_of_record
TN:
SF:src\modules\notifications\interfaces\http\notificacion.controller.ts
FN:9,(anonymous_0)
FN:29,(anonymous_1)
FN:55,(anonymous_2)
FNF:3
FNH:0
FNDA:0,(anonymous_0)
FNDA:0,(anonymous_1)
FNDA:0,(anonymous_2)
DA:2,0
DA:3,0
DA:4,0
DA:6,0
DA:8,0
DA:10,0
DA:11,0
DA:12,0
DA:14,0
DA:15,0
DA:18,0
DA:23,0
DA:25,0
DA:30,0
DA:31,0
DA:32,0
DA:33,0
DA:35,0
DA:36,0
DA:39,0
DA:40,0
DA:43,0
DA:49,0
DA:51,0
DA:56,0
DA:57,0
DA:58,0
DA:60,0
DA:61,0
DA:64,0
DA:69,0
DA:75,0
DA:77,0
LF:33
LH:0
BRDA:14,0,0,0
BRDA:14,0,1,0
BRDA:35,1,0,0
BRDA:35,1,1,0
BRDA:39,2,0,0
BRDA:39,2,1,0
BRDA:60,3,0,0
BRDA:60,3,1,0
BRDA:65,4,0,0
BRDA:65,4,1,0
BRF:10
BRH:0
end_of_record
TN:
SF:src\modules\notifications\interfaces\http\notificacion.routes.ts
FNF:0
FNH:0
DA:1,0
DA:2,0
DA:3,0
DA:5,0
DA:61,0
DA:62,0
DA:83,0
DA:85,0
LF:8
LH:0
BRF:0
BRH:0
end_of_record
TN:
SF:src\modules\polls\application\poll.use-cases.ts
FN:30,parseAutoCloseAt
FN:52,parseOptions
FN:57,(anonymous_2)
FN:78,buildPollPayload
FN:90,buildFinalClosedPollError
FN:95,(anonymous_5)
FN:101,(anonymous_6)
FN:118,(anonymous_7)
FN:151,(anonymous_8)
FN:163,(anonymous_9)
FN:198,(anonymous_10)
FN:229,(anonymous_11)
FN:237,(anonymous_12)
FN:267,(anonymous_13)
FN:283,(anonymous_14)
FN:301,(anonymous_15)
FN:306,(anonymous_16)
FN:330,(anonymous_17)
FNF:18
FNH:0
FNDA:0,parseAutoCloseAt
FNDA:0,parseOptions
FNDA:0,(anonymous_2)
FNDA:0,buildPollPayload
FNDA:0,buildFinalClosedPollError
FNDA:0,(anonymous_5)
FNDA:0,(anonymous_6)
FNDA:0,(anonymous_7)
FNDA:0,(anonymous_8)
FNDA:0,(anonymous_9)
FNDA:0,(anonymous_10)
FNDA:0,(anonymous_11)
FNDA:0,(anonymous_12)
FNDA:0,(anonymous_13)
FNDA:0,(anonymous_14)
FNDA:0,(anonymous_15)
FNDA:0,(anonymous_16)
FNDA:0,(anonymous_17)
DA:13,0
DA:14,0
DA:31,0
DA:32,0
DA:35,0
DA:36,0
DA:39,0
DA:40,0
DA:43,0
DA:45,0
DA:46,0
DA:49,0
DA:53,0
DA:54,0
DA:57,0
DA:58,0
DA:59,0
DA:65,0
DA:66,0
DA:68,0
DA:74,0
DA:83,0
DA:91,0
DA:94,0
DA:96,0
DA:97,0
DA:98,0
DA:106,0
DA:108,0
DA:109,0
DA:112,0
DA:114,0
DA:115,0
DA:118,0
DA:120,0
DA:121,0
DA:124,0
DA:125,0
DA:126,0
DA:128,0
DA:129,0
DA:137,0
DA:140,0
DA:148,0
DA:149,0
DA:151,0
DA:155,0
DA:157,0
DA:168,0
DA:170,0
DA:171,0
DA:174,0
DA:176,0
DA:182,0
DA:184,0
DA:185,0
DA:188,0
DA:189,0
DA:192,0
DA:194,0
DA:195,0
DA:198,0
DA:200,0
DA:201,0
DA:204,0
DA:205,0
DA:210,0
DA:211,0
DA:212,0
DA:213,0
DA:219,0
DA:221,0
DA:224,0
DA:225,0
DA:228,0
DA:229,0
DA:231,0
DA:232,0
DA:235,0
DA:237,0
DA:238,0
DA:241,0
DA:242,0
DA:248,0
DA:251,0
DA:252,0
DA:253,0
DA:259,0
DA:261,0
DA:271,0
DA:273,0
DA:274,0
DA:277,0
DA:279,0
DA:280,0
DA:283,0
DA:285,0
DA:286,0
DA:289,0
DA:291,0
DA:293,0
DA:294,0
DA:295,0
DA:296,0
DA:297,0
DA:301,0
DA:303,0
DA:307,0
DA:308,0
DA:310,0
DA:311,0
DA:316,0
DA:317,0
DA:318,0
DA:319,0
DA:321,0
DA:323,0
DA:324,0
DA:327,0
DA:331,0
DA:332,0
DA:335,0
LF:122
LH:0
BRDA:31,0,0,0
BRDA:31,0,1,0
BRDA:31,1,0,0
BRDA:31,1,1,0
BRDA:31,1,2,0
BRDA:35,2,0,0
BRDA:35,2,1,0
BRDA:39,3,0,0
BRDA:39,3,1,0
BRDA:45,4,0,0
BRDA:45,4,1,0
BRDA:53,5,0,0
BRDA:53,5,1,0
BRDA:58,6,0,0
BRDA:58,6,1,0
BRDA:65,7,0,0
BRDA:65,7,1,0
BRDA:65,8,0,0
BRDA:65,8,1,0
BRDA:65,8,2,0
BRDA:69,9,0,0
BRDA:69,9,1,0
BRDA:70,10,0,0
BRDA:70,10,1,0
BRDA:108,11,0,0
BRDA:108,11,1,0
BRDA:108,12,0,0
BRDA:108,12,1,0
BRDA:114,13,0,0
BRDA:114,13,1,0
BRDA:120,14,0,0
BRDA:120,14,1,0
BRDA:124,15,0,0
BRDA:124,15,1,0
BRDA:137,16,0,0
BRDA:137,16,1,0
BRDA:170,17,0,0
BRDA:170,17,1,0
BRDA:170,18,0,0
BRDA:170,18,1,0
BRDA:174,19,0,0
BRDA:174,19,1,0
BRDA:184,20,0,0
BRDA:184,20,1,0
BRDA:188,21,0,0
BRDA:188,21,1,0
BRDA:194,22,0,0
BRDA:194,22,1,0
BRDA:200,23,0,0
BRDA:200,23,1,0
BRDA:204,24,0,0
BRDA:204,24,1,0
BRDA:212,25,0,0
BRDA:212,25,1,0
BRDA:224,26,0,0
BRDA:224,26,1,0
BRDA:231,27,0,0
BRDA:231,27,1,0
BRDA:237,28,0,0
BRDA:237,28,1,0
BRDA:248,29,0,0
BRDA:248,29,1,0
BRDA:273,30,0,0
BRDA:273,30,1,0
BRDA:273,31,0,0
BRDA:273,31,1,0
BRDA:279,32,0,0
BRDA:279,32,1,0
BRDA:285,33,0,0
BRDA:285,33,1,0
BRDA:306,34,0,0
BRDA:319,35,0,0
BRDA:319,35,1,0
BRDA:331,36,0,0
BRDA:331,36,1,0
BRF:75
BRH:0
end_of_record
TN:
SF:src\modules\polls\domain\poll.ts
FN:19,normalizeText
FN:23,isNonEmptyString
FN:27,isPollStatus
FN:31,isPollTarget
FN:43,normalizePollQuestion
FN:47,normalizePollOptionText
FN:51,validatePollQuestion
FN:63,validatePollTarget
FN:69,validatePollOptions
FN:78,(anonymous_9)
FN:84,(anonymous_10)
FN:95,validatePollAutoCloseAt
FN:109,validatePollCreationData
FN:120,validatePollVoteData
FN:134,isPollOpen
FN:146,shouldAutoClosePoll
FN:150,calcularResultadosEncuesta
FN:156,(anonymous_17)
FN:157,(anonymous_18)
FNF:19
FNH:0
FNDA:0,normalizeText
FNDA:0,isNonEmptyString
FNDA:0,isPollStatus
FNDA:0,isPollTarget
FNDA:0,normalizePollQuestion
FNDA:0,normalizePollOptionText
FNDA:0,validatePollQuestion
FNDA:0,validatePollTarget
FNDA:0,validatePollOptions
FNDA:0,(anonymous_9)
FNDA:0,(anonymous_10)
FNDA:0,validatePollAutoCloseAt
FNDA:0,validatePollCreationData
FNDA:0,validatePollVoteData
FNDA:0,isPollOpen
FNDA:0,shouldAutoClosePoll
FNDA:0,calcularResultadosEncuesta
FNDA:0,(anonymous_17)
FNDA:0,(anonymous_18)
DA:1,0
DA:13,0
DA:14,0
DA:15,0
DA:16,0
DA:17,0
DA:20,0
DA:24,0
DA:27,0
DA:28,0
DA:31,0
DA:32,0
DA:43,0
DA:44,0
DA:47,0
DA:48,0
DA:51,0
DA:52,0
DA:54,0
DA:55,0
DA:58,0
DA:59,0
DA:63,0
DA:64,0
DA:65,0
DA:69,0
DA:70,0
DA:71,0
DA:74,0
DA:75,0
DA:78,0
DA:80,0
DA:81,0
DA:84,0
DA:85,0
DA:86,0
DA:89,0
DA:90,0
DA:95,0
DA:96,0
DA:97,0
DA:100,0
DA:101,0
DA:104,0
DA:105,0
DA:109,0
DA:110,0
DA:111,0
DA:112,0
DA:113,0
DA:115,0
DA:116,0
DA:120,0
DA:121,0
DA:122,0
DA:125,0
DA:126,0
DA:129,0
DA:130,0
DA:134,0
DA:135,0
DA:136,0
DA:139,0
DA:140,0
DA:143,0
DA:146,0
DA:147,0
DA:150,0
DA:154,0
DA:156,0
DA:157,0
DA:158,0
DA:160,0
LF:73
LH:0
BRDA:24,0,0,0
BRDA:24,0,1,0
BRDA:28,1,0,0
BRDA:28,1,1,0
BRDA:33,2,0,0
BRDA:33,2,1,0
BRDA:33,2,2,0
BRDA:33,2,3,0
BRDA:33,2,4,0
BRDA:33,2,5,0
BRDA:33,2,6,0
BRDA:54,3,0,0
BRDA:54,3,1,0
BRDA:58,4,0,0
BRDA:58,4,1,0
BRDA:64,5,0,0
BRDA:64,5,1,0
BRDA:70,6,0,0
BRDA:70,6,1,0
BRDA:70,7,0,0
BRDA:70,7,1,0
BRDA:74,8,0,0
BRDA:74,8,1,0
BRDA:80,9,0,0
BRDA:80,9,1,0
BRDA:85,10,0,0
BRDA:85,10,1,0
BRDA:89,11,0,0
BRDA:89,11,1,0
BRDA:95,12,0,0
BRDA:96,13,0,0
BRDA:96,13,1,0
BRDA:100,14,0,0
BRDA:100,14,1,0
BRDA:100,15,0,0
BRDA:100,15,1,0
BRDA:104,16,0,0
BRDA:104,16,1,0
BRDA:109,17,0,0
BRDA:115,18,0,0
BRDA:115,18,1,0
BRDA:121,19,0,0
BRDA:121,19,1,0
BRDA:125,20,0,0
BRDA:125,20,1,0
BRDA:129,21,0,0
BRDA:129,21,1,0
BRDA:134,22,0,0
BRDA:135,23,0,0
BRDA:135,23,1,0
BRDA:139,24,0,0
BRDA:139,24,1,0
BRDA:139,25,0,0
BRDA:139,25,1,0
BRDA:146,26,0,0
BRDA:147,27,0,0
BRDA:147,27,1,0
BRDA:147,28,0,0
BRDA:147,28,1,0
BRDA:158,29,0,0
BRDA:158,29,1,0
BRF:61
BRH:0
end_of_record
TN:
SF:src\modules\polls\infrastructure\logging-poll-gateway.decorator.ts
FN:4,countVotes
FN:5,(anonymous_1)
FN:8,buildPollLogMeta
FN:21,(anonymous_3)
FN:23,(anonymous_4)
FN:28,(anonymous_5)
FNF:6
FNH:0
FNDA:0,countVotes
FNDA:0,(anonymous_1)
FNDA:0,buildPollLogMeta
FNDA:0,(anonymous_3)
FNDA:0,(anonymous_4)
FNDA:0,(anonymous_5)
DA:2,0
DA:5,0
DA:9,0
DA:20,0
DA:21,0
DA:24,0
DA:25,0
DA:29,0
DA:31,0
DA:32,0
DA:34,0
DA:37,0
LF:12
LH:0
BRDA:5,0,0,0
BRDA:5,0,1,0
BRDA:15,1,0,0
BRDA:15,1,1,0
BRDA:31,2,0,0
BRDA:31,2,1,0
BRF:6
BRH:0
end_of_record
TN:
SF:src\modules\polls\infrastructure\moderation-poll-gateway.decorator.ts
FN:6,validateField
FN:23,validateOptions
FN:24,(anonymous_2)
FN:30,(anonymous_3)
FN:32,(anonymous_4)
FN:41,(anonymous_5)
FNF:6
FNH:0
FNDA:0,validateField
FNDA:0,validateOptions
FNDA:0,(anonymous_2)
FNDA:0,(anonymous_3)
FNDA:0,(anonymous_4)
FNDA:0,(anonymous_5)
DA:2,0
DA:3,0
DA:4,0
DA:7,0
DA:9,0
DA:10,0
DA:13,0
DA:20,0
DA:24,0
DA:25,0
DA:29,0
DA:30,0
DA:33,0
DA:35,0
DA:36,0
DA:38,0
DA:42,0
DA:44,0
DA:45,0
DA:47,0
LF:20
LH:0
BRDA:9,0,0,0
BRDA:9,0,1,0
BRF:2
BRH:0
end_of_record
TN:
SF:src\modules\polls\infrastructure\poll-auto-close.scheduler.ts
FN:7,(anonymous_0)
FN:12,(anonymous_1)
FN:17,(anonymous_2)
FN:21,(anonymous_3)
FN:28,(anonymous_4)
FNF:5
FNH:0
FNDA:0,(anonymous_0)
FNDA:0,(anonymous_1)
FNDA:0,(anonymous_2)
FNDA:0,(anonymous_3)
FNDA:0,(anonymous_4)
DA:2,0
DA:4,0
DA:5,0
DA:8,0
DA:9,0
DA:13,0
DA:14,0
DA:17,0
DA:18,0
DA:22,0
DA:23,0
DA:24,0
DA:29,0
DA:30,0
DA:32,0
DA:33,0
DA:38,0
DA:39,0
DA:40,0
DA:42,0
DA:43,0
DA:46,0
LF:22
LH:0
BRDA:13,0,0,0
BRDA:13,0,1,0
BRDA:22,1,0,0
BRDA:22,1,1,0
BRDA:42,2,0,0
BRDA:42,2,1,0
BRF:6
BRH:0
end_of_record
TN:
SF:src\modules\polls\infrastructure\prisma-poll.repository.ts
FN:25,mapTarget
FN:33,mapOption
FN:44,mapPoll
FN:70,(anonymous_4)
FN:80,(anonymous_5)
FN:91,(anonymous_6)
FN:96,(anonymous_7)
FN:110,(anonymous_8)
FN:117,(anonymous_9)
FN:126,(anonymous_10)
FN:132,(anonymous_11)
FN:142,(anonymous_12)
FN:161,(anonymous_13)
FN:180,(anonymous_14)
FNF:14
FNH:0
FNDA:0,mapTarget
FNDA:0,mapOption
FNDA:0,mapPoll
FNDA:0,(anonymous_4)
FNDA:0,(anonymous_5)
FNDA:0,(anonymous_6)
FNDA:0,(anonymous_7)
FNDA:0,(anonymous_8)
FNDA:0,(anonymous_9)
FNDA:0,(anonymous_10)
FNDA:0,(anonymous_11)
FNDA:0,(anonymous_12)
FNDA:0,(anonymous_13)
FNDA:0,(anonymous_14)
DA:1,0
DA:26,0
DA:27,0
DA:30,0
DA:34,0
DA:56,0
DA:69,0
DA:71,0
DA:80,0
DA:88,0
DA:92,0
DA:93,0
DA:97,0
DA:107,0
DA:111,0
DA:113,0
DA:114,0
DA:118,0
DA:123,0
DA:127,0
DA:132,0
DA:143,0
DA:151,0
DA:162,0
DA:170,0
DA:181,0
DA:189,0
LF:27
LH:0
BRDA:26,0,0,0
BRDA:26,0,1,0
BRDA:30,1,0,0
BRDA:30,1,1,0
BRDA:62,2,0,0
BRDA:62,2,1,0
BRDA:63,3,0,0
BRDA:63,3,1,0
BRDA:76,4,0,0
BRDA:76,4,1,0
BRDA:77,5,0,0
BRDA:77,5,1,0
BRDA:78,6,0,0
BRDA:78,6,1,0
BRDA:82,7,0,0
BRDA:82,7,1,0
BRDA:93,8,0,0
BRDA:93,8,1,0
BRDA:111,9,0,0
BRDA:111,9,1,0
BRDA:147,10,0,0
BRDA:147,10,1,0
BRDA:185,11,0,0
BRDA:185,11,1,0
BRF:24
BRH:0
end_of_record
TN:
SF:src\modules\polls\infrastructure\socket-poll.gateway.ts
FN:15,(anonymous_0)
FN:50,(anonymous_1)
FNF:2
FNH:0
FNDA:0,(anonymous_0)
FNDA:0,(anonymous_1)
DA:2,0
DA:7,0
DA:14,0
DA:16,0
DA:17,0
DA:20,0
DA:22,0
DA:47,0
DA:51,0
DA:52,0
DA:55,0
LF:11
LH:0
BRDA:16,0,0,0
BRDA:16,0,1,0
BRDA:36,1,0,0
BRDA:36,1,1,0
BRDA:51,2,0,0
BRDA:51,2,1,0
BRF:6
BRH:0
end_of_record
TN:
SF:src\modules\polls\interfaces\http\encuesta.controller.ts
FN:7,(anonymous_0)
FN:21,(anonymous_1)
FN:40,(anonymous_2)
FNF:3
FNH:0
FNDA:0,(anonymous_0)
FNDA:0,(anonymous_1)
FNDA:0,(anonymous_2)
DA:3,0
DA:4,0
DA:6,0
DA:8,0
DA:9,0
DA:10,0
DA:12,0
DA:17,0
DA:22,0
DA:23,0
DA:24,0
DA:30,0
DA:36,0
DA:41,0
DA:42,0
DA:43,0
DA:47,0
DA:53,0
LF:18
LH:0
BRDA:23,0,0,0
BRDA:23,0,1,0
BRDA:23,0,2,0
BRDA:26,1,0,0
BRDA:26,1,1,0
BRDA:27,2,0,0
BRDA:27,2,1,0
BRDA:42,3,0,0
BRDA:42,3,1,0
BRDA:42,3,2,0
BRDA:44,4,0,0
BRDA:44,4,1,0
BRF:12
BRH:0
end_of_record
TN:
SF:src\modules\polls\interfaces\http\encuesta.routes.ts
FNF:0
FNH:0
DA:1,0
DA:3,0
DA:4,0
DA:6,0
DA:45,0
DA:46,0
DA:75,0
DA:77,0
LF:8
LH:0
BRF:0
BRH:0
end_of_record
TN:
SF:src\modules\recursos\recurso.controller.ts
FN:5,(anonymous_0)
FN:29,(anonymous_1)
FN:39,(anonymous_2)
FN:56,(anonymous_3)
FNF:4
FNH:0
FNDA:0,(anonymous_0)
FNDA:0,(anonymous_1)
FNDA:0,(anonymous_2)
FNDA:0,(anonymous_3)
DA:2,0
DA:4,0
DA:6,0
DA:7,0
DA:8,0
DA:10,0
DA:11,0
DA:14,0
DA:23,0
DA:25,0
DA:30,0
DA:31,0
DA:32,0
DA:33,0
DA:35,0
DA:40,0
DA:41,0
DA:42,0
DA:43,0
DA:45,0
DA:46,0
DA:49,0
DA:50,0
DA:52,0
DA:57,0
DA:58,0
DA:59,0
DA:61,0
DA:62,0
DA:65,0
DA:66,0
DA:68,0
DA:73,0
LF:33
LH:0
BRDA:8,0,0,0
BRDA:8,0,1,0
BRDA:10,1,0,0
BRDA:10,1,1,0
BRDA:45,2,0,0
BRDA:45,2,1,0
BRDA:61,3,0,0
BRDA:61,3,1,0
BRF:8
BRH:0
end_of_record
TN:
SF:src\modules\recursos\recurso.routes.ts
FNF:0
FNH:0
DA:1,0
DA:2,0
DA:3,0
DA:5,0
DA:7,0
DA:8,0
DA:9,0
DA:10,0
DA:12,0
LF:9
LH:0
BRF:0
BRH:0
end_of_record
TN:
SF:src\modules\recursos\recurso.service.ts
FN:9,(anonymous_0)
FN:62,(anonymous_1)
FN:72,(anonymous_2)
FN:119,(anonymous_3)
FNF:4
FNH:0
FNDA:0,(anonymous_0)
FNDA:0,(anonymous_1)
FNDA:0,(anonymous_2)
FNDA:0,(anonymous_3)
DA:1,0
DA:2,0
DA:4,0
DA:6,0
DA:8,0
DA:17,0
DA:20,0
DA:21,0
DA:23,0
DA:24,0
DA:25,0
DA:26,0
DA:34,0
DA:42,0
DA:48,0
DA:59,0
DA:63,0
DA:77,0
DA:82,0
DA:85,0
DA:86,0
DA:89,0
DA:92,0
DA:93,0
DA:94,0
DA:95,0
DA:96,0
DA:97,0
DA:98,0
DA:103,0
DA:109,0
DA:120,0
DA:125,0
DA:128,0
DA:129,0
DA:132,0
DA:136,0
LF:37
LH:0
BRDA:21,0,0,0
BRDA:21,0,1,0
BRDA:21,1,0,0
BRDA:21,1,1,0
BRDA:23,2,0,0
BRDA:23,2,1,0
BRDA:25,3,0,0
BRDA:25,3,1,0
BRDA:52,4,0,0
BRDA:52,4,1,0
BRDA:82,5,0,0
BRDA:82,5,1,0
BRDA:85,6,0,0
BRDA:85,6,1,0
BRDA:85,7,0,0
BRDA:85,7,1,0
BRDA:89,8,0,0
BRDA:89,8,1,0
BRDA:89,9,0,0
BRDA:89,9,1,0
BRDA:92,10,0,0
BRDA:92,10,1,0
BRDA:92,11,0,0
BRDA:92,11,1,0
BRDA:94,12,0,0
BRDA:94,12,1,0
BRDA:94,13,0,0
BRDA:94,13,1,0
BRDA:94,13,2,0
BRDA:95,14,0,0
BRDA:95,14,1,0
BRDA:97,15,0,0
BRDA:97,15,1,0
BRDA:104,16,0,0
BRDA:104,16,1,0
BRDA:105,17,0,0
BRDA:105,17,1,0
BRDA:112,18,0,0
BRDA:112,18,1,0
BRDA:125,19,0,0
BRDA:125,19,1,0
BRDA:128,20,0,0
BRDA:128,20,1,0
BRDA:128,21,0,0
BRDA:128,21,1,0
BRF:45
BRH:0
end_of_record
TN:
SF:src\modules\sesiones\application\sesion.use-cases.ts
FN:14,(anonymous_0)
FN:16,(anonymous_1)
FN:66,(anonymous_2)
FN:72,(anonymous_3)
FN:112,(anonymous_4)
FN:131,(anonymous_5)
FNF:6
FNH:0
FNDA:0,(anonymous_0)
FNDA:0,(anonymous_1)
FNDA:0,(anonymous_2)
FNDA:0,(anonymous_3)
FNDA:0,(anonymous_4)
FNDA:0,(anonymous_5)
DA:2,0
DA:10,0
DA:11,0
DA:13,0
DA:14,0
DA:26,0
DA:28,0
DA:29,0
DA:30,0
DA:31,0
DA:32,0
DA:33,0
DA:34,0
DA:35,0
DA:36,0
DA:37,0
DA:39,0
DA:40,0
DA:41,0
DA:42,0
DA:43,0
DA:44,0
DA:45,0
DA:46,0
DA:48,0
DA:52,0
DA:63,0
DA:67,0
DA:68,0
DA:69,0
DA:82,0
DA:83,0
DA:84,0
DA:85,0
DA:87,0
DA:88,0
[...]
DA:130,0
DA:133,0
DA:140,0
DA:147,0
DA:151,0
DA:153,0
DA:154,0
LF:38
LH:0
BRDA:19,0,0,0
BRDA:19,0,1,0
BRDA:90,1,0,0
BRDA:90,1,1,0
BRDA:100,2,0,0
BRDA:100,2,1,0
BRDA:128,3,0,0
BRDA:128,3,1,0
BRDA:154,4,0,0
BRDA:154,4,1,0
BRF:10
BRH:0
end_of_record
TN:
SF:src\modules\sesiones\interfaces\http\sesion.controller.ts
FN:6,(anonymous_0)
FN:24,(anonymous_1)
FN:33,(anonymous_2)
FN:51,(anonymous_3)
FNF:4
FNH:0
FNDA:0,(anonymous_0)
FNDA:0,(anonymous_1)
FNDA:0,(anonymous_2)
FNDA:0,(anonymous_3)
DA:2,0
DA:3,0
DA:5,0
DA:7,0
DA:8,0
DA:18,0
DA:20,0
DA:25,0
DA:26,0
DA:27,0
DA:29,0
DA:34,0
DA:35,0
DA:45,0
DA:47,0
DA:52,0
DA:53,0
DA:58,0
DA:60,0
LF:19
LH:0
BRDA:37,0,0,0
BRDA:37,0,1,0
BRDA:55,1,0,0
BRDA:55,1,1,0
BRF:4
BRH:0
end_of_record
TN:
SF:src\modules\sesiones\interfaces\http\sesion.routes.ts
FNF:0
FNH:0
DA:1,0
DA:2,0
DA:3,0
DA:5,0
DA:41,0
DA:62,0
DA:95,0
DA:123,0
DA:125,0
LF:9
LH:0
BRF:0
BRH:0
end_of_record
TN:
SF:src\modules\users\application\users.use-cases.ts
FN:57,(anonymous_0)
FN:59,(anonymous_1)
FN:63,(anonymous_2)
FN:67,(anonymous_3)
FN:73,(anonymous_4)
FN:77,(anonymous_5)
FN:81,(anonymous_6)
FN:87,(anonymous_7)
FN:96,(anonymous_8)
FN:99,(anonymous_9)
FN:116,(anonymous_10)
FN:136,(anonymous_11)
FN:148,(anonymous_12)
FN:215,(anonymous_13)
FN:221,(anonymous_14)
FN:227,(anonymous_15)
FN:270,(anonymous_16)
FN:324,(anonymous_17)
FN:367,(anonymous_18)
FN:377,(anonymous_19)
FN:458,(anonymous_20)
FN:463,(anonymous_21)
FN:481,(anonymous_22)
FN:529,(anonymous_23)
FN:540,(anonymous_24)
FN:589,(anonymous_25)
FN:595,(anonymous_26)
FN:627,(anonymous_27)
FN:639,(anonymous_28)
FN:666,(anonymous_29)
FN:703,(anonymous_30)
FNF:31
FNH:0
FNDA:0,(anonymous_0)
FNDA:0,(anonymous_1)
FNDA:0,(anonymous_2)
FNDA:0,(anonymous_3)
FNDA:0,(anonymous_4)
FNDA:0,(anonymous_5)
FNDA:0,(anonymous_6)
FNDA:0,(anonymous_7)
FNDA:0,(anonymous_8)
FNDA:0,(anonymous_9)
FNDA:0,(anonymous_10)
FNDA:0,(anonymous_11)
FNDA:0,(anonymous_12)
FNDA:0,(anonymous_13)
FNDA:0,(anonymous_14)
FNDA:0,(anonymous_15)
FNDA:0,(anonymous_16)
FNDA:0,(anonymous_17)
FNDA:0,(anonymous_18)
FNDA:0,(anonymous_19)
FNDA:0,(anonymous_20)
FNDA:0,(anonymous_21)
FNDA:0,(anonymous_22)
FNDA:0,(anonymous_23)
FNDA:0,(anonymous_24)
FNDA:0,(anonymous_25)
FNDA:0,(anonymous_26)
FNDA:0,(anonymous_27)
FNDA:0,(anonymous_28)
FNDA:0,(anonymous_29)
FNDA:0,(anonymous_30)
DA:12,0
DA:13,0
DA:14,0
DA:15,0
DA:19,0
DA:23,0
DA:24,0
DA:25,0
DA:56,0
DA:57,0
DA:60,0
DA:64,0
DA:66,0
DA:68,0
DA:77,0
DA:78,0
DA:80,0
DA:82,0
DA:87,0
DA:89,0
DA:90,0
DA:96,0
DA:100,0
DA:102,0
DA:103,0
DA:106,0
DA:107,0
DA:113,0
DA:117,0
DA:119,0
DA:120,0
DA:128,0
DA:129,0
DA:131,0
DA:136,0
DA:137,0
DA:140,0
DA:152,0
DA:154,0
DA:155,0
DA:158,0
DA:159,0
DA:162,0
DA:163,0
DA:166,0
DA:168,0
DA:169,0
DA:172,0
DA:177,0
DA:178,0
DA:179,0
DA:182,0
DA:188,0
DA:193,0
DA:194,0
DA:203,0
DA:216,0
DA:217,0
DA:218,0
DA:222,0
DA:223,0
DA:224,0
DA:228,0
DA:230,0
DA:231,0
DA:234,0
DA:235,0
DA:238,0
DA:239,0
DA:244,0
DA:253,0
DA:254,0
DA:255,0
DA:258,0
DA:262,0
DA:266,0
DA:271,0
DA:273,0
DA:274,0
DA:277,0
DA:278,0
DA:281,0
DA:282,0
DA:287,0
DA:289,0
DA:298,0
DA:307,0
DA:308,0
DA:309,0
DA:312,0
DA:316,0
DA:320,0
DA:334,0
DA:336,0
DA:346,0
DA:349,0
DA:356,0
DA:359,0
DA:360,0
DA:363,0
DA:367,0
DA:370,0
DA:373,0
DA:374,0
DA:376,0
DA:377,0
DA:378,0
DA:380,0
DA:381,0
DA:383,0
DA:384,0
DA:386,0
DA:387,0
DA:390,0
DA:394,0
DA:396,0
DA:397,0
DA:400,0
DA:401,0
DA:404,0
DA:408,0
DA:409,0
DA:414,0
DA:422,0
DA:424,0
DA:425,0
DA:428,0
DA:429,0
DA:442,0
DA:459,0
DA:460,0
DA:464,0
DA:465,0
DA:468,0
DA:470,0
DA:471,0
DA:474,0
DA:476,0
DA:482,0
DA:483,0
DA:486,0
DA:487,0
DA:490,0
DA:494,0
DA:495,0
DA:498,0
DA:503,0
DA:504,0
DA:507,0
DA:514,0
DA:530,0
DA:531,0
DA:533,0
DA:534,0
DA:537,0
DA:544,0
DA:545,0
DA:547,0
DA:556,0
DA:557,0
DA:560,0
DA:561,0
DA:563,0
DA:564,0
DA:566,0
DA:567,0
DA:570,0
DA:571,0
DA:575,0
DA:579,0
DA:582,0
DA:583,0
DA:584,0
DA:587,0
DA:589,0
DA:592,0
DA:595,0
DA:597,0
DA:598,0
DA:600,0
DA:604,0
DA:611,0
DA:628,0
DA:629,0
DA:632,0
DA:634,0
DA:640,0
DA:641,0
DA:644,0
DA:645,0
DA:648,0
DA:650,0
DA:651,0
DA:654,0
DA:663,0
DA:667,0
DA:668,0
DA:671,0
DA:672,0
DA:675,0
DA:677,0
DA:678,0
DA:681,0
DA:683,0
DA:685,0
DA:700,0
DA:704,0
DA:705,0
DA:708,0
LF:209
LH:0
BRDA:68,0,0,0
BRDA:68,0,1,0
BRDA:82,1,0,0
BRDA:82,1,1,0
BRDA:89,2,0,0
BRDA:89,2,1,0
BRDA:102,3,0,0
BRDA:102,3,1,0
BRDA:102,4,0,0
BRDA:102,4,1,0
BRDA:119,5,0,0
BRDA:119,5,1,0
BRDA:119,6,0,0
BRDA:119,6,1,0
BRDA:154,7,0,0
BRDA:154,7,1,0
BRDA:154,8,0,0
BRDA:154,8,1,0
BRDA:158,9,0,0
BRDA:158,9,1,0
BRDA:162,10,0,0
BRDA:162,10,1,0
BRDA:168,11,0,0
BRDA:168,11,1,0
BRDA:177,12,0,0
BRDA:177,12,1,0
BRDA:178,13,0,0
BRDA:178,13,1,0
BRDA:198,14,0,0
BRDA:198,14,1,0
BRDA:230,15,0,0
BRDA:230,15,1,0
BRDA:230,16,0,0
BRDA:230,16,1,0
BRDA:234,17,0,0
BRDA:234,17,1,0
BRDA:253,18,0,0
BRDA:253,18,1,0
BRDA:254,19,0,0
BRDA:254,19,1,0
BRDA:258,20,0,0
BRDA:258,20,1,0
BRDA:259,21,0,0
BRDA:259,21,1,0
BRDA:273,22,0,0
BRDA:273,22,1,0
BRDA:273,23,0,0
BRDA:273,23,1,0
BRDA:277,24,0,0
BRDA:277,24,1,0
BRDA:293,25,0,0
BRDA:293,25,1,0
BRDA:307,26,0,0
BRDA:307,26,1,0
BRDA:308,27,0,0
BRDA:308,27,1,0
BRDA:312,28,0,0
BRDA:312,28,1,0
BRDA:313,29,0,0
BRDA:313,29,1,0
BRDA:336,30,0,0
BRDA:336,30,1,0
BRDA:337,31,0,0
BRDA:337,31,1,0
BRDA:337,31,2,0
BRDA:337,31,3,0
BRDA:337,31,4,0
BRDA:337,31,5,0
BRDA:337,31,6,0
BRDA:337,31,7,0
BRDA:349,32,0,0
BRDA:349,32,1,0
BRDA:350,33,0,0
BRDA:350,33,1,0
BRDA:350,33,2,0
BRDA:350,33,3,0
BRDA:350,33,4,0
BRDA:359,34,0,0
BRDA:359,34,1,0
BRDA:359,35,0,0
BRDA:359,35,1,0
BRDA:363,36,0,0
BRDA:363,36,1,0
BRDA:364,37,0,0
BRDA:364,37,1,0
BRDA:364,37,2,0
BRDA:367,38,0,0
BRDA:367,38,1,0
BRDA:374,39,0,0
BRDA:374,39,1,0
BRDA:383,40,0,0
BRDA:383,40,1,0
BRDA:384,41,0,0
BRDA:384,41,1,0
BRDA:386,42,0,0
BRDA:386,42,1,0
BRDA:396,43,0,0
BRDA:396,43,1,0
BRDA:400,44,0,0
BRDA:400,44,1,0
BRDA:416,45,0,0
BRDA:416,45,1,0
BRDA:424,46,0,0
BRDA:424,46,1,0
BRDA:464,47,0,0
BRDA:464,47,1,0
BRDA:470,48,0,0
BRDA:470,48,1,0
BRDA:482,49,0,0
BRDA:482,49,1,0
BRDA:482,50,0,0
BRDA:482,50,1,0
BRDA:486,51,0,0
BRDA:486,51,1,0
BRDA:486,52,0,0
BRDA:486,52,1,0
BRDA:494,53,0,0
BRDA:494,53,1,0
BRDA:503,54,0,0
BRDA:503,54,1,0
BRDA:533,55,0,0
BRDA:533,55,1,0
BRDA:556,56,0,0
BRDA:556,56,1,0
BRDA:556,57,0,0
BRDA:556,57,1,0
BRDA:560,58,0,0
BRDA:560,58,1,0
BRDA:563,59,0,0
BRDA:563,59,1,0
BRDA:566,60,0,0
BRDA:566,60,1,0
BRDA:575,61,0,0
BRDA:575,61,1,0
BRDA:576,62,0,0
BRDA:576,62,1,0
BRDA:576,62,2,0
BRDA:582,63,0,0
BRDA:582,63,1,0
BRDA:583,64,0,0
BRDA:583,64,1,0
BRDA:583,65,0,0
BRDA:583,65,1,0
BRDA:587,66,0,0
BRDA:587,66,1,0
BRDA:589,67,0,0
BRDA:589,67,1,0
BRDA:597,68,0,0
BRDA:597,68,1,0
BRDA:607,69,0,0
BRDA:607,69,1,0
BRDA:621,70,0,0
BRDA:621,70,1,0
BRDA:628,71,0,0
BRDA:628,71,1,0
BRDA:640,72,0,0
BRDA:640,72,1,0
BRDA:640,73,0,0
BRDA:640,73,1,0
BRDA:644,74,0,0
BRDA:644,74,1,0
BRDA:650,75,0,0
BRDA:650,75,1,0
BRDA:659,76,0,0
BRDA:659,76,1,0
BRDA:667,77,0,0
BRDA:667,77,1,0
BRDA:667,78,0,0
BRDA:667,78,1,0
BRDA:671,79,0,0
BRDA:671,79,1,0
BRDA:677,80,0,0
BRDA:677,80,1,0
BRDA:692,81,0,0
BRDA:692,81,1,0
BRDA:704,82,0,0
BRDA:704,82,1,0
BRF:177
BRH:0
end_of_record
TN:
SF:src\modules\users\application\perfil\PerfilBase.ts
FN:4,(anonymous_0)
FN:6,(anonymous_1)
FNF:2
FNH:0
FNDA:0,(anonymous_0)
FNDA:0,(anonymous_1)
DA:3,0
DA:4,0
DA:7,0
LF:3
LH:0
BRF:0
BRH:0
end_of_record
TN:
SF:src\modules\users\application\perfil\PerfilConEstadisticas.ts
FN:9,(anonymous_0)
FN:16,(anonymous_1)
FNF:2
FNH:0
FNDA:0,(anonymous_0)
FNDA:0,(anonymous_1)
DA:6,0
DA:8,0
DA:11,0
DA:13,0
DA:17,0
LF:5
LH:0
BRF:0
BRH:0
end_of_record
TN:
SF:src\modules\users\application\perfil\PerfilConInsignias.ts
FN:9,(anonymous_0)
FN:16,(anonymous_1)
FNF:2
FNH:0
FNDA:0,(anonymous_0)
FNDA:0,(anonymous_1)
DA:6,0
DA:8,0
DA:11,0
DA:13,0
DA:17,0
LF:5
LH:0
BRF:0
BRH:0
end_of_record
TN:
SF:src\modules\users\application\perfil\PerfilDecorator.ts
FN:4,(anonymous_0)
FN:6,(anonymous_1)
FNF:2
FNH:0
FNDA:0,(anonymous_0)
FNDA:0,(anonymous_1)
DA:3,0
DA:4,0
DA:7,0
LF:3
LH:0
BRF:0
BRH:0
end_of_record
TN:
SF:src\modules\users\domain\IPerfilEstudiante.ts
FN:38,calcularInsignias
FNF:1
FNH:0
FNDA:0,calcularInsignias
DA:38,0
DA:39,0
DA:40,0
DA:41,0
DA:42,0
DA:43,0
DA:44,0
DA:45,0
LF:8
LH:0
BRDA:40,0,0,0
BRDA:40,0,1,0
BRDA:41,1,0,0
BRDA:41,1,1,0
BRDA:42,2,0,0
BRDA:42,2,1,0
BRDA:43,3,0,0
BRDA:43,3,1,0
BRDA:43,4,0,0
BRDA:43,4,1,0
BRDA:43,4,2,0
BRF:11
BRH:0
end_of_record
TN:
SF:src\modules\users\infrastructure\auth0-identity.service.ts
FN:10,(anonymous_0)
FNF:1
FNH:0
FNDA:0,(anonymous_0)
DA:5,0
DA:7,0
DA:14,0
DA:15,0
DA:21,0
DA:22,0
DA:24,0
DA:25,0
DA:28,0
DA:30,0
DA:32,0
LF:11
LH:0
BRDA:14,0,0,0
BRDA:14,0,1,0
BRDA:28,1,0,0
BRDA:28,1,1,0
BRDA:30,2,0,0
BRDA:30,2,1,0
BRF:6
BRH:0
end_of_record
TN:
SF:src\modules\users\infrastructure\bcrypt-password.service.ts
FN:6,(anonymous_1)
FN:10,(anonymous_2)
FNF:2
FNH:0
FNDA:0,(anonymous_1)
FNDA:0,(anonymous_2)
DA:1,0
DA:5,0
DA:7,0
DA:11,0
LF:4
LH:0
BRF:0
BRH:0
end_of_record
TN:
SF:src\modules\users\infrastructure\jwt-token.service.ts
FN:7,(anonymous_1)
FN:17,(anonymous_2)
FNF:2
FNH:0
FNDA:0,(anonymous_1)
FNDA:0,(anonymous_2)
DA:1,0
DA:6,0
DA:8,0
DA:9,0
DA:12,0
DA:18,0
DA:19,0
LF:7
LH:0
BRDA:8,0,0,0
BRDA:8,0,1,0
BRDA:13,1,0,0
BRDA:13,1,1,0
BRDA:19,2,0,0
BRDA:19,2,1,0
BRF:6
BRH:0
end_of_record
TN:
SF:src\modules\users\infrastructure\prisma-contact.repository.ts
FN:11,(anonymous_0)
FN:18,(anonymous_1)
FN:25,(anonymous_2)
FN:29,(anonymous_3)
FN:33,(anonymous_4)
FN:39,(anonymous_5)
FN:46,(anonymous_6)
FNF:7
FNH:0
FNDA:0,(anonymous_0)
FNDA:0,(anonymous_1)
FNDA:0,(anonymous_2)
FNDA:0,(anonymous_3)
FNDA:0,(anonymous_4)
FNDA:0,(anonymous_5)
FNDA:0,(anonymous_6)
DA:8,0
DA:10,0
DA:15,0
DA:22,0
DA:26,0
DA:30,0
DA:36,0
DA:43,0
DA:50,0
LF:9
LH:0
BRF:0
BRH:0
end_of_record
TN:
SF:src\modules\users\infrastructure\prisma-estadisticas.repository.ts
FN:12,(anonymous_1)
FNF:1
FNH:0
FNDA:0,(anonymous_1)
DA:1,0
DA:4,0
DA:11,0
DA:13,0
DA:20,0
LF:5
LH:0
BRF:0
BRH:0
end_of_record
TN:
SF:src\modules\users\infrastructure\prisma-user.repository.ts
FN:11,(anonymous_0)
FN:19,(anonymous_1)
FN:24,(anonymous_2)
FN:62,(anonymous_3)
FN:67,(anonymous_4)
FN:71,(anonymous_5)
FN:75,(anonymous_6)
FN:87,(anonymous_7)
FN:91,(anonymous_8)
FN:119,(anonymous_9)
FN:123,(anonymous_10)
FNF:11
FNH:0
FNDA:0,(anonymous_0)
FNDA:0,(anonymous_1)
FNDA:0,(anonymous_2)
FNDA:0,(anonymous_3)
FNDA:0,(anonymous_4)
FNDA:0,(anonymous_5)
FNDA:0,(anonymous_6)
FNDA:0,(anonymous_7)
FNDA:0,(anonymous_8)
FNDA:0,(anonymous_9)
FNDA:0,(anonymous_10)
DA:8,0
DA:10,0
DA:12,0
DA:13,0
DA:20,0
DA:21,0
DA:25,0
DA:27,0
DA:28,0
DA:31,0
DA:33,0
DA:63,0
DA:64,0
DA:68,0
DA:72,0
DA:80,0
DA:88,0
DA:92,0
DA:93,0
DA:95,0
DA:120,0
DA:124,0
DA:125,0
LF:23
LH:0
BRDA:21,0,0,0
BRDA:21,0,1,0
BRDA:27,1,0,0
BRDA:27,1,1,0
BRDA:40,2,0,0
BRDA:40,2,1,0
BRDA:43,3,0,0
BRDA:43,3,1,0
BRDA:47,4,0,0
BRDA:47,4,1,0
BRDA:51,5,0,0
BRDA:51,5,1,0
BRDA:55,6,0,0
BRDA:55,6,1,0
BRDA:64,7,0,0
BRDA:64,7,1,0
BRDA:102,8,0,0
BRDA:102,8,1,0
BRDA:105,9,0,0
BRDA:105,9,1,0
BRDA:109,10,0,0
BRDA:109,10,1,0
BRDA:113,11,0,0
BRDA:113,11,1,0
BRDA:125,12,0,0
BRDA:125,12,1,0
BRF:26
BRH:0
end_of_record
TN:
SF:src\modules\users\infrastructure\token-blacklist.service.ts
FN:5,(anonymous_0)
FNF:1
FNH:0
FNDA:0,(anonymous_0)
DA:2,0
DA:4,0
DA:6,0
LF:3
LH:0
BRF:0
BRH:0
end_of_record
TN:
SF:src\modules\users\interfaces\http\usuario.controller.ts
FN:7,(anonymous_0)
FN:25,(anonymous_1)
FN:46,(anonymous_2)
FN:68,(anonymous_3)
FN:83,(anonymous_4)
FN:101,(anonymous_5)
FN:119,(anonymous_6)
FN:137,(anonymous_7)
FN:152,(anonymous_8)
FN:165,(anonymous_9)
FN:179,(anonymous_10)
FN:197,(anonymous_11)
FN:211,(anonymous_12)
FN:228,(anonymous_13)
FN:242,(anonymous_14)
FN:252,(anonymous_15)
FNF:16
FNH:0
FNDA:0,(anonymous_0)
FNDA:0,(anonymous_1)
FNDA:0,(anonymous_2)
FNDA:0,(anonymous_3)
FNDA:0,(anonymous_4)
FNDA:0,(anonymous_5)
FNDA:0,(anonymous_6)
FNDA:0,(anonymous_7)
FNDA:0,(anonymous_8)
FNDA:0,(anonymous_9)
FNDA:0,(anonymous_10)
FNDA:0,(anonymous_11)
FNDA:0,(anonymous_12)
FNDA:0,(anonymous_13)
FNDA:0,(anonymous_14)
FNDA:0,(anonymous_15)
DA:3,0
DA:4,0
DA:6,0
DA:8,0
DA:9,0
DA:11,0
DA:16,0
DA:26,0
DA:27,0
DA:32,0
DA:37,0
DA:47,0
DA:48,0
DA:53,0
DA:59,0
DA:69,0
DA:70,0
DA:72,0
DA:77,0
DA:78,0
DA:84,0
DA:85,0
DA:87,0
DA:92,0
DA:102,0
DA:103,0
DA:108,0
DA:114,0
DA:120,0
DA:121,0
DA:126,0
DA:132,0
DA:138,0
DA:139,0
DA:141,0
DA:147,0
DA:153,0
DA:154,0
DA:155,0
DA:160,0
DA:166,0
DA:167,0
DA:169,0
DA:174,0
DA:180,0
DA:181,0
DA:186,0
DA:192,0
DA:198,0
DA:199,0
DA:201,0
DA:206,0
DA:212,0
DA:213,0
DA:219,0
DA:225,0
DA:229,0
DA:230,0
DA:231,0
DA:232,0
DA:235,0
DA:236,0
DA:238,0
DA:243,0
DA:244,0
DA:245,0
DA:247,0
DA:253,0
DA:254,0
DA:255,0
DA:260,0
LF:71
LH:0
BRDA:77,0,0,0
BRDA:77,0,1,0
BRDA:230,1,0,0
BRDA:230,1,1,0
BRF:4
BRH:0
end_of_record
TN:
SF:src\modules\users\interfaces\http\usuario.routes.ts
FNF:0
FNH:0
DA:1,0
DA:3,0
DA:4,0
DA:5,0
DA:7,0
DA:33,0
DA:68,0
DA:89,0
DA:128,0
DA:129,0
DA:143,0
DA:162,0
DA:181,0
DA:182,0
DA:205,0
DA:219,0
DA:242,0
DA:265,0
DA:288,0
DA:305,0
DA:324,0
DA:341,0
DA:343,0
LF:23
LH:0
BRF:0
BRH:0
end_of_record
TN:
SF:src\shared\application-error.ts
FN:2,(anonymous_0)
FNF:1
FNH:0
FNDA:0,(anonymous_0)
DA:1,0
DA:3,0
DA:6,0
DA:7,0
LF:4
LH:0
BRF:0
BRH:0
end_of_record
TN:
SF:src\shared\controller-error.ts
FN:5,handleControllerError
FNF:1
FNH:0
FNDA:0,handleControllerError
DA:3,0
DA:5,0
DA:11,0
DA:12,0
DA:18,0
DA:23,0
DA:24,0
DA:25,0
DA:26,0
DA:27,0
DA:28,0
DA:33,0
LF:12
LH:0
BRDA:9,0,0,0
BRDA:11,1,0,0
BRDA:11,1,1,0
BRDA:23,2,0,0
BRDA:23,2,1,0
BRDA:24,3,0,0
BRDA:24,3,1,0
BRDA:25,4,0,0
BRDA:25,4,1,0
BRDA:28,5,0,0
BRDA:28,5,1,0
BRF:11
BRH:0
end_of_record
TN:
SF:src\shared\mongo-id.ts
FN:1,isValidMongoId
FNF:1
FNH:0
FNDA:0,isValidMongoId
DA:1,0
DA:2,0
LF:2
LH:0
BRF:0
BRH:0
end_of_record
TN:
SF:src\shared\eventos-observer\EventoPublicador.ts
FN:8,(anonymous_0)
FN:10,(anonymous_1)
FN:17,(anonymous_2)
FN:24,(anonymous_3)
FN:28,(anonymous_4)
FN:29,(anonymous_5)
FN:38,(anonymous_6)
FN:48,(anonymous_7)
FNF:8
FNH:0
FNDA:0,(anonymous_0)
FNDA:0,(anonymous_1)
FNDA:0,(anonymous_2)
FNDA:0,(anonymous_3)
FNDA:0,(anonymous_4)
FNDA:0,(anonymous_5)
FNDA:0,(anonymous_6)
FNDA:0,(anonymous_7)
DA:4,0
DA:6,0
DA:11,0
DA:12,0
DA:14,0
DA:18,0
DA:19,0
DA:21,0
DA:25,0
DA:29,0
DA:30,0
DA:31,0
DA:33,0
DA:39,0
DA:40,0
DA:41,0
DA:42,0
DA:45,0
DA:49,0
LF:19
LH:0
BRDA:11,0,0,0
BRDA:11,0,1,0
BRDA:18,1,0,0
BRDA:18,1,1,0
BRDA:41,2,0,0
BRDA:41,2,1,0
BRDA:49,3,0,0
BRDA:49,3,1,0
BRF:8
BRH:0
end_of_record
TN:
SF:src\shared\eventos-observer\SocketEventoObserver.ts
FN:6,(anonymous_0)
FN:8,(anonymous_1)
FN:12,(anonymous_2)
FNF:3
FNH:0
FNDA:0,(anonymous_0)
FNDA:0,(anonymous_1)
FNDA:0,(anonymous_2)
DA:2,0
DA:5,0
DA:6,0
DA:9,0
DA:13,0
LF:5
LH:0
BRF:0
BRH:0
end_of_record
TN:
SF:src\shared\eventos-observer\index.ts
FN:1,(anonymous_0)
FN:2,(anonymous_1)
FN:3,(anonymous_2)
FNF:3
FNH:0
FNDA:0,(anonymous_0)
FNDA:0,(anonymous_1)
FNDA:0,(anonymous_2)
DA:1,0
DA:2,0
DA:3,0
LF:3
LH:0
BRF:0
BRH:0
end_of_record
TN:
SF:src\shared\moderation\content-moderation.ts
FN:3,normalizeModerationText
FN:7,findModerationViolation
FN:14,(anonymous_2)
FNF:3
FNH:0
FNDA:0,normalizeModerationText
FNDA:0,findModerationViolation
FNDA:0,(anonymous_2)
DA:1,0
DA:3,0
DA:4,0
DA:7,0
DA:8,0
DA:10,0
DA:11,0
DA:14,0
DA:16,0
DA:17,0
DA:20,0
LF:11
LH:0
BRDA:10,0,0,0
BRDA:10,0,1,0
BRDA:16,1,0,0
BRDA:16,1,1,0
BRF:4
BRH:0
end_of_record
TN:
SF:src\shared\notificacion\INotificacion.ts
FN:15,(anonymous_0)
FN:21,(anonymous_1)
FN:25,(anonymous_2)
FN:29,(anonymous_3)
FN:33,(anonymous_4)
FNF:5
FNH:0
FNDA:0,(anonymous_0)
FNDA:0,(anonymous_1)
FNDA:0,(anonymous_2)
FNDA:0,(anonymous_3)
FNDA:0,(anonymous_4)
DA:14,0
DA:16,0
DA:17,0
DA:18,0
DA:22,0
DA:26,0
DA:30,0
DA:34,0
LF:8
LH:0
BRDA:18,0,0,0
BRF:1
BRH:0
end_of_record
TN:
SF:src\shared\notificacion\NotificacionConAccion.ts
FN:14,(anonymous_0)
FN:21,(anonymous_1)
FNF:2
FNH:0
FNDA:0,(anonymous_0)
FNDA:0,(anonymous_1)
DA:2,0
DA:13,0
DA:16,0
DA:18,0
DA:22,0
LF:5
LH:0
BRF:0
BRH:0
end_of_record
TN:
SF:src\shared\notificacion\NotificacionConEncuesta.ts
FN:18,(anonymous_0)
FN:25,(anonymous_1)
FNF:2
FNH:0
FNDA:0,(anonymous_0)
FNDA:0,(anonymous_1)
DA:2,0
DA:17,0
DA:20,0
DA:22,0
DA:26,0
LF:5
LH:0
BRF:0
BRH:0
end_of_record
TN:
SF:src\shared\notificacion\NotificacionConPrioridad.ts
FN:11,(anonymous_0)
FN:18,(anonymous_1)
FNF:2
FNH:0
FNDA:0,(anonymous_0)
FNDA:0,(anonymous_1)
DA:2,0
DA:10,0
DA:13,0
DA:15,0
DA:19,0
LF:5
LH:0
BRF:0
BRH:0
end_of_record
TN:
SF:src\shared\notificacion\NotificacionDecorator.ts
FN:4,(anonymous_0)
FN:6,(anonymous_1)
FN:10,(anonymous_2)
FN:14,(anonymous_3)
FN:18,(anonymous_4)
FNF:5
FNH:0
FNDA:0,(anonymous_0)
FNDA:0,(anonymous_1)
FNDA:0,(anonymous_2)
FNDA:0,(anonymous_3)
FNDA:0,(anonymous_4)
DA:3,0
DA:4,0
DA:7,0
DA:11,0
DA:15,0
DA:19,0
LF:6
LH:0
BRF:0
BRH:0
end_of_record
TN:
SF:src\shared\notificacion\index.ts
FN:1,(anonymous_0)
FN:1,(anonymous_1)
FN:3,(anonymous_2)
FN:4,(anonymous_3)
FN:6,(anonymous_4)
FN:8,(anonymous_5)
FNF:6
FNH:0
FNDA:0,(anonymous_0)
FNDA:0,(anonymous_1)
FNDA:0,(anonymous_2)
FNDA:0,(anonymous_3)
FNDA:0,(anonymous_4)
FNDA:0,(anonymous_5)
DA:1,0
DA:3,0
DA:4,0
DA:6,0
DA:8,0
LF:5
LH:0
BRF:0
BRH:0
end_of_record
TN:
SF:src\utils\open-graph.util.ts
FN:15,getDomain
FN:24,detectResourceType
FN:36,getDrivePreview
FN:43,getCloudFallback
FN:80,extractOpenGraph
FN:142,findUrlsInText
FNF:6
FNH:0
FNDA:0,getDomain
FNDA:0,detectResourceType
FNDA:0,getDrivePreview
FNDA:0,getCloudFallback
FNDA:0,extractOpenGraph
FNDA:0,findUrlsInText
DA:1,0
DA:15,0
DA:16,0
DA:17,0
DA:19,0
DA:24,0
DA:25,0
DA:26,0
DA:27,0
DA:28,0
DA:29,0
DA:30,0
DA:31,0
DA:32,0
DA:37,0
DA:38,0
DA:39,0
DA:44,0
DA:46,0
DA:47,0
DA:54,0
DA:55,0
DA:61,0
DA:62,0
DA:68,0
DA:70,0
DA:71,0
DA:77,0
DA:80,0
DA:81,0
DA:82,0
DA:83,0
DA:85,0
DA:86,0
DA:96,0
DA:98,0
DA:99,0
DA:100,0
DA:101,0
DA:105,0
DA:107,0
DA:120,0
DA:124,0
DA:125,0
DA:135,0
DA:142,0
DA:143,0
DA:144,0
LF:48
LH:0
BRDA:26,0,0,0
BRDA:26,0,1,0
BRDA:27,1,0,0
BRDA:27,1,1,0
BRDA:27,2,0,0
BRDA:27,2,1,0
BRDA:28,3,0,0
BRDA:28,3,1,0
BRDA:29,4,0,0
BRDA:29,4,1,0
BRDA:30,5,0,0
BRDA:30,5,1,0
BRDA:31,6,0,0
BRDA:31,6,1,0
BRDA:37,7,0,0
BRDA:37,7,1,0
BRDA:38,8,0,0
BRDA:38,8,1,0
BRDA:46,9,0,0
BRDA:46,9,1,0
BRDA:54,10,0,0
BRDA:54,10,1,0
BRDA:61,11,0,0
BRDA:61,11,1,0
BRDA:61,12,0,0
BRDA:61,12,1,0
BRDA:68,13,0,0
BRDA:68,13,1,0
BRDA:73,14,0,0
BRDA:73,14,1,0
BRDA:96,15,0,0
BRDA:96,15,1,0
BRDA:96,16,0,0
BRDA:96,16,1,0
BRDA:98,17,0,0
BRDA:98,17,1,0
BRDA:98,18,0,0
BRDA:98,18,1,0
BRDA:100,19,0,0
BRDA:100,19,1,0
BRDA:100,20,0,0
BRDA:100,20,1,0
BRDA:105,21,0,0
BRDA:105,21,1,0
BRDA:105,22,0,0
BRDA:105,22,1,0
BRDA:108,23,0,0
BRDA:108,23,1,0
BRDA:109,24,0,0
BRDA:109,24,1,0
BRDA:111,25,0,0
BRDA:111,25,1,0
BRDA:112,26,0,0
BRDA:112,26,1,0
BRDA:112,26,2,0
BRDA:115,27,0,0
BRDA:115,27,1,0
BRDA:124,28,0,0
BRDA:124,28,1,0
BRDA:127,29,0,0
BRDA:127,29,1,0
BRDA:130,30,0,0
BRDA:130,30,1,0
BRDA:144,31,0,0
BRDA:144,31,1,0
BRF:65
BRH:0
end_of_record
TN:
SF:src\utils\registro.util.ts
FN:12,(anonymous_1)
FN:18,createAuth0KeyResolver
FN:25,(anonymous_3)
FN:30,(anonymous_4)
FN:40,esCorreoInstitucional
FN:46,(anonymous_6)
FN:52,(anonymous_7)
FN:57,(anonymous_8)
FN:86,validarCorreoConGoogle
FNF:9
FNH:0
FNDA:0,(anonymous_1)
FNDA:0,createAuth0KeyResolver
FNDA:0,(anonymous_3)
FNDA:0,(anonymous_4)
FNDA:0,esCorreoInstitucional
FNDA:0,(anonymous_6)
FNDA:0,(anonymous_7)
FNDA:0,(anonymous_8)
FNDA:0,validarCorreoConGoogle
DA:1,0
DA:2,0
DA:4,0
DA:6,0
DA:8,0
DA:12,0
DA:16,0
DA:19,0
DA:21,0
DA:25,0
DA:26,0
DA:27,0
DA:30,0
DA:31,0
DA:32,0
DA:34,0
DA:35,0
DA:40,0
DA:41,0
DA:42,0
DA:43,0
DA:46,0
DA:50,0
DA:52,0
DA:53,0
DA:58,0
DA:59,0
DA:62,0
DA:63,0
DA:65,0
DA:66,0
DA:73,0
DA:74,0
DA:77,0
DA:86,0
DA:87,0
DA:88,0
DA:89,0
DA:90,0
DA:92,0
DA:99,0
DA:100,0
DA:103,0
DA:108,0
DA:110,0
DA:111,0
DA:114,0
DA:115,0
DA:117,0
DA:118,0
DA:123,0
DA:124,0
DA:127,0
LF:53
LH:0
BRDA:9,0,0,0
BRDA:9,0,1,0
BRDA:16,1,0,0
BRDA:16,1,1,0
BRDA:26,2,0,0
BRDA:26,2,1,0
BRDA:31,3,0,0
BRDA:31,3,1,0
BRDA:42,4,0,0
BRDA:42,4,1,0
BRDA:58,5,0,0
BRDA:58,5,1,0
BRDA:65,6,0,0
BRDA:65,6,1,0
BRDA:73,7,0,0
BRDA:73,7,1,0
BRDA:99,8,0,0
BRDA:99,8,1,0
BRDA:110,9,0,0
BRDA:110,9,1,0
BRDA:110,10,0,0
BRDA:110,10,1,0
BRDA:110,10,2,0
BRDA:117,11,0,0
BRDA:117,11,1,0
BRDA:123,12,0,0
BRDA:123,12,1,0
BRF:27
BRH:0
end_of_record
